2024-05-05 23:27:01,659 [INFO] Activator:176 - 


2024-05-05 23:27:01,662 [INFO] Activator:177 - !SESSION log4j initialized
2024-05-05 23:27:03,887 [INFO] LogOutputStream:77 - [STDOUT_REDIRECT] 
2024-05-05 23:27:05,527 [INFO] ApplicationProperties:184 - Using Application install path: C:\ST\STM32CubeIDE_1.15.1\STM32CubeIDE\plugins\com.st.stm32cube.common.mx_6.11.1.202404110753
2024-05-05 23:27:05,544 [INFO] DbMcusXml:78 - Set database path to: C:\ST\STM32CubeIDE_1.15.1\STM32CubeIDE\plugins\com.st.stm32cube.common.mx_6.11.1.202404110753\\db\/mcu/
2024-05-05 23:27:05,544 [INFO] ApiDb:274 - Set plugin database path to: C:\ST\STM32CubeIDE_1.15.1\STM32CubeIDE\plugins\com.st.stm32cube.common.mx_6.11.1.202404110753\\db\/plugins/boardmanager/
2024-05-05 23:27:05,545 [WARN] ApiDb:259 - Overriding images path with different value:  => C:\ST\STM32CubeIDE_1.15.1\STM32CubeIDE\plugins\com.st.stm32cube.common.mx_6.11.1.202404110753\\db\/plugins/mcufinder/images/
2024-05-05 23:27:05,550 [INFO] ApiDb:250 - Set database path to: C:\Users\Shikhar Chaurasia\.stmcufinder\plugins\mcufinder//mcu/
2024-05-05 23:27:05,551 [INFO] DbMcusAds:125 - Set database path to: C:\Users\Shikhar Chaurasia\.stmcufinder\plugins\mcufinder//mcu/
2024-05-05 23:27:05,553 [INFO] CrossReferenceDbSqlite:203 - Set database path to: C:\Users\Shikhar Chaurasia\.stmcufinder\plugins\mcufinder//mcu/cs/
2024-05-05 23:27:05,671 [INFO] RulesReader:64 - Compatibility file has been processed (297 Rules)
2024-05-05 23:27:05,750 [INFO] DbMcusXml:78 - Set database path to: C:\ST\STM32CubeIDE_1.15.1\STM32CubeIDE\plugins\com.st.stm32cube.common.mx_6.11.1.202404110753\\db\/mcu/
2024-05-05 23:27:05,752 [INFO] ApiDb:274 - Set plugin database path to: C:\ST\STM32CubeIDE_1.15.1\STM32CubeIDE\plugins\com.st.stm32cube.common.mx_6.11.1.202404110753\\db\/plugins/boardmanager/
2024-05-05 23:27:05,752 [INFO] ApiDb:261 - Set plugin images path to: C:\ST\STM32CubeIDE_1.15.1\STM32CubeIDE\plugins\com.st.stm32cube.common.mx_6.11.1.202404110753\\db\/plugins/mcufinder/images/
2024-05-05 23:27:05,752 [WARN] DbFile:41 - Overriding database path with different value: C:\Users\Shikhar Chaurasia\.stmcufinder\plugins\mcufinder/ => C:\Users\Shikhar Chaurasia\.stmcufinder\plugins\mcufinder
2024-05-05 23:27:05,752 [INFO] ApiDb:250 - Set database path to: C:\Users\Shikhar Chaurasia\.stmcufinder\plugins\mcufinder//mcu/
2024-05-05 23:27:05,752 [WARN] DbFile:41 - Overriding database path with different value: C:\Users\Shikhar Chaurasia\.stmcufinder\plugins\mcufinder/ => C:\Users\Shikhar Chaurasia\.stmcufinder\plugins\mcufinder
2024-05-05 23:27:05,752 [INFO] DbMcusAds:125 - Set database path to: C:\Users\Shikhar Chaurasia\.stmcufinder\plugins\mcufinder//mcu/
2024-05-05 23:27:05,752 [WARN] DbFile:41 - Overriding database path with different value: C:\Users\Shikhar Chaurasia\.stmcufinder\plugins\mcufinder/ => C:\Users\Shikhar Chaurasia\.stmcufinder\plugins\mcufinder
2024-05-05 23:27:05,752 [WARN] DbFile:41 - Overriding database path with different value: C:\Users\Shikhar Chaurasia\.stmcufinder\plugins\mcufinder/ => C:\Users\Shikhar Chaurasia\.stmcufinder\plugins\mcufinder
2024-05-05 23:27:05,752 [INFO] CrossReferenceDbSqlite:203 - Set database path to: C:\Users\Shikhar Chaurasia\.stmcufinder\plugins\mcufinder//mcu/cs/
2024-05-05 23:27:05,818 [INFO] MainPanel:264 - HeapMemory: 268435456
2024-05-05 23:27:05,915 [INFO] DbMcusXml:78 - Set database path to: C:\ST\STM32CubeIDE_1.15.1\STM32CubeIDE\plugins\com.st.stm32cube.common.mx_6.11.1.202404110753\\db\/mcu/
2024-05-05 23:27:05,916 [INFO] ApiDb:274 - Set plugin database path to: C:\ST\STM32CubeIDE_1.15.1\STM32CubeIDE\plugins\com.st.stm32cube.common.mx_6.11.1.202404110753\\db\/plugins/boardmanager/
2024-05-05 23:27:05,916 [INFO] ApiDb:261 - Set plugin images path to: C:\ST\STM32CubeIDE_1.15.1\STM32CubeIDE\plugins\com.st.stm32cube.common.mx_6.11.1.202404110753\\db\/plugins/mcufinder/images/
2024-05-05 23:27:05,916 [WARN] DbFile:41 - Overriding database path with different value: C:\Users\Shikhar Chaurasia\.stmcufinder\plugins\mcufinder/ => C:\Users\Shikhar Chaurasia\.stmcufinder\plugins\mcufinder
2024-05-05 23:27:05,916 [INFO] ApiDb:250 - Set database path to: C:\Users\Shikhar Chaurasia\.stmcufinder\plugins\mcufinder//mcu/
2024-05-05 23:27:05,916 [WARN] DbFile:41 - Overriding database path with different value: C:\Users\Shikhar Chaurasia\.stmcufinder\plugins\mcufinder/ => C:\Users\Shikhar Chaurasia\.stmcufinder\plugins\mcufinder
2024-05-05 23:27:05,917 [INFO] DbMcusAds:125 - Set database path to: C:\Users\Shikhar Chaurasia\.stmcufinder\plugins\mcufinder//mcu/
2024-05-05 23:27:05,917 [WARN] DbFile:41 - Overriding database path with different value: C:\Users\Shikhar Chaurasia\.stmcufinder\plugins\mcufinder/ => C:\Users\Shikhar Chaurasia\.stmcufinder\plugins\mcufinder
2024-05-05 23:27:05,917 [WARN] DbFile:41 - Overriding database path with different value: C:\Users\Shikhar Chaurasia\.stmcufinder\plugins\mcufinder/ => C:\Users\Shikhar Chaurasia\.stmcufinder\plugins\mcufinder
2024-05-05 23:27:05,917 [INFO] CrossReferenceDbSqlite:203 - Set database path to: C:\Users\Shikhar Chaurasia\.stmcufinder\plugins\mcufinder//mcu/cs/
2024-05-05 23:27:05,936 [INFO] ApplicationProperties:184 - Using Application install path: C:\ST\STM32CubeIDE_1.15.1\STM32CubeIDE\plugins\com.st.stm32cube.common.mx_6.11.1.202404110753
2024-05-05 23:27:05,937 [INFO] PluginManage:196 - Search for loadable plugins [exclusion list=, ]
2024-05-05 23:27:05,938 [INFO] PluginManage:310 - Check plugin analytics
2024-05-05 23:27:06,120 [INFO] AnalyticsPlugin:253 - Accepted Software Licenses: 
2024-05-05 23:27:06,120 [INFO] AnalyticsPlugin:255 - Accepted CMSIS Pack Licenses: 
2024-05-05 23:27:06,120 [INFO] AnalyticsPlugin:257 - Accepted Firmware Licenses: 
2024-05-05 23:27:06,123 [INFO] PluginManage:359 - Loaded plugin analytics (category:tool,tabindex:-1)
2024-05-05 23:27:06,123 [INFO] PluginManage:310 - Check plugin cadmodel
2024-05-05 23:27:06,126 [INFO] CADModel:105 - Init CAD model plugin
2024-05-05 23:27:06,126 [INFO] PluginManage:359 - Loaded plugin cadmodel (category:power,tabindex:5)
2024-05-05 23:27:06,126 [INFO] PluginManage:310 - Check plugin clock
2024-05-05 23:27:06,136 [INFO] PluginManage:359 - Loaded plugin clock (category:base,tabindex:2)
2024-05-05 23:27:06,136 [INFO] PluginManage:310 - Check plugin ddr
2024-05-05 23:27:06,139 [INFO] PluginManage:359 - Loaded plugin ddr (category:tool,tabindex:6)
2024-05-05 23:27:06,139 [INFO] PluginManage:310 - Check plugin filemanager
2024-05-05 23:27:06,266 [INFO] PluginManage:359 - Loaded plugin filemanager (category:base,tabindex:10)
2024-05-05 23:27:06,266 [INFO] PluginManage:310 - Check plugin ipmanager
2024-05-05 23:27:06,271 [INFO] PluginManage:359 - Loaded plugin ipmanager (category:base,tabindex:5)
2024-05-05 23:27:06,272 [INFO] PluginManage:310 - Check plugin lpbam
2024-05-05 23:27:06,278 [INFO] PluginManage:359 - Loaded plugin lpbam (category:base,tabindex:0)
2024-05-05 23:27:06,278 [INFO] PluginManage:310 - Check plugin memorymap
2024-05-05 23:27:06,288 [INFO] PluginManage:359 - Loaded plugin memorymap (category:base,tabindex:4)
2024-05-05 23:27:06,288 [INFO] PluginManage:310 - Check plugin pinoutandconfiguration
2024-05-05 23:27:06,294 [INFO] PluginManage:359 - Loaded plugin pinoutandconfiguration (category:base,tabindex:1)
2024-05-05 23:27:06,294 [INFO] PluginManage:310 - Check plugin pinoutconfig
2024-05-05 23:27:06,389 [WARN] SupportedApi:132 - Cannot load RTOS API schema: s4s-elt-must-match.1: The content of 'definitions' must match (annotation?, (simpleType | complexType)?, (unique | key | keyref)*)). A problem was found starting at: attribute.
2024-05-05 23:27:06,519 [INFO] PluginManage:359 - Loaded plugin pinoutconfig (category:base,tabindex:0)
2024-05-05 23:27:06,519 [INFO] PluginManage:310 - Check plugin power
2024-05-05 23:27:06,526 [INFO] PluginManage:359 - Loaded plugin power (category:power,tabindex:4)
2024-05-05 23:27:06,526 [INFO] PluginManage:310 - Check plugin projectmanager
2024-05-05 23:27:06,542 [INFO] PluginManage:359 - Loaded plugin projectmanager (category:projectmanager,tabindex:3)
2024-05-05 23:27:06,542 [INFO] PluginManage:310 - Check plugin thirdparty
2024-05-05 23:27:06,647 [INFO] PluginManage:359 - Loaded plugin thirdparty (category:base,tabindex:-1)
2024-05-05 23:27:06,647 [WARN] IntegrityCheckThread:84 - waiting for thirdparty lock release [integrity check]
2024-05-05 23:27:06,647 [INFO] PluginManage:310 - Check plugin tools
2024-05-05 23:27:06,647 [INFO] IntegrityCheckThread:86 - entering critical section [integrity check]
2024-05-05 23:27:06,648 [INFO] ThirdPartyUpdaterWithRetryManager:70 - Updater plugin not ready yet. [1/15]
2024-05-05 23:27:06,650 [INFO] PluginManage:359 - Loaded plugin tools (category:base,tabindex:7)
2024-05-05 23:27:06,650 [INFO] PluginManage:310 - Check plugin tutovideos
2024-05-05 23:27:06,792 [INFO] PluginManage:359 - Loaded plugin tutovideos (category:base,tabindex:-1)
2024-05-05 23:27:06,792 [INFO] PluginManage:310 - Check plugin updater
2024-05-05 23:27:06,802 [INFO] PluginManage:359 - Loaded plugin updater (category:base,tabindex:12)
2024-05-05 23:27:06,802 [INFO] PluginManage:310 - Check plugin userauth
2024-05-05 23:27:06,807 [INFO] UserAuth:114 - Init User Auth plugin
2024-05-05 23:27:06,807 [INFO] PluginManage:359 - Loaded plugin userauth (category:base,tabindex:14)
2024-05-05 23:27:06,807 [INFO] PluginManage:283 - PluginManage : Loaded plugins [17]
2024-05-05 23:27:06,988 [INFO] PinOutPanel:1561 - setPackage(No Configuration,No Configuration)
2024-05-05 23:27:07,052 [INFO] CADModel:165 - CPN selected for project level
2024-05-05 23:27:07,052 [INFO] CADModel:114 - Register for checkConnection events
2024-05-05 23:27:07,066 [INFO] IPUIPlugin:80 - create IPUIPlugin
2024-05-05 23:27:07,066 [INFO] PluginManager:220 - loadIPPluginJar : add adc
2024-05-05 23:27:07,068 [INFO] IPUIPlugin:80 - create IPUIPlugin
2024-05-05 23:27:07,068 [INFO] PluginManager:220 - loadIPPluginJar : add aes
2024-05-05 23:27:07,070 [INFO] IPUIPlugin:80 - create IPUIPlugin
2024-05-05 23:27:07,070 [INFO] PluginManager:220 - loadIPPluginJar : add can
2024-05-05 23:27:07,072 [INFO] IPUIPlugin:80 - create IPUIPlugin
2024-05-05 23:27:07,072 [INFO] PluginManager:220 - loadIPPluginJar : add comp
2024-05-05 23:27:07,074 [INFO] IPUIPlugin:80 - create IPUIPlugin
2024-05-05 23:27:07,074 [INFO] PluginManager:220 - loadIPPluginJar : add cryp
2024-05-05 23:27:07,076 [INFO] IPUIPlugin:80 - create IPUIPlugin
2024-05-05 23:27:07,076 [INFO] PluginManager:220 - loadIPPluginJar : add dfsdm
2024-05-05 23:27:07,080 [INFO] IPUIPlugin:80 - create IPUIPlugin
2024-05-05 23:27:07,081 [INFO] PluginManager:220 - loadIPPluginJar : add dma
2024-05-05 23:27:07,082 [INFO] IPUIPlugin:80 - create IPUIPlugin
2024-05-05 23:27:07,082 [INFO] PluginManager:220 - loadIPPluginJar : add dma3
2024-05-05 23:27:07,085 [INFO] IPUIPlugin:80 - create IPUIPlugin
2024-05-05 23:27:07,085 [INFO] PluginManager:220 - loadIPPluginJar : add extmemmanager
2024-05-05 23:27:07,086 [INFO] IPUIPlugin:80 - create IPUIPlugin
2024-05-05 23:27:07,086 [INFO] PluginManager:220 - loadIPPluginJar : add fatfs
2024-05-05 23:27:07,091 [INFO] IPUIPlugin:80 - create IPUIPlugin
2024-05-05 23:27:07,092 [INFO] PluginManager:220 - loadIPPluginJar : add fmc
2024-05-05 23:27:07,097 [INFO] IPUIPlugin:80 - create IPUIPlugin
2024-05-05 23:27:07,097 [INFO] PluginManager:220 - loadIPPluginJar : add freertos
2024-05-05 23:27:07,100 [INFO] IPUIPlugin:80 - create IPUIPlugin
2024-05-05 23:27:07,100 [INFO] PluginManager:220 - loadIPPluginJar : add genericplugin
2024-05-05 23:27:07,102 [INFO] IPUIPlugin:80 - create IPUIPlugin
2024-05-05 23:27:07,102 [INFO] PluginManager:220 - loadIPPluginJar : add gfxmmu
2024-05-05 23:27:07,108 [INFO] IPUIPlugin:80 - create IPUIPlugin
2024-05-05 23:27:07,108 [INFO] PluginManager:220 - loadIPPluginJar : add gic
2024-05-05 23:27:07,113 [INFO] IPUIPlugin:80 - create IPUIPlugin
2024-05-05 23:27:07,113 [INFO] PluginManager:220 - loadIPPluginJar : add gpio
2024-05-05 23:27:07,115 [INFO] IPUIPlugin:80 - create IPUIPlugin
2024-05-05 23:27:07,115 [INFO] PluginManager:220 - loadIPPluginJar : add gtzc
2024-05-05 23:27:07,117 [INFO] IPUIPlugin:80 - create IPUIPlugin
2024-05-05 23:27:07,117 [INFO] PluginManager:220 - loadIPPluginJar : add hash
2024-05-05 23:27:07,119 [INFO] IPUIPlugin:80 - create IPUIPlugin
2024-05-05 23:27:07,119 [INFO] PluginManager:220 - loadIPPluginJar : add i2c
2024-05-05 23:27:07,122 [INFO] IPUIPlugin:80 - create IPUIPlugin
2024-05-05 23:27:07,122 [INFO] PluginManager:220 - loadIPPluginJar : add i2s
2024-05-05 23:27:07,124 [INFO] IPUIPlugin:80 - create IPUIPlugin
2024-05-05 23:27:07,124 [INFO] PluginManager:220 - loadIPPluginJar : add i3c
2024-05-05 23:27:07,128 [INFO] IPUIPlugin:80 - create IPUIPlugin
2024-05-05 23:27:07,128 [INFO] PluginManager:220 - loadIPPluginJar : add ipddr
2024-05-05 23:27:07,134 [INFO] IPUIPlugin:80 - create IPUIPlugin
2024-05-05 23:27:07,135 [INFO] PluginManager:220 - loadIPPluginJar : add linkedlist
2024-05-05 23:27:07,137 [INFO] IPUIPlugin:80 - create IPUIPlugin
2024-05-05 23:27:07,137 [INFO] PluginManager:220 - loadIPPluginJar : add lorawan
2024-05-05 23:27:07,138 [INFO] IPUIPlugin:80 - create IPUIPlugin
2024-05-05 23:27:07,138 [INFO] PluginManager:220 - loadIPPluginJar : add ltdc
2024-05-05 23:27:07,144 [INFO] IPUIPlugin:80 - create IPUIPlugin
2024-05-05 23:27:07,145 [INFO] PluginManager:220 - loadIPPluginJar : add mdma
2024-05-05 23:27:07,148 [INFO] IPUIPlugin:80 - create IPUIPlugin
2024-05-05 23:27:07,148 [INFO] PluginManager:220 - loadIPPluginJar : add nvic
2024-05-05 23:27:07,150 [INFO] IPUIPlugin:80 - create IPUIPlugin
2024-05-05 23:27:07,150 [INFO] PluginManager:220 - loadIPPluginJar : add opamp
2024-05-05 23:27:07,153 [INFO] IPUIPlugin:80 - create IPUIPlugin
2024-05-05 23:27:07,153 [INFO] PluginManager:220 - loadIPPluginJar : add openamp
2024-05-05 23:27:07,157 [INFO] IPUIPlugin:80 - create IPUIPlugin
2024-05-05 23:27:07,157 [INFO] PluginManager:220 - loadIPPluginJar : add pdm2pcm
2024-05-05 23:27:07,162 [INFO] IPUIPlugin:80 - create IPUIPlugin
2024-05-05 23:27:07,165 [INFO] PluginManager:220 - loadIPPluginJar : add plateformsettings
2024-05-05 23:27:07,167 [INFO] IPUIPlugin:80 - create IPUIPlugin
2024-05-05 23:27:07,167 [INFO] PluginManager:220 - loadIPPluginJar : add quadspi
2024-05-05 23:27:07,171 [INFO] IPUIPlugin:80 - create IPUIPlugin
2024-05-05 23:27:07,171 [INFO] PluginManager:220 - loadIPPluginJar : add resmgrutility
2024-05-05 23:27:07,174 [INFO] IPUIPlugin:80 - create IPUIPlugin
2024-05-05 23:27:07,174 [INFO] PluginManager:220 - loadIPPluginJar : add sai
2024-05-05 23:27:07,176 [INFO] IPUIPlugin:80 - create IPUIPlugin
2024-05-05 23:27:07,176 [INFO] PluginManager:220 - loadIPPluginJar : add spi
2024-05-05 23:27:07,183 [INFO] IPUIPlugin:80 - create IPUIPlugin
2024-05-05 23:27:07,184 [INFO] PluginManager:220 - loadIPPluginJar : add stm32_wpan
2024-05-05 23:27:07,185 [INFO] IPUIPlugin:80 - create IPUIPlugin
2024-05-05 23:27:07,185 [INFO] PluginManager:220 - loadIPPluginJar : add tim
2024-05-05 23:27:07,187 [INFO] IPUIPlugin:80 - create IPUIPlugin
2024-05-05 23:27:07,189 [INFO] PluginManager:220 - loadIPPluginJar : add touchsensing
2024-05-05 23:27:07,190 [INFO] IPUIPlugin:80 - create IPUIPlugin
2024-05-05 23:27:07,190 [INFO] PluginManager:220 - loadIPPluginJar : add tracer_emb
2024-05-05 23:27:07,192 [INFO] IPUIPlugin:80 - create IPUIPlugin
2024-05-05 23:27:07,192 [INFO] PluginManager:220 - loadIPPluginJar : add ts
2024-05-05 23:27:07,195 [INFO] IPUIPlugin:80 - create IPUIPlugin
2024-05-05 23:27:07,195 [INFO] PluginManager:220 - loadIPPluginJar : add tsc
2024-05-05 23:27:07,198 [INFO] IPUIPlugin:80 - create IPUIPlugin
2024-05-05 23:27:07,198 [INFO] PluginManager:220 - loadIPPluginJar : add ucpd
2024-05-05 23:27:07,200 [INFO] IPUIPlugin:80 - create IPUIPlugin
2024-05-05 23:27:07,200 [INFO] PluginManager:220 - loadIPPluginJar : add usart
2024-05-05 23:27:07,203 [INFO] IPUIPlugin:80 - create IPUIPlugin
2024-05-05 23:27:07,203 [INFO] PluginManager:220 - loadIPPluginJar : add usbx
2024-05-05 23:27:07,337 [INFO] CADModel:165 - CPN selected for project level
2024-05-05 23:27:07,337 [INFO] CADModel:114 - Register for checkConnection events
2024-05-05 23:27:07,337 [FATAL] Updater:308 - Updater called before beeing initialized
2024-05-05 23:27:07,338 [ERROR] CADModel:125 - Updater not yet initialized, retry later 
2024-05-05 23:27:07,458 [INFO] CADModel:165 - CPN selected for project level
2024-05-05 23:27:07,458 [INFO] CADModel:114 - Register for checkConnection events
2024-05-05 23:27:07,458 [FATAL] Updater:308 - Updater called before beeing initialized
2024-05-05 23:27:07,458 [ERROR] CADModel:125 - Updater not yet initialized, retry later 
2024-05-05 23:27:07,460 [FATAL] Updater:308 - Updater called before beeing initialized
2024-05-05 23:27:07,550 [FATAL] Updater:308 - Updater called before beeing initialized
2024-05-05 23:27:07,553 [INFO] DbMcusAds:53 - JSON generation date=Thu Sep 30 02:55:09 EDT 2021 (1632984909247)
2024-05-05 23:27:07,553 [FATAL] Updater:308 - Updater called before beeing initialized
2024-05-05 23:27:07,585 [WARN] DetailPanel:346 - Failed to get advertising image, set to default
2024-05-05 23:27:07,662 [FATAL] Updater:308 - Updater called before beeing initialized
2024-05-05 23:27:07,664 [FATAL] Updater:308 - Updater called before beeing initialized
2024-05-05 23:27:07,664 [FATAL] Updater:308 - Updater called before beeing initialized
2024-05-05 23:27:07,664 [WARN] DetailPanel:346 - Failed to get advertising image, set to default
2024-05-05 23:27:07,665 [FATAL] Updater:308 - Updater called before beeing initialized
2024-05-05 23:27:07,709 [ERROR] Updater:1120 - MainUpdater not yet initialized. External WinMGr cannot be set.
2024-05-05 23:27:07,710 [INFO] Updater:1056 - Updater Version found : 6.11.1
2024-05-05 23:27:07,740 [INFO] ApplicationProperties:184 - Using Application install path: C:\ST\STM32CubeIDE_1.15.1\STM32CubeIDE\plugins\com.st.stm32cube.common.mx_6.11.1.202404110753
2024-05-05 23:27:09,320 [ERROR] LogOutputStream:75 - [STDERR_REDIRECT] May 05, 2024 11:27:09 PM java.util.prefs.WindowsPreferences <init>
2024-05-05 23:27:09,320 [ERROR] LogOutputStream:75 - [STDERR_REDIRECT] WARNING: Could not open/create prefs root node Software\JavaSoft\Prefs at root 0xffffffff80000002. Windows RegCreateKeyEx(...) returned error code 5.
2024-05-05 23:27:09,320 [ERROR] LogOutputStream:75 - [STDERR_REDIRECT] 
2024-05-05 23:27:09,567 [INFO] MainUpdater:2873 - connection check result : 10
2024-05-05 23:27:09,568 [INFO] MainUpdater:290 - Updater Check For Update Now.
2024-05-05 23:27:09,568 [INFO] MicroXplorer:498 - Change Database Version : DB.6.0.111
2024-05-05 23:27:09,580 [INFO] McuFinderGlobals:63 - Set McuFinder mode to 2 (CubeIDE integrated)
2024-05-05 23:27:09,580 [INFO] UserAuth:179 - activating auth plugin
2024-05-05 23:27:09,583 [INFO] UserAuth:415 - Internet connection configuration mode: 1
2024-05-05 23:27:09,602 [INFO] JxBrowserEngine:152 - Initiate JxBrowser Engine with user profile folder
2024-05-05 23:27:09,648 [WARN] MainUpdater:1194 - Updater busy. Cannot search thirdparties
2024-05-05 23:27:09,648 [INFO] ThirdPartyUpdaterWithRetryManager:96 - Updater plugin is busy. [1/15]
2024-05-05 23:27:09,743 [INFO] CheckServerUpdateThread:120 - End of CheckServer Thread
2024-05-05 23:27:10,197 [INFO] WebApp:161 - Instantiating new browser for Auth
2024-05-05 23:27:10,655 [INFO] WebApp:779 - Register for checkConnection events
2024-05-05 23:27:10,655 [INFO] WebApp:414 - Apply proxy settings
2024-05-05 23:27:10,656 [INFO] WebApp:499 - Chromium requires no authentication
2024-05-05 23:27:10,662 [INFO] WebApp:442 - Direct internet connection detected
2024-05-05 23:27:10,807 [INFO] WebApp:192 - Starting web application
2024-05-05 23:27:10,807 [INFO] WebApp:544 - Web application path used C:\ST\STM32CubeIDE_1.15.1\STM32CubeIDE\plugins\com.st.stm32cube.common.mx_6.11.1.202404110753\db\plugins\mcufinder\reactClient1\index.html
2024-05-05 23:27:12,848 [WARN] PackLoader:240 - Cannot read IP mode file for STMicroelectronics.FP-SNS-MOTENVWB1.1.4.0
2024-05-05 23:27:12,863 [WARN] PackLoader:240 - Cannot read IP mode file for STMicroelectronics.X-CUBE-SMBUS.2.1.0
2024-05-05 23:27:12,868 [WARN] PackLoader:240 - Cannot read IP mode file for STMicroelectronics.X-CUBE-TOUCHGFX.4.23.2
2024-05-05 23:27:12,894 [WARN] PackLoader:240 - Cannot read IP mode file for STMicroelectronics.X-CUBE-AZRTOS-F7.1.1.0
2024-05-05 23:27:12,902 [WARN] PackLoader:240 - Cannot read IP mode file for STMicroelectronics.FP-SNS-FLIGHT1.5.0.2
2024-05-05 23:27:12,911 [WARN] PackLoader:240 - Cannot read IP mode file for STMicroelectronics.X-CUBE-DISPLAY.3.0.0
2024-05-05 23:27:12,922 [WARN] PackLoader:240 - Cannot read IP mode file for STMicroelectronics.X-CUBE-BLE1.7.0.0
2024-05-05 23:27:12,927 [WARN] PackLoader:240 - Cannot read IP mode file for emotas.I-CUBE-CANOPEN.1.3.0
2024-05-05 23:27:12,936 [WARN] PackLoader:240 - Cannot read IP mode file for STMicroelectronics.X-CUBE-BLEMGR.3.1.0
2024-05-05 23:27:12,942 [WARN] PackLoader:240 - Cannot read IP mode file for STMicroelectronics.FP-SNS-SMARTAG2.1.2.0
2024-05-05 23:27:12,950 [INFO] LogOutputStream:77 - [STDOUT_REDIRECT] 1 : Invalid condition id : UX_CORESTACK_Condition cause : null
2024-05-05 23:27:12,952 [INFO] LogOutputStream:77 - [STDOUT_REDIRECT] 1 : Invalid condition id : UX_CORESTACK_Condition cause : null
2024-05-05 23:27:12,953 [INFO] LogOutputStream:77 - [STDOUT_REDIRECT] 1 : Invalid condition id : UX_CORESTACK_Condition cause : null
2024-05-05 23:27:12,954 [INFO] LogOutputStream:77 - [STDOUT_REDIRECT] 1 : Invalid condition id : UX_CORESTACK_Condition cause : null
2024-05-05 23:27:12,955 [INFO] LogOutputStream:77 - [STDOUT_REDIRECT] 1 : Invalid condition id : UX_CORESTACK_Condition cause : null
2024-05-05 23:27:12,959 [WARN] PackLoader:240 - Cannot read IP mode file for STMicroelectronics.X-CUBE-AZRTOS-WL.2.0.0
2024-05-05 23:27:12,963 [WARN] PackLoader:240 - Cannot read IP mode file for STMicroelectronics.FP-SNS-MOTENV1.5.0.0
2024-05-05 23:27:12,970 [WARN] PackLoader:240 - Cannot read IP mode file for WES.I-CUBE-Cesium.1.3.0
2024-05-05 23:27:12,975 [WARN] PackLoader:240 - Cannot read IP mode file for STMicroelectronics.X-CUBE-BLE2.3.3.0
2024-05-05 23:27:12,979 [WARN] PackLoader:240 - Cannot read IP mode file for STMicroelectronics.X-CUBE-TCPP.4.1.0
2024-05-05 23:27:12,985 [WARN] PackLoader:240 - Cannot read IP mode file for STMicroelectronics.X-CUBE-ALGOBUILD.1.3.0
2024-05-05 23:27:12,997 [WARN] PackLoader:240 - Cannot read IP mode file for STMicroelectronics.X-CUBE-AZRTOS-G0.1.1.0
2024-05-05 23:27:13,004 [WARN] PackLoader:240 - Cannot read IP mode file for STMicroelectronics.X-CUBE-SAFEA1.1.2.2
2024-05-05 23:27:13,008 [WARN] PackLoader:240 - Cannot read IP mode file for STMicroelectronics.X-CUBE-NFC4.3.0.0
2024-05-05 23:27:13,013 [WARN] PackLoader:240 - Cannot read IP mode file for wolfSSL.I-CUBE-wolfSSL.5.7.0
2024-05-05 23:27:13,016 [WARN] PackLoader:240 - Cannot read IP mode file for STMicroelectronics.FP-ATR-SIGFOX1.3.2.0
2024-05-05 23:27:13,019 [WARN] PackLoader:240 - Cannot read IP mode file for STMicroelectronics.X-CUBE-EEPRMA1.5.1.0
2024-05-05 23:27:13,025 [WARN] PackLoader:240 - Cannot read IP mode file for ITTIA_DB.I-CUBE-ITTIADB.8.9.0
2024-05-05 23:27:13,047 [WARN] PackLoader:240 - Cannot read IP mode file for SEGGER.I-CUBE-embOS.1.3.1
2024-05-05 23:27:13,086 [WARN] PackLoader:240 - Cannot read IP mode file for STMicroelectronics.X-CUBE-GNSS1.6.0.0
2024-05-05 23:27:13,096 [WARN] PackLoader:240 - Cannot read IP mode file for STMicroelectronics.X-CUBE-AZRTOS-F4.1.1.0
2024-05-05 23:27:13,101 [WARN] PackLoader:240 - Cannot read IP mode file for STMicroelectronics.X-CUBE-FREERTOS.1.2.0
2024-05-05 23:27:13,113 [WARN] PackLoader:240 - Cannot read IP mode file for STMicroelectronics.X-CUBE-AZRTOS-L5.2.0.0
2024-05-05 23:27:13,120 [WARN] PackLoader:240 - Cannot read IP mode file for STMicroelectronics.X-CUBE-NFC6.3.1.0
2024-05-05 23:27:13,123 [WARN] PackLoader:240 - Cannot read IP mode file for STMicroelectronics.X-CUBE-AI.9.0.0
2024-05-05 23:27:13,127 [WARN] PackLoader:240 - Cannot read IP mode file for STMicroelectronics.X-CUBE-NFC7.1.0.1
2024-05-05 23:27:13,140 [WARN] ConditionMgr:438 - getConditionDescription Invalid condition id : LAN8742 Phy interface Condition cause : null
2024-05-05 23:27:13,141 [WARN] PackLoader:240 - Cannot read IP mode file for STMicroelectronics.X-CUBE-AZRTOS-L4.2.0.0
2024-05-05 23:27:13,142 [WARN] ConditionMgr:1039 - genDependencies : Invalid condition id : LAN8742 Phy interface Condition cause : null
2024-05-05 23:27:13,142 [WARN] ConditionMgr:1039 - genDependencies : Invalid condition id : LAN8742 Phy interface Condition cause : null
2024-05-05 23:27:13,142 [WARN] ConditionMgr:1039 - genDependencies : Invalid condition id : LAN8742 Phy interface Condition cause : null
2024-05-05 23:27:13,147 [WARN] PackLoader:240 - Cannot read IP mode file for STMicroelectronics.X-CUBE-SFXS2LP1.4.0.0
2024-05-05 23:27:13,157 [WARN] ConditionMgr:438 - getConditionDescription Invalid condition id : UX DEVICE CLASS RTOS Condition cause : null
2024-05-05 23:27:13,158 [WARN] ConditionMgr:438 - getConditionDescription Invalid condition id : UX DEVICE CLASS RTOS Condition cause : null
2024-05-05 23:27:13,160 [WARN] PackLoader:240 - Cannot read IP mode file for STMicroelectronics.X-CUBE-AZRTOS-WB.2.0.0
2024-05-05 23:27:13,160 [WARN] ConditionMgr:1039 - genDependencies : Invalid condition id : UX DEVICE CLASS RTOS Condition cause : null
2024-05-05 23:27:13,160 [WARN] ConditionMgr:1039 - genDependencies : Invalid condition id : UX DEVICE CLASS RTOS Condition cause : null
2024-05-05 23:27:13,162 [WARN] ConditionMgr:1039 - genDependencies : Invalid condition id : UX DEVICE CLASS RTOS Condition cause : null
2024-05-05 23:27:13,162 [WARN] ConditionMgr:1039 - genDependencies : Invalid condition id : UX DEVICE CLASS RTOS Condition cause : null
2024-05-05 23:27:13,162 [WARN] ConditionMgr:1039 - genDependencies : Invalid condition id : UX DEVICE CLASS RTOS Condition cause : null
2024-05-05 23:27:13,168 [WARN] PackLoader:240 - Cannot read IP mode file for STMicroelectronics.X-CUBE-SUBG2.5.0.0
2024-05-05 23:27:13,186 [WARN] PackLoader:240 - Cannot read IP mode file for STMicroelectronics.X-CUBE-AZRTOS-G4.2.0.0
2024-05-05 23:27:13,191 [WARN] PackLoader:240 - Cannot read IP mode file for STMicroelectronics.X-CUBE-ISPU.2.0.0
2024-05-05 23:27:13,224 [WARN] PackLoader:240 - Cannot read IP mode file for STMicroelectronics.X-CUBE-MEMS1.10.0.0
2024-05-05 23:27:13,328 [WARN] PackLoader:240 - Cannot read IP mode file for portGmbH.I-Cube-SoM-uGOAL.1.1.0
2024-05-05 23:27:13,332 [WARN] PackLoader:240 - Cannot read IP mode file for STMicroelectronics.X-CUBE-ALS.1.0.1
2024-05-05 23:27:13,344 [WARN] PackLoader:240 - Cannot read IP mode file for STMicroelectronics.X-CUBE-AZRTOS-H7RS.1.0.0
2024-05-05 23:27:13,348 [WARN] PackLoader:240 - Cannot read IP mode file for STMicroelectronics.FP-ATR-ASTRA1.2.0.0
2024-05-05 23:27:13,356 [WARN] PackLoader:240 - Cannot read IP mode file for STMicroelectronics.X-CUBE-TOF1.3.4.1
2024-05-05 23:27:13,380 [WARN] PackLoader:240 - Cannot read IP mode file for STMicroelectronics.X-CUBE-AZRTOS-H7.3.2.0
2024-05-05 23:27:13,393 [WARN] PackLoader:240 - Cannot read IP mode file for Infineon.AIROC-Wi-Fi-Bluetooth-STM32.1.6.0
2024-05-05 23:27:13,396 [INFO] ThirdParty:978 - Integrity check success = true
2024-05-05 23:27:13,396 [INFO] IntegrityCheckThread:100 - exiting critical section [integrity check]
2024-05-05 23:27:13,396 [INFO] IntegrityCheckThread:103 - End integrity checks thread
2024-05-05 23:33:36,894 [ERROR] LogOutputStream:75 - [STDERR_REDIRECT] 
2024-05-05 23:33:36,894 [ERROR] LogOutputStream:75 - [STDERR_REDIRECT] 
