2024-05-05 23:34:18,504 [INFO] Activator:176 - 


2024-05-05 23:34:18,506 [INFO] Activator:177 - !SESSION log4j initialized
2024-05-05 23:34:20,785 [INFO] LogOutputStream:77 - [STDOUT_REDIRECT] 
2024-05-05 23:34:22,496 [INFO] ApplicationProperties:184 - Using Application install path: C:\ST\STM32CubeIDE_1.15.1\STM32CubeIDE\plugins\com.st.stm32cube.common.mx_6.11.1.202404110753
2024-05-05 23:34:22,512 [INFO] DbMcusXml:78 - Set database path to: C:\ST\STM32CubeIDE_1.15.1\STM32CubeIDE\plugins\com.st.stm32cube.common.mx_6.11.1.202404110753\\db\/mcu/
2024-05-05 23:34:22,513 [INFO] ApiDb:274 - Set plugin database path to: C:\ST\STM32CubeIDE_1.15.1\STM32CubeIDE\plugins\com.st.stm32cube.common.mx_6.11.1.202404110753\\db\/plugins/boardmanager/
2024-05-05 23:34:22,514 [WARN] ApiDb:259 - Overriding images path with different value:  => C:\ST\STM32CubeIDE_1.15.1\STM32CubeIDE\plugins\com.st.stm32cube.common.mx_6.11.1.202404110753\\db\/plugins/mcufinder/images/
2024-05-05 23:34:22,519 [INFO] ApiDb:250 - Set database path to: C:\Users\Shikhar Chaurasia\.stmcufinder\plugins\mcufinder//mcu/
2024-05-05 23:34:22,520 [INFO] DbMcusAds:125 - Set database path to: C:\Users\Shikhar Chaurasia\.stmcufinder\plugins\mcufinder//mcu/
2024-05-05 23:34:22,521 [INFO] CrossReferenceDbSqlite:203 - Set database path to: C:\Users\Shikhar Chaurasia\.stmcufinder\plugins\mcufinder//mcu/cs/
2024-05-05 23:34:22,623 [INFO] RulesReader:64 - Compatibility file has been processed (297 Rules)
2024-05-05 23:34:22,694 [INFO] DbMcusXml:78 - Set database path to: C:\ST\STM32CubeIDE_1.15.1\STM32CubeIDE\plugins\com.st.stm32cube.common.mx_6.11.1.202404110753\\db\/mcu/
2024-05-05 23:34:22,695 [INFO] ApiDb:274 - Set plugin database path to: C:\ST\STM32CubeIDE_1.15.1\STM32CubeIDE\plugins\com.st.stm32cube.common.mx_6.11.1.202404110753\\db\/plugins/boardmanager/
2024-05-05 23:34:22,695 [INFO] ApiDb:261 - Set plugin images path to: C:\ST\STM32CubeIDE_1.15.1\STM32CubeIDE\plugins\com.st.stm32cube.common.mx_6.11.1.202404110753\\db\/plugins/mcufinder/images/
2024-05-05 23:34:22,695 [WARN] DbFile:41 - Overriding database path with different value: C:\Users\Shikhar Chaurasia\.stmcufinder\plugins\mcufinder/ => C:\Users\Shikhar Chaurasia\.stmcufinder\plugins\mcufinder
2024-05-05 23:34:22,695 [INFO] ApiDb:250 - Set database path to: C:\Users\Shikhar Chaurasia\.stmcufinder\plugins\mcufinder//mcu/
2024-05-05 23:34:22,695 [WARN] DbFile:41 - Overriding database path with different value: C:\Users\Shikhar Chaurasia\.stmcufinder\plugins\mcufinder/ => C:\Users\Shikhar Chaurasia\.stmcufinder\plugins\mcufinder
2024-05-05 23:34:22,695 [INFO] DbMcusAds:125 - Set database path to: C:\Users\Shikhar Chaurasia\.stmcufinder\plugins\mcufinder//mcu/
2024-05-05 23:34:22,695 [WARN] DbFile:41 - Overriding database path with different value: C:\Users\Shikhar Chaurasia\.stmcufinder\plugins\mcufinder/ => C:\Users\Shikhar Chaurasia\.stmcufinder\plugins\mcufinder
2024-05-05 23:34:22,695 [WARN] DbFile:41 - Overriding database path with different value: C:\Users\Shikhar Chaurasia\.stmcufinder\plugins\mcufinder/ => C:\Users\Shikhar Chaurasia\.stmcufinder\plugins\mcufinder
2024-05-05 23:34:22,695 [INFO] CrossReferenceDbSqlite:203 - Set database path to: C:\Users\Shikhar Chaurasia\.stmcufinder\plugins\mcufinder//mcu/cs/
2024-05-05 23:34:22,759 [INFO] MainPanel:264 - HeapMemory: 268435456
2024-05-05 23:34:22,813 [INFO] DbMcusXml:78 - Set database path to: C:\ST\STM32CubeIDE_1.15.1\STM32CubeIDE\plugins\com.st.stm32cube.common.mx_6.11.1.202404110753\\db\/mcu/
2024-05-05 23:34:22,813 [INFO] ApiDb:274 - Set plugin database path to: C:\ST\STM32CubeIDE_1.15.1\STM32CubeIDE\plugins\com.st.stm32cube.common.mx_6.11.1.202404110753\\db\/plugins/boardmanager/
2024-05-05 23:34:22,814 [INFO] ApiDb:261 - Set plugin images path to: C:\ST\STM32CubeIDE_1.15.1\STM32CubeIDE\plugins\com.st.stm32cube.common.mx_6.11.1.202404110753\\db\/plugins/mcufinder/images/
2024-05-05 23:34:22,814 [WARN] DbFile:41 - Overriding database path with different value: C:\Users\Shikhar Chaurasia\.stmcufinder\plugins\mcufinder/ => C:\Users\Shikhar Chaurasia\.stmcufinder\plugins\mcufinder
2024-05-05 23:34:22,814 [INFO] ApiDb:250 - Set database path to: C:\Users\Shikhar Chaurasia\.stmcufinder\plugins\mcufinder//mcu/
2024-05-05 23:34:22,814 [WARN] DbFile:41 - Overriding database path with different value: C:\Users\Shikhar Chaurasia\.stmcufinder\plugins\mcufinder/ => C:\Users\Shikhar Chaurasia\.stmcufinder\plugins\mcufinder
2024-05-05 23:34:22,814 [INFO] DbMcusAds:125 - Set database path to: C:\Users\Shikhar Chaurasia\.stmcufinder\plugins\mcufinder//mcu/
2024-05-05 23:34:22,814 [WARN] DbFile:41 - Overriding database path with different value: C:\Users\Shikhar Chaurasia\.stmcufinder\plugins\mcufinder/ => C:\Users\Shikhar Chaurasia\.stmcufinder\plugins\mcufinder
2024-05-05 23:34:22,814 [WARN] DbFile:41 - Overriding database path with different value: C:\Users\Shikhar Chaurasia\.stmcufinder\plugins\mcufinder/ => C:\Users\Shikhar Chaurasia\.stmcufinder\plugins\mcufinder
2024-05-05 23:34:22,814 [INFO] CrossReferenceDbSqlite:203 - Set database path to: C:\Users\Shikhar Chaurasia\.stmcufinder\plugins\mcufinder//mcu/cs/
2024-05-05 23:34:22,830 [INFO] ApplicationProperties:184 - Using Application install path: C:\ST\STM32CubeIDE_1.15.1\STM32CubeIDE\plugins\com.st.stm32cube.common.mx_6.11.1.202404110753
2024-05-05 23:34:22,831 [INFO] PluginManage:196 - Search for loadable plugins [exclusion list=, ]
2024-05-05 23:34:22,832 [INFO] PluginManage:310 - Check plugin analytics
2024-05-05 23:34:23,001 [INFO] AnalyticsPlugin:253 - Accepted Software Licenses: 
2024-05-05 23:34:23,001 [INFO] AnalyticsPlugin:255 - Accepted CMSIS Pack Licenses: 
2024-05-05 23:34:23,001 [INFO] AnalyticsPlugin:257 - Accepted Firmware Licenses: 
2024-05-05 23:34:23,003 [INFO] PluginManage:359 - Loaded plugin analytics (category:tool,tabindex:-1)
2024-05-05 23:34:23,004 [INFO] PluginManage:310 - Check plugin cadmodel
2024-05-05 23:34:23,008 [INFO] CADModel:105 - Init CAD model plugin
2024-05-05 23:34:23,009 [INFO] PluginManage:359 - Loaded plugin cadmodel (category:power,tabindex:5)
2024-05-05 23:34:23,009 [INFO] PluginManage:310 - Check plugin clock
2024-05-05 23:34:23,018 [INFO] PluginManage:359 - Loaded plugin clock (category:base,tabindex:2)
2024-05-05 23:34:23,018 [INFO] PluginManage:310 - Check plugin ddr
2024-05-05 23:34:23,020 [INFO] PluginManage:359 - Loaded plugin ddr (category:tool,tabindex:6)
2024-05-05 23:34:23,020 [INFO] PluginManage:310 - Check plugin filemanager
2024-05-05 23:34:23,129 [INFO] PluginManage:359 - Loaded plugin filemanager (category:base,tabindex:10)
2024-05-05 23:34:23,129 [INFO] PluginManage:310 - Check plugin ipmanager
2024-05-05 23:34:23,134 [INFO] PluginManage:359 - Loaded plugin ipmanager (category:base,tabindex:5)
2024-05-05 23:34:23,134 [INFO] PluginManage:310 - Check plugin lpbam
2024-05-05 23:34:23,141 [INFO] PluginManage:359 - Loaded plugin lpbam (category:base,tabindex:0)
2024-05-05 23:34:23,141 [INFO] PluginManage:310 - Check plugin memorymap
2024-05-05 23:34:23,157 [INFO] PluginManage:359 - Loaded plugin memorymap (category:base,tabindex:4)
2024-05-05 23:34:23,157 [INFO] PluginManage:310 - Check plugin pinoutandconfiguration
2024-05-05 23:34:23,163 [INFO] PluginManage:359 - Loaded plugin pinoutandconfiguration (category:base,tabindex:1)
2024-05-05 23:34:23,163 [INFO] PluginManage:310 - Check plugin pinoutconfig
2024-05-05 23:34:23,257 [WARN] SupportedApi:132 - Cannot load RTOS API schema: s4s-elt-must-match.1: The content of 'definitions' must match (annotation?, (simpleType | complexType)?, (unique | key | keyref)*)). A problem was found starting at: attribute.
2024-05-05 23:34:23,393 [INFO] PluginManage:359 - Loaded plugin pinoutconfig (category:base,tabindex:0)
2024-05-05 23:34:23,393 [INFO] PluginManage:310 - Check plugin power
2024-05-05 23:34:23,403 [INFO] PluginManage:359 - Loaded plugin power (category:power,tabindex:4)
2024-05-05 23:34:23,403 [INFO] PluginManage:310 - Check plugin projectmanager
2024-05-05 23:34:23,418 [INFO] PluginManage:359 - Loaded plugin projectmanager (category:projectmanager,tabindex:3)
2024-05-05 23:34:23,418 [INFO] PluginManage:310 - Check plugin thirdparty
2024-05-05 23:34:23,532 [INFO] PluginManage:359 - Loaded plugin thirdparty (category:base,tabindex:-1)
2024-05-05 23:34:23,532 [WARN] IntegrityCheckThread:84 - waiting for thirdparty lock release [integrity check]
2024-05-05 23:34:23,533 [INFO] IntegrityCheckThread:86 - entering critical section [integrity check]
2024-05-05 23:34:23,533 [INFO] PluginManage:310 - Check plugin tools
2024-05-05 23:34:23,533 [INFO] ThirdPartyUpdaterWithRetryManager:70 - Updater plugin not ready yet. [1/15]
2024-05-05 23:34:23,535 [INFO] PluginManage:359 - Loaded plugin tools (category:base,tabindex:7)
2024-05-05 23:34:23,535 [INFO] PluginManage:310 - Check plugin tutovideos
2024-05-05 23:34:23,712 [INFO] PluginManage:359 - Loaded plugin tutovideos (category:base,tabindex:-1)
2024-05-05 23:34:23,712 [INFO] PluginManage:310 - Check plugin updater
2024-05-05 23:34:23,720 [INFO] PluginManage:359 - Loaded plugin updater (category:base,tabindex:12)
2024-05-05 23:34:23,721 [INFO] PluginManage:310 - Check plugin userauth
2024-05-05 23:34:23,724 [INFO] UserAuth:114 - Init User Auth plugin
2024-05-05 23:34:23,724 [INFO] PluginManage:359 - Loaded plugin userauth (category:base,tabindex:14)
2024-05-05 23:34:23,725 [INFO] PluginManage:283 - PluginManage : Loaded plugins [17]
2024-05-05 23:34:23,897 [INFO] PinOutPanel:1561 - setPackage(No Configuration,No Configuration)
2024-05-05 23:34:23,963 [INFO] CADModel:165 - CPN selected for project level
2024-05-05 23:34:23,963 [INFO] CADModel:114 - Register for checkConnection events
2024-05-05 23:34:23,979 [INFO] IPUIPlugin:80 - create IPUIPlugin
2024-05-05 23:34:23,979 [INFO] PluginManager:220 - loadIPPluginJar : add adc
2024-05-05 23:34:23,983 [INFO] IPUIPlugin:80 - create IPUIPlugin
2024-05-05 23:34:23,983 [INFO] PluginManager:220 - loadIPPluginJar : add aes
2024-05-05 23:34:23,985 [INFO] IPUIPlugin:80 - create IPUIPlugin
2024-05-05 23:34:23,986 [INFO] PluginManager:220 - loadIPPluginJar : add can
2024-05-05 23:34:23,987 [INFO] IPUIPlugin:80 - create IPUIPlugin
2024-05-05 23:34:23,988 [INFO] PluginManager:220 - loadIPPluginJar : add comp
2024-05-05 23:34:23,990 [INFO] IPUIPlugin:80 - create IPUIPlugin
2024-05-05 23:34:23,990 [INFO] PluginManager:220 - loadIPPluginJar : add cryp
2024-05-05 23:34:23,992 [INFO] IPUIPlugin:80 - create IPUIPlugin
2024-05-05 23:34:23,992 [INFO] PluginManager:220 - loadIPPluginJar : add dfsdm
2024-05-05 23:34:23,997 [INFO] IPUIPlugin:80 - create IPUIPlugin
2024-05-05 23:34:23,998 [INFO] PluginManager:220 - loadIPPluginJar : add dma
2024-05-05 23:34:23,999 [INFO] IPUIPlugin:80 - create IPUIPlugin
2024-05-05 23:34:23,999 [INFO] PluginManager:220 - loadIPPluginJar : add dma3
2024-05-05 23:34:24,002 [INFO] IPUIPlugin:80 - create IPUIPlugin
2024-05-05 23:34:24,002 [INFO] PluginManager:220 - loadIPPluginJar : add extmemmanager
2024-05-05 23:34:24,004 [INFO] IPUIPlugin:80 - create IPUIPlugin
2024-05-05 23:34:24,004 [INFO] PluginManager:220 - loadIPPluginJar : add fatfs
2024-05-05 23:34:24,008 [INFO] IPUIPlugin:80 - create IPUIPlugin
2024-05-05 23:34:24,008 [INFO] PluginManager:220 - loadIPPluginJar : add fmc
2024-05-05 23:34:24,012 [INFO] IPUIPlugin:80 - create IPUIPlugin
2024-05-05 23:34:24,012 [INFO] PluginManager:220 - loadIPPluginJar : add freertos
2024-05-05 23:34:24,013 [INFO] IPUIPlugin:80 - create IPUIPlugin
2024-05-05 23:34:24,013 [INFO] PluginManager:220 - loadIPPluginJar : add genericplugin
2024-05-05 23:34:24,015 [INFO] IPUIPlugin:80 - create IPUIPlugin
2024-05-05 23:34:24,015 [INFO] PluginManager:220 - loadIPPluginJar : add gfxmmu
2024-05-05 23:34:24,019 [INFO] IPUIPlugin:80 - create IPUIPlugin
2024-05-05 23:34:24,019 [INFO] PluginManager:220 - loadIPPluginJar : add gic
2024-05-05 23:34:24,022 [INFO] IPUIPlugin:80 - create IPUIPlugin
2024-05-05 23:34:24,022 [INFO] PluginManager:220 - loadIPPluginJar : add gpio
2024-05-05 23:34:24,025 [INFO] IPUIPlugin:80 - create IPUIPlugin
2024-05-05 23:34:24,025 [INFO] PluginManager:220 - loadIPPluginJar : add gtzc
2024-05-05 23:34:24,027 [INFO] IPUIPlugin:80 - create IPUIPlugin
2024-05-05 23:34:24,028 [INFO] PluginManager:220 - loadIPPluginJar : add hash
2024-05-05 23:34:24,030 [INFO] IPUIPlugin:80 - create IPUIPlugin
2024-05-05 23:34:24,030 [INFO] PluginManager:220 - loadIPPluginJar : add i2c
2024-05-05 23:34:24,032 [INFO] IPUIPlugin:80 - create IPUIPlugin
2024-05-05 23:34:24,032 [INFO] PluginManager:220 - loadIPPluginJar : add i2s
2024-05-05 23:34:24,035 [INFO] IPUIPlugin:80 - create IPUIPlugin
2024-05-05 23:34:24,035 [INFO] PluginManager:220 - loadIPPluginJar : add i3c
2024-05-05 23:34:24,038 [INFO] IPUIPlugin:80 - create IPUIPlugin
2024-05-05 23:34:24,038 [INFO] PluginManager:220 - loadIPPluginJar : add ipddr
2024-05-05 23:34:24,044 [INFO] IPUIPlugin:80 - create IPUIPlugin
2024-05-05 23:34:24,044 [INFO] PluginManager:220 - loadIPPluginJar : add linkedlist
2024-05-05 23:34:24,048 [INFO] IPUIPlugin:80 - create IPUIPlugin
2024-05-05 23:34:24,048 [INFO] PluginManager:220 - loadIPPluginJar : add lorawan
2024-05-05 23:34:24,050 [INFO] IPUIPlugin:80 - create IPUIPlugin
2024-05-05 23:34:24,050 [INFO] PluginManager:220 - loadIPPluginJar : add ltdc
2024-05-05 23:34:24,055 [INFO] IPUIPlugin:80 - create IPUIPlugin
2024-05-05 23:34:24,057 [INFO] PluginManager:220 - loadIPPluginJar : add mdma
2024-05-05 23:34:24,060 [INFO] IPUIPlugin:80 - create IPUIPlugin
2024-05-05 23:34:24,061 [INFO] PluginManager:220 - loadIPPluginJar : add nvic
2024-05-05 23:34:24,063 [INFO] IPUIPlugin:80 - create IPUIPlugin
2024-05-05 23:34:24,063 [INFO] PluginManager:220 - loadIPPluginJar : add opamp
2024-05-05 23:34:24,066 [INFO] IPUIPlugin:80 - create IPUIPlugin
2024-05-05 23:34:24,066 [INFO] PluginManager:220 - loadIPPluginJar : add openamp
2024-05-05 23:34:24,069 [INFO] IPUIPlugin:80 - create IPUIPlugin
2024-05-05 23:34:24,069 [INFO] PluginManager:220 - loadIPPluginJar : add pdm2pcm
2024-05-05 23:34:24,074 [INFO] IPUIPlugin:80 - create IPUIPlugin
2024-05-05 23:34:24,077 [INFO] PluginManager:220 - loadIPPluginJar : add plateformsettings
2024-05-05 23:34:24,079 [INFO] IPUIPlugin:80 - create IPUIPlugin
2024-05-05 23:34:24,079 [INFO] PluginManager:220 - loadIPPluginJar : add quadspi
2024-05-05 23:34:24,082 [INFO] IPUIPlugin:80 - create IPUIPlugin
2024-05-05 23:34:24,082 [INFO] PluginManager:220 - loadIPPluginJar : add resmgrutility
2024-05-05 23:34:24,085 [INFO] IPUIPlugin:80 - create IPUIPlugin
2024-05-05 23:34:24,085 [INFO] PluginManager:220 - loadIPPluginJar : add sai
2024-05-05 23:34:24,088 [INFO] IPUIPlugin:80 - create IPUIPlugin
2024-05-05 23:34:24,088 [INFO] PluginManager:220 - loadIPPluginJar : add spi
2024-05-05 23:34:24,093 [INFO] IPUIPlugin:80 - create IPUIPlugin
2024-05-05 23:34:24,093 [INFO] PluginManager:220 - loadIPPluginJar : add stm32_wpan
2024-05-05 23:34:24,095 [INFO] IPUIPlugin:80 - create IPUIPlugin
2024-05-05 23:34:24,095 [INFO] PluginManager:220 - loadIPPluginJar : add tim
2024-05-05 23:34:24,098 [INFO] IPUIPlugin:80 - create IPUIPlugin
2024-05-05 23:34:24,098 [INFO] PluginManager:220 - loadIPPluginJar : add touchsensing
2024-05-05 23:34:24,100 [INFO] IPUIPlugin:80 - create IPUIPlugin
2024-05-05 23:34:24,100 [INFO] PluginManager:220 - loadIPPluginJar : add tracer_emb
2024-05-05 23:34:24,102 [INFO] IPUIPlugin:80 - create IPUIPlugin
2024-05-05 23:34:24,102 [INFO] PluginManager:220 - loadIPPluginJar : add ts
2024-05-05 23:34:24,104 [INFO] IPUIPlugin:80 - create IPUIPlugin
2024-05-05 23:34:24,104 [INFO] PluginManager:220 - loadIPPluginJar : add tsc
2024-05-05 23:34:24,105 [INFO] IPUIPlugin:80 - create IPUIPlugin
2024-05-05 23:34:24,105 [INFO] PluginManager:220 - loadIPPluginJar : add ucpd
2024-05-05 23:34:24,109 [INFO] IPUIPlugin:80 - create IPUIPlugin
2024-05-05 23:34:24,109 [INFO] PluginManager:220 - loadIPPluginJar : add usart
2024-05-05 23:34:24,111 [INFO] IPUIPlugin:80 - create IPUIPlugin
2024-05-05 23:34:24,111 [INFO] PluginManager:220 - loadIPPluginJar : add usbx
2024-05-05 23:34:24,239 [INFO] CADModel:165 - CPN selected for project level
2024-05-05 23:34:24,239 [INFO] CADModel:114 - Register for checkConnection events
2024-05-05 23:34:24,239 [FATAL] Updater:308 - Updater called before beeing initialized
2024-05-05 23:34:24,239 [ERROR] CADModel:125 - Updater not yet initialized, retry later 
2024-05-05 23:34:24,365 [INFO] CADModel:165 - CPN selected for project level
2024-05-05 23:34:24,365 [INFO] CADModel:114 - Register for checkConnection events
2024-05-05 23:34:24,365 [FATAL] Updater:308 - Updater called before beeing initialized
2024-05-05 23:34:24,365 [ERROR] CADModel:125 - Updater not yet initialized, retry later 
2024-05-05 23:34:24,368 [FATAL] Updater:308 - Updater called before beeing initialized
2024-05-05 23:34:24,454 [FATAL] Updater:308 - Updater called before beeing initialized
2024-05-05 23:34:24,459 [INFO] DbMcusAds:53 - JSON generation date=Thu Sep 30 02:55:09 EDT 2021 (1632984909247)
2024-05-05 23:34:24,459 [FATAL] Updater:308 - Updater called before beeing initialized
2024-05-05 23:34:24,490 [WARN] DetailPanel:346 - Failed to get advertising image, set to default
2024-05-05 23:34:24,570 [FATAL] Updater:308 - Updater called before beeing initialized
2024-05-05 23:34:24,571 [FATAL] Updater:308 - Updater called before beeing initialized
2024-05-05 23:34:24,571 [FATAL] Updater:308 - Updater called before beeing initialized
2024-05-05 23:34:24,571 [WARN] DetailPanel:346 - Failed to get advertising image, set to default
2024-05-05 23:34:24,572 [FATAL] Updater:308 - Updater called before beeing initialized
2024-05-05 23:34:24,615 [ERROR] Updater:1120 - MainUpdater not yet initialized. External WinMGr cannot be set.
2024-05-05 23:34:24,617 [INFO] Updater:1056 - Updater Version found : 6.11.1
2024-05-05 23:34:24,637 [INFO] ApplicationProperties:184 - Using Application install path: C:\ST\STM32CubeIDE_1.15.1\STM32CubeIDE\plugins\com.st.stm32cube.common.mx_6.11.1.202404110753
2024-05-05 23:34:26,222 [ERROR] LogOutputStream:75 - [STDERR_REDIRECT] May 05, 2024 11:34:26 PM java.util.prefs.WindowsPreferences <init>
2024-05-05 23:34:26,224 [ERROR] LogOutputStream:75 - [STDERR_REDIRECT] WARNING: Could not open/create prefs root node Software\JavaSoft\Prefs at root 0xffffffff80000002. Windows RegCreateKeyEx(...) returned error code 5.
2024-05-05 23:34:26,224 [ERROR] LogOutputStream:75 - [STDERR_REDIRECT] 
2024-05-05 23:34:26,483 [INFO] MainUpdater:2873 - connection check result : 10
2024-05-05 23:34:26,483 [INFO] MainUpdater:290 - Updater Check For Update Now.
2024-05-05 23:34:26,483 [INFO] MicroXplorer:498 - Change Database Version : DB.6.0.111
2024-05-05 23:34:26,490 [INFO] McuFinderGlobals:63 - Set McuFinder mode to 2 (CubeIDE integrated)
2024-05-05 23:34:26,490 [INFO] UserAuth:179 - activating auth plugin
2024-05-05 23:34:26,492 [INFO] UserAuth:415 - Internet connection configuration mode: 1
2024-05-05 23:34:26,509 [INFO] JxBrowserEngine:152 - Initiate JxBrowser Engine with user profile folder
2024-05-05 23:34:26,534 [WARN] MainUpdater:1194 - Updater busy. Cannot search thirdparties
2024-05-05 23:34:26,534 [INFO] ThirdPartyUpdaterWithRetryManager:96 - Updater plugin is busy. [1/15]
2024-05-05 23:34:26,644 [INFO] CheckServerUpdateThread:120 - End of CheckServer Thread
2024-05-05 23:34:27,072 [INFO] WebApp:161 - Instantiating new browser for Auth
2024-05-05 23:34:27,558 [INFO] WebApp:779 - Register for checkConnection events
2024-05-05 23:34:27,558 [INFO] WebApp:414 - Apply proxy settings
2024-05-05 23:34:27,558 [INFO] WebApp:499 - Chromium requires no authentication
2024-05-05 23:34:27,563 [INFO] WebApp:442 - Direct internet connection detected
2024-05-05 23:34:27,697 [INFO] WebApp:192 - Starting web application
2024-05-05 23:34:27,697 [INFO] WebApp:544 - Web application path used C:\ST\STM32CubeIDE_1.15.1\STM32CubeIDE\plugins\com.st.stm32cube.common.mx_6.11.1.202404110753\db\plugins\mcufinder\reactClient1\index.html
2024-05-05 23:34:29,684 [WARN] PackLoader:240 - Cannot read IP mode file for STMicroelectronics.FP-SNS-MOTENVWB1.1.4.0
2024-05-05 23:34:29,700 [WARN] PackLoader:240 - Cannot read IP mode file for STMicroelectronics.X-CUBE-SMBUS.2.1.0
2024-05-05 23:34:29,705 [WARN] PackLoader:240 - Cannot read IP mode file for STMicroelectronics.X-CUBE-TOUCHGFX.4.23.2
2024-05-05 23:34:29,731 [WARN] PackLoader:240 - Cannot read IP mode file for STMicroelectronics.X-CUBE-AZRTOS-F7.1.1.0
2024-05-05 23:34:29,739 [WARN] PackLoader:240 - Cannot read IP mode file for STMicroelectronics.FP-SNS-FLIGHT1.5.0.2
2024-05-05 23:34:29,746 [WARN] PackLoader:240 - Cannot read IP mode file for STMicroelectronics.X-CUBE-DISPLAY.3.0.0
2024-05-05 23:34:29,756 [WARN] PackLoader:240 - Cannot read IP mode file for STMicroelectronics.X-CUBE-BLE1.7.0.0
2024-05-05 23:34:29,762 [WARN] PackLoader:240 - Cannot read IP mode file for emotas.I-CUBE-CANOPEN.1.3.0
2024-05-05 23:34:29,772 [WARN] PackLoader:240 - Cannot read IP mode file for STMicroelectronics.X-CUBE-BLEMGR.3.1.0
2024-05-05 23:34:29,777 [WARN] PackLoader:240 - Cannot read IP mode file for STMicroelectronics.FP-SNS-SMARTAG2.1.2.0
2024-05-05 23:34:29,785 [INFO] LogOutputStream:77 - [STDOUT_REDIRECT] 1 : Invalid condition id : UX_CORESTACK_Condition cause : null
2024-05-05 23:34:29,787 [INFO] LogOutputStream:77 - [STDOUT_REDIRECT] 1 : Invalid condition id : UX_CORESTACK_Condition cause : null
2024-05-05 23:34:29,787 [INFO] LogOutputStream:77 - [STDOUT_REDIRECT] 1 : Invalid condition id : UX_CORESTACK_Condition cause : null
2024-05-05 23:34:29,788 [INFO] LogOutputStream:77 - [STDOUT_REDIRECT] 1 : Invalid condition id : UX_CORESTACK_Condition cause : null
2024-05-05 23:34:29,789 [INFO] LogOutputStream:77 - [STDOUT_REDIRECT] 1 : Invalid condition id : UX_CORESTACK_Condition cause : null
2024-05-05 23:34:29,793 [WARN] PackLoader:240 - Cannot read IP mode file for STMicroelectronics.X-CUBE-AZRTOS-WL.2.0.0
2024-05-05 23:34:29,797 [WARN] PackLoader:240 - Cannot read IP mode file for STMicroelectronics.FP-SNS-MOTENV1.5.0.0
2024-05-05 23:34:29,805 [WARN] PackLoader:240 - Cannot read IP mode file for WES.I-CUBE-Cesium.1.3.0
2024-05-05 23:34:29,809 [WARN] PackLoader:240 - Cannot read IP mode file for STMicroelectronics.X-CUBE-BLE2.3.3.0
2024-05-05 23:34:29,813 [WARN] PackLoader:240 - Cannot read IP mode file for STMicroelectronics.X-CUBE-TCPP.4.1.0
2024-05-05 23:34:29,820 [WARN] PackLoader:240 - Cannot read IP mode file for STMicroelectronics.X-CUBE-ALGOBUILD.1.3.0
2024-05-05 23:34:29,833 [WARN] PackLoader:240 - Cannot read IP mode file for STMicroelectronics.X-CUBE-AZRTOS-G0.1.1.0
2024-05-05 23:34:29,841 [WARN] PackLoader:240 - Cannot read IP mode file for STMicroelectronics.X-CUBE-SAFEA1.1.2.2
2024-05-05 23:34:29,845 [WARN] PackLoader:240 - Cannot read IP mode file for STMicroelectronics.X-CUBE-NFC4.3.0.0
2024-05-05 23:34:29,849 [WARN] PackLoader:240 - Cannot read IP mode file for wolfSSL.I-CUBE-wolfSSL.5.7.0
2024-05-05 23:34:29,852 [WARN] PackLoader:240 - Cannot read IP mode file for STMicroelectronics.FP-ATR-SIGFOX1.3.2.0
2024-05-05 23:34:29,856 [WARN] PackLoader:240 - Cannot read IP mode file for STMicroelectronics.X-CUBE-EEPRMA1.5.1.0
2024-05-05 23:34:29,862 [WARN] PackLoader:240 - Cannot read IP mode file for ITTIA_DB.I-CUBE-ITTIADB.8.9.0
2024-05-05 23:34:29,894 [WARN] PackLoader:240 - Cannot read IP mode file for SEGGER.I-CUBE-embOS.1.3.1
2024-05-05 23:34:29,935 [WARN] PackLoader:240 - Cannot read IP mode file for STMicroelectronics.X-CUBE-GNSS1.6.0.0
2024-05-05 23:34:29,949 [WARN] PackLoader:240 - Cannot read IP mode file for STMicroelectronics.X-CUBE-AZRTOS-F4.1.1.0
2024-05-05 23:34:29,954 [WARN] PackLoader:240 - Cannot read IP mode file for STMicroelectronics.X-CUBE-FREERTOS.1.2.0
2024-05-05 23:34:29,966 [WARN] PackLoader:240 - Cannot read IP mode file for STMicroelectronics.X-CUBE-AZRTOS-L5.2.0.0
2024-05-05 23:34:29,975 [WARN] PackLoader:240 - Cannot read IP mode file for STMicroelectronics.X-CUBE-NFC6.3.1.0
2024-05-05 23:34:29,981 [WARN] PackLoader:240 - Cannot read IP mode file for STMicroelectronics.X-CUBE-AI.9.0.0
2024-05-05 23:34:29,985 [WARN] PackLoader:240 - Cannot read IP mode file for STMicroelectronics.X-CUBE-NFC7.1.0.1
2024-05-05 23:34:29,998 [WARN] ConditionMgr:438 - getConditionDescription Invalid condition id : LAN8742 Phy interface Condition cause : null
2024-05-05 23:34:29,999 [WARN] PackLoader:240 - Cannot read IP mode file for STMicroelectronics.X-CUBE-AZRTOS-L4.2.0.0
2024-05-05 23:34:29,999 [WARN] ConditionMgr:1039 - genDependencies : Invalid condition id : LAN8742 Phy interface Condition cause : null
2024-05-05 23:34:30,000 [WARN] ConditionMgr:1039 - genDependencies : Invalid condition id : LAN8742 Phy interface Condition cause : null
2024-05-05 23:34:30,000 [WARN] ConditionMgr:1039 - genDependencies : Invalid condition id : LAN8742 Phy interface Condition cause : null
2024-05-05 23:34:30,005 [WARN] PackLoader:240 - Cannot read IP mode file for STMicroelectronics.X-CUBE-SFXS2LP1.4.0.0
2024-05-05 23:34:30,016 [WARN] ConditionMgr:438 - getConditionDescription Invalid condition id : UX DEVICE CLASS RTOS Condition cause : null
2024-05-05 23:34:30,017 [WARN] ConditionMgr:438 - getConditionDescription Invalid condition id : UX DEVICE CLASS RTOS Condition cause : null
2024-05-05 23:34:30,020 [WARN] PackLoader:240 - Cannot read IP mode file for STMicroelectronics.X-CUBE-AZRTOS-WB.2.0.0
2024-05-05 23:34:30,020 [WARN] ConditionMgr:1039 - genDependencies : Invalid condition id : UX DEVICE CLASS RTOS Condition cause : null
2024-05-05 23:34:30,020 [WARN] ConditionMgr:1039 - genDependencies : Invalid condition id : UX DEVICE CLASS RTOS Condition cause : null
2024-05-05 23:34:30,021 [WARN] ConditionMgr:1039 - genDependencies : Invalid condition id : UX DEVICE CLASS RTOS Condition cause : null
2024-05-05 23:34:30,021 [WARN] ConditionMgr:1039 - genDependencies : Invalid condition id : UX DEVICE CLASS RTOS Condition cause : null
2024-05-05 23:34:30,021 [WARN] ConditionMgr:1039 - genDependencies : Invalid condition id : UX DEVICE CLASS RTOS Condition cause : null
2024-05-05 23:34:30,029 [WARN] PackLoader:240 - Cannot read IP mode file for STMicroelectronics.X-CUBE-SUBG2.5.0.0
2024-05-05 23:34:30,044 [WARN] PackLoader:240 - Cannot read IP mode file for STMicroelectronics.X-CUBE-AZRTOS-G4.2.0.0
2024-05-05 23:34:30,049 [WARN] PackLoader:240 - Cannot read IP mode file for STMicroelectronics.X-CUBE-ISPU.2.0.0
2024-05-05 23:34:30,082 [WARN] PackLoader:240 - Cannot read IP mode file for STMicroelectronics.X-CUBE-MEMS1.10.0.0
2024-05-05 23:34:30,215 [WARN] PackLoader:240 - Cannot read IP mode file for portGmbH.I-Cube-SoM-uGOAL.1.1.0
2024-05-05 23:34:30,219 [WARN] PackLoader:240 - Cannot read IP mode file for STMicroelectronics.X-CUBE-ALS.1.0.1
2024-05-05 23:34:30,231 [WARN] PackLoader:240 - Cannot read IP mode file for STMicroelectronics.X-CUBE-AZRTOS-H7RS.1.0.0
2024-05-05 23:34:30,235 [WARN] PackLoader:240 - Cannot read IP mode file for STMicroelectronics.FP-ATR-ASTRA1.2.0.0
2024-05-05 23:34:30,244 [WARN] PackLoader:240 - Cannot read IP mode file for STMicroelectronics.X-CUBE-TOF1.3.4.1
2024-05-05 23:34:30,264 [WARN] PackLoader:240 - Cannot read IP mode file for STMicroelectronics.X-CUBE-AZRTOS-H7.3.2.0
2024-05-05 23:34:30,281 [WARN] PackLoader:240 - Cannot read IP mode file for Infineon.AIROC-Wi-Fi-Bluetooth-STM32.1.6.0
2024-05-05 23:34:30,285 [INFO] ThirdParty:978 - Integrity check success = true
2024-05-05 23:34:30,285 [INFO] IntegrityCheckThread:100 - exiting critical section [integrity check]
2024-05-05 23:34:30,285 [INFO] IntegrityCheckThread:103 - End integrity checks thread
2024-05-05 23:35:37,534 [ERROR] LogOutputStream:75 - [STDERR_REDIRECT] 
2024-05-05 23:35:37,535 [ERROR] LogOutputStream:75 - [STDERR_REDIRECT] 
2024-05-05 23:45:46,632 [INFO] Activator:176 - 


2024-05-05 23:45:46,634 [INFO] Activator:177 - !SESSION log4j initialized
2024-05-05 23:45:49,273 [INFO] LogOutputStream:77 - [STDOUT_REDIRECT] 
2024-05-05 23:45:51,023 [INFO] ApplicationProperties:184 - Using Application install path: C:\ST\STM32CubeIDE_1.15.1\STM32CubeIDE\plugins\com.st.stm32cube.common.mx_6.11.1.202404110753
2024-05-05 23:45:51,040 [INFO] DbMcusXml:78 - Set database path to: C:\ST\STM32CubeIDE_1.15.1\STM32CubeIDE\plugins\com.st.stm32cube.common.mx_6.11.1.202404110753\\db\/mcu/
2024-05-05 23:45:51,040 [INFO] ApiDb:274 - Set plugin database path to: C:\ST\STM32CubeIDE_1.15.1\STM32CubeIDE\plugins\com.st.stm32cube.common.mx_6.11.1.202404110753\\db\/plugins/boardmanager/
2024-05-05 23:45:51,041 [WARN] ApiDb:259 - Overriding images path with different value:  => C:\ST\STM32CubeIDE_1.15.1\STM32CubeIDE\plugins\com.st.stm32cube.common.mx_6.11.1.202404110753\\db\/plugins/mcufinder/images/
2024-05-05 23:45:51,046 [INFO] ApiDb:250 - Set database path to: C:\Users\Shikhar Chaurasia\.stmcufinder\plugins\mcufinder//mcu/
2024-05-05 23:45:51,046 [INFO] DbMcusAds:125 - Set database path to: C:\Users\Shikhar Chaurasia\.stmcufinder\plugins\mcufinder//mcu/
2024-05-05 23:45:51,049 [INFO] CrossReferenceDbSqlite:203 - Set database path to: C:\Users\Shikhar Chaurasia\.stmcufinder\plugins\mcufinder//mcu/cs/
2024-05-05 23:45:51,151 [INFO] RulesReader:64 - Compatibility file has been processed (297 Rules)
2024-05-05 23:45:51,216 [INFO] DbMcusXml:78 - Set database path to: C:\ST\STM32CubeIDE_1.15.1\STM32CubeIDE\plugins\com.st.stm32cube.common.mx_6.11.1.202404110753\\db\/mcu/
2024-05-05 23:45:51,216 [INFO] ApiDb:274 - Set plugin database path to: C:\ST\STM32CubeIDE_1.15.1\STM32CubeIDE\plugins\com.st.stm32cube.common.mx_6.11.1.202404110753\\db\/plugins/boardmanager/
2024-05-05 23:45:51,216 [INFO] ApiDb:261 - Set plugin images path to: C:\ST\STM32CubeIDE_1.15.1\STM32CubeIDE\plugins\com.st.stm32cube.common.mx_6.11.1.202404110753\\db\/plugins/mcufinder/images/
2024-05-05 23:45:51,218 [WARN] DbFile:41 - Overriding database path with different value: C:\Users\Shikhar Chaurasia\.stmcufinder\plugins\mcufinder/ => C:\Users\Shikhar Chaurasia\.stmcufinder\plugins\mcufinder
2024-05-05 23:45:51,218 [INFO] ApiDb:250 - Set database path to: C:\Users\Shikhar Chaurasia\.stmcufinder\plugins\mcufinder//mcu/
2024-05-05 23:45:51,218 [WARN] DbFile:41 - Overriding database path with different value: C:\Users\Shikhar Chaurasia\.stmcufinder\plugins\mcufinder/ => C:\Users\Shikhar Chaurasia\.stmcufinder\plugins\mcufinder
2024-05-05 23:45:51,218 [INFO] DbMcusAds:125 - Set database path to: C:\Users\Shikhar Chaurasia\.stmcufinder\plugins\mcufinder//mcu/
2024-05-05 23:45:51,218 [WARN] DbFile:41 - Overriding database path with different value: C:\Users\Shikhar Chaurasia\.stmcufinder\plugins\mcufinder/ => C:\Users\Shikhar Chaurasia\.stmcufinder\plugins\mcufinder
2024-05-05 23:45:51,218 [WARN] DbFile:41 - Overriding database path with different value: C:\Users\Shikhar Chaurasia\.stmcufinder\plugins\mcufinder/ => C:\Users\Shikhar Chaurasia\.stmcufinder\plugins\mcufinder
2024-05-05 23:45:51,218 [INFO] CrossReferenceDbSqlite:203 - Set database path to: C:\Users\Shikhar Chaurasia\.stmcufinder\plugins\mcufinder//mcu/cs/
2024-05-05 23:45:51,282 [INFO] MainPanel:264 - HeapMemory: 268435456
2024-05-05 23:45:51,342 [INFO] DbMcusXml:78 - Set database path to: C:\ST\STM32CubeIDE_1.15.1\STM32CubeIDE\plugins\com.st.stm32cube.common.mx_6.11.1.202404110753\\db\/mcu/
2024-05-05 23:45:51,342 [INFO] ApiDb:274 - Set plugin database path to: C:\ST\STM32CubeIDE_1.15.1\STM32CubeIDE\plugins\com.st.stm32cube.common.mx_6.11.1.202404110753\\db\/plugins/boardmanager/
2024-05-05 23:45:51,342 [INFO] ApiDb:261 - Set plugin images path to: C:\ST\STM32CubeIDE_1.15.1\STM32CubeIDE\plugins\com.st.stm32cube.common.mx_6.11.1.202404110753\\db\/plugins/mcufinder/images/
2024-05-05 23:45:51,343 [WARN] DbFile:41 - Overriding database path with different value: C:\Users\Shikhar Chaurasia\.stmcufinder\plugins\mcufinder/ => C:\Users\Shikhar Chaurasia\.stmcufinder\plugins\mcufinder
2024-05-05 23:45:51,343 [INFO] ApiDb:250 - Set database path to: C:\Users\Shikhar Chaurasia\.stmcufinder\plugins\mcufinder//mcu/
2024-05-05 23:45:51,343 [WARN] DbFile:41 - Overriding database path with different value: C:\Users\Shikhar Chaurasia\.stmcufinder\plugins\mcufinder/ => C:\Users\Shikhar Chaurasia\.stmcufinder\plugins\mcufinder
2024-05-05 23:45:51,343 [INFO] DbMcusAds:125 - Set database path to: C:\Users\Shikhar Chaurasia\.stmcufinder\plugins\mcufinder//mcu/
2024-05-05 23:45:51,343 [WARN] DbFile:41 - Overriding database path with different value: C:\Users\Shikhar Chaurasia\.stmcufinder\plugins\mcufinder/ => C:\Users\Shikhar Chaurasia\.stmcufinder\plugins\mcufinder
2024-05-05 23:45:51,343 [WARN] DbFile:41 - Overriding database path with different value: C:\Users\Shikhar Chaurasia\.stmcufinder\plugins\mcufinder/ => C:\Users\Shikhar Chaurasia\.stmcufinder\plugins\mcufinder
2024-05-05 23:45:51,343 [INFO] CrossReferenceDbSqlite:203 - Set database path to: C:\Users\Shikhar Chaurasia\.stmcufinder\plugins\mcufinder//mcu/cs/
2024-05-05 23:45:51,358 [INFO] ApplicationProperties:184 - Using Application install path: C:\ST\STM32CubeIDE_1.15.1\STM32CubeIDE\plugins\com.st.stm32cube.common.mx_6.11.1.202404110753
2024-05-05 23:45:51,359 [INFO] PluginManage:196 - Search for loadable plugins [exclusion list=, ]
2024-05-05 23:45:51,359 [INFO] PluginManage:310 - Check plugin analytics
2024-05-05 23:45:51,509 [INFO] AnalyticsPlugin:253 - Accepted Software Licenses: 
2024-05-05 23:45:51,509 [INFO] AnalyticsPlugin:255 - Accepted CMSIS Pack Licenses: 
2024-05-05 23:45:51,509 [INFO] AnalyticsPlugin:257 - Accepted Firmware Licenses: 
2024-05-05 23:45:51,512 [INFO] PluginManage:359 - Loaded plugin analytics (category:tool,tabindex:-1)
2024-05-05 23:45:51,512 [INFO] PluginManage:310 - Check plugin cadmodel
2024-05-05 23:45:51,516 [INFO] CADModel:105 - Init CAD model plugin
2024-05-05 23:45:51,516 [INFO] PluginManage:359 - Loaded plugin cadmodel (category:power,tabindex:5)
2024-05-05 23:45:51,516 [INFO] PluginManage:310 - Check plugin clock
2024-05-05 23:45:51,523 [INFO] PluginManage:359 - Loaded plugin clock (category:base,tabindex:2)
2024-05-05 23:45:51,524 [INFO] PluginManage:310 - Check plugin ddr
2024-05-05 23:45:51,525 [INFO] PluginManage:359 - Loaded plugin ddr (category:tool,tabindex:6)
2024-05-05 23:45:51,525 [INFO] PluginManage:310 - Check plugin filemanager
2024-05-05 23:45:51,650 [INFO] PluginManage:359 - Loaded plugin filemanager (category:base,tabindex:10)
2024-05-05 23:45:51,651 [INFO] PluginManage:310 - Check plugin ipmanager
2024-05-05 23:45:51,657 [INFO] PluginManage:359 - Loaded plugin ipmanager (category:base,tabindex:5)
2024-05-05 23:45:51,658 [INFO] PluginManage:310 - Check plugin lpbam
2024-05-05 23:45:51,664 [INFO] PluginManage:359 - Loaded plugin lpbam (category:base,tabindex:0)
2024-05-05 23:45:51,664 [INFO] PluginManage:310 - Check plugin memorymap
2024-05-05 23:45:51,674 [INFO] PluginManage:359 - Loaded plugin memorymap (category:base,tabindex:4)
2024-05-05 23:45:51,674 [INFO] PluginManage:310 - Check plugin pinoutandconfiguration
2024-05-05 23:45:51,680 [INFO] PluginManage:359 - Loaded plugin pinoutandconfiguration (category:base,tabindex:1)
2024-05-05 23:45:51,680 [INFO] PluginManage:310 - Check plugin pinoutconfig
2024-05-05 23:45:51,748 [WARN] SupportedApi:132 - Cannot load RTOS API schema: s4s-elt-must-match.1: The content of 'definitions' must match (annotation?, (simpleType | complexType)?, (unique | key | keyref)*)). A problem was found starting at: attribute.
2024-05-05 23:45:51,856 [INFO] PluginManage:359 - Loaded plugin pinoutconfig (category:base,tabindex:0)
2024-05-05 23:45:51,856 [INFO] PluginManage:310 - Check plugin power
2024-05-05 23:45:51,862 [INFO] PluginManage:359 - Loaded plugin power (category:power,tabindex:4)
2024-05-05 23:45:51,863 [INFO] PluginManage:310 - Check plugin projectmanager
2024-05-05 23:45:51,876 [INFO] PluginManage:359 - Loaded plugin projectmanager (category:projectmanager,tabindex:3)
2024-05-05 23:45:51,876 [INFO] PluginManage:310 - Check plugin thirdparty
2024-05-05 23:45:51,995 [INFO] PluginManage:359 - Loaded plugin thirdparty (category:base,tabindex:-1)
2024-05-05 23:45:51,995 [WARN] IntegrityCheckThread:84 - waiting for thirdparty lock release [integrity check]
2024-05-05 23:45:51,995 [INFO] PluginManage:310 - Check plugin tools
2024-05-05 23:45:51,995 [INFO] IntegrityCheckThread:86 - entering critical section [integrity check]
2024-05-05 23:45:51,995 [INFO] ThirdPartyUpdaterWithRetryManager:70 - Updater plugin not ready yet. [1/15]
2024-05-05 23:45:51,997 [INFO] PluginManage:359 - Loaded plugin tools (category:base,tabindex:7)
2024-05-05 23:45:51,997 [INFO] PluginManage:310 - Check plugin tutovideos
2024-05-05 23:45:52,135 [INFO] PluginManage:359 - Loaded plugin tutovideos (category:base,tabindex:-1)
2024-05-05 23:45:52,135 [INFO] PluginManage:310 - Check plugin updater
2024-05-05 23:45:52,144 [INFO] PluginManage:359 - Loaded plugin updater (category:base,tabindex:12)
2024-05-05 23:45:52,144 [INFO] PluginManage:310 - Check plugin userauth
2024-05-05 23:45:52,148 [INFO] UserAuth:114 - Init User Auth plugin
2024-05-05 23:45:52,148 [INFO] PluginManage:359 - Loaded plugin userauth (category:base,tabindex:14)
2024-05-05 23:45:52,148 [INFO] PluginManage:283 - PluginManage : Loaded plugins [17]
2024-05-05 23:45:52,329 [INFO] PinOutPanel:1561 - setPackage(No Configuration,No Configuration)
2024-05-05 23:45:52,391 [INFO] CADModel:165 - CPN selected for project level
2024-05-05 23:45:52,391 [INFO] CADModel:114 - Register for checkConnection events
2024-05-05 23:45:52,404 [INFO] IPUIPlugin:80 - create IPUIPlugin
2024-05-05 23:45:52,404 [INFO] PluginManager:220 - loadIPPluginJar : add adc
2024-05-05 23:45:52,406 [INFO] IPUIPlugin:80 - create IPUIPlugin
2024-05-05 23:45:52,406 [INFO] PluginManager:220 - loadIPPluginJar : add aes
2024-05-05 23:45:52,408 [INFO] IPUIPlugin:80 - create IPUIPlugin
2024-05-05 23:45:52,408 [INFO] PluginManager:220 - loadIPPluginJar : add can
2024-05-05 23:45:52,411 [INFO] IPUIPlugin:80 - create IPUIPlugin
2024-05-05 23:45:52,411 [INFO] PluginManager:220 - loadIPPluginJar : add comp
2024-05-05 23:45:52,413 [INFO] IPUIPlugin:80 - create IPUIPlugin
2024-05-05 23:45:52,413 [INFO] PluginManager:220 - loadIPPluginJar : add cryp
2024-05-05 23:45:52,416 [INFO] IPUIPlugin:80 - create IPUIPlugin
2024-05-05 23:45:52,416 [INFO] PluginManager:220 - loadIPPluginJar : add dfsdm
2024-05-05 23:45:52,420 [INFO] IPUIPlugin:80 - create IPUIPlugin
2024-05-05 23:45:52,421 [INFO] PluginManager:220 - loadIPPluginJar : add dma
2024-05-05 23:45:52,423 [INFO] IPUIPlugin:80 - create IPUIPlugin
2024-05-05 23:45:52,423 [INFO] PluginManager:220 - loadIPPluginJar : add dma3
2024-05-05 23:45:52,425 [INFO] IPUIPlugin:80 - create IPUIPlugin
2024-05-05 23:45:52,426 [INFO] PluginManager:220 - loadIPPluginJar : add extmemmanager
2024-05-05 23:45:52,428 [INFO] IPUIPlugin:80 - create IPUIPlugin
2024-05-05 23:45:52,428 [INFO] PluginManager:220 - loadIPPluginJar : add fatfs
2024-05-05 23:45:52,433 [INFO] IPUIPlugin:80 - create IPUIPlugin
2024-05-05 23:45:52,433 [INFO] PluginManager:220 - loadIPPluginJar : add fmc
2024-05-05 23:45:52,439 [INFO] IPUIPlugin:80 - create IPUIPlugin
2024-05-05 23:45:52,440 [INFO] PluginManager:220 - loadIPPluginJar : add freertos
2024-05-05 23:45:52,442 [INFO] IPUIPlugin:80 - create IPUIPlugin
2024-05-05 23:45:52,442 [INFO] PluginManager:220 - loadIPPluginJar : add genericplugin
2024-05-05 23:45:52,444 [INFO] IPUIPlugin:80 - create IPUIPlugin
2024-05-05 23:45:52,444 [INFO] PluginManager:220 - loadIPPluginJar : add gfxmmu
2024-05-05 23:45:52,448 [INFO] IPUIPlugin:80 - create IPUIPlugin
2024-05-05 23:45:52,448 [INFO] PluginManager:220 - loadIPPluginJar : add gic
2024-05-05 23:45:52,451 [INFO] IPUIPlugin:80 - create IPUIPlugin
2024-05-05 23:45:52,451 [INFO] PluginManager:220 - loadIPPluginJar : add gpio
2024-05-05 23:45:52,454 [INFO] IPUIPlugin:80 - create IPUIPlugin
2024-05-05 23:45:52,454 [INFO] PluginManager:220 - loadIPPluginJar : add gtzc
2024-05-05 23:45:52,457 [INFO] IPUIPlugin:80 - create IPUIPlugin
2024-05-05 23:45:52,457 [INFO] PluginManager:220 - loadIPPluginJar : add hash
2024-05-05 23:45:52,458 [INFO] IPUIPlugin:80 - create IPUIPlugin
2024-05-05 23:45:52,458 [INFO] PluginManager:220 - loadIPPluginJar : add i2c
2024-05-05 23:45:52,460 [INFO] IPUIPlugin:80 - create IPUIPlugin
2024-05-05 23:45:52,460 [INFO] PluginManager:220 - loadIPPluginJar : add i2s
2024-05-05 23:45:52,462 [INFO] IPUIPlugin:80 - create IPUIPlugin
2024-05-05 23:45:52,462 [INFO] PluginManager:220 - loadIPPluginJar : add i3c
2024-05-05 23:45:52,464 [INFO] IPUIPlugin:80 - create IPUIPlugin
2024-05-05 23:45:52,464 [INFO] PluginManager:220 - loadIPPluginJar : add ipddr
2024-05-05 23:45:52,469 [INFO] IPUIPlugin:80 - create IPUIPlugin
2024-05-05 23:45:52,469 [INFO] PluginManager:220 - loadIPPluginJar : add linkedlist
2024-05-05 23:45:52,470 [INFO] IPUIPlugin:80 - create IPUIPlugin
2024-05-05 23:45:52,471 [INFO] PluginManager:220 - loadIPPluginJar : add lorawan
2024-05-05 23:45:52,471 [INFO] IPUIPlugin:80 - create IPUIPlugin
2024-05-05 23:45:52,472 [INFO] PluginManager:220 - loadIPPluginJar : add ltdc
2024-05-05 23:45:52,476 [INFO] IPUIPlugin:80 - create IPUIPlugin
2024-05-05 23:45:52,476 [INFO] PluginManager:220 - loadIPPluginJar : add mdma
2024-05-05 23:45:52,479 [INFO] IPUIPlugin:80 - create IPUIPlugin
2024-05-05 23:45:52,479 [INFO] PluginManager:220 - loadIPPluginJar : add nvic
2024-05-05 23:45:52,481 [INFO] IPUIPlugin:80 - create IPUIPlugin
2024-05-05 23:45:52,481 [INFO] PluginManager:220 - loadIPPluginJar : add opamp
2024-05-05 23:45:52,485 [INFO] IPUIPlugin:80 - create IPUIPlugin
2024-05-05 23:45:52,485 [INFO] PluginManager:220 - loadIPPluginJar : add openamp
2024-05-05 23:45:52,487 [INFO] IPUIPlugin:80 - create IPUIPlugin
2024-05-05 23:45:52,487 [INFO] PluginManager:220 - loadIPPluginJar : add pdm2pcm
2024-05-05 23:45:52,493 [INFO] IPUIPlugin:80 - create IPUIPlugin
2024-05-05 23:45:52,496 [INFO] PluginManager:220 - loadIPPluginJar : add plateformsettings
2024-05-05 23:45:52,496 [INFO] IPUIPlugin:80 - create IPUIPlugin
2024-05-05 23:45:52,498 [INFO] PluginManager:220 - loadIPPluginJar : add quadspi
2024-05-05 23:45:52,500 [INFO] IPUIPlugin:80 - create IPUIPlugin
2024-05-05 23:45:52,500 [INFO] PluginManager:220 - loadIPPluginJar : add resmgrutility
2024-05-05 23:45:52,502 [INFO] IPUIPlugin:80 - create IPUIPlugin
2024-05-05 23:45:52,502 [INFO] PluginManager:220 - loadIPPluginJar : add sai
2024-05-05 23:45:52,504 [INFO] IPUIPlugin:80 - create IPUIPlugin
2024-05-05 23:45:52,504 [INFO] PluginManager:220 - loadIPPluginJar : add spi
2024-05-05 23:45:52,509 [INFO] IPUIPlugin:80 - create IPUIPlugin
2024-05-05 23:45:52,509 [INFO] PluginManager:220 - loadIPPluginJar : add stm32_wpan
2024-05-05 23:45:52,510 [INFO] IPUIPlugin:80 - create IPUIPlugin
2024-05-05 23:45:52,510 [INFO] PluginManager:220 - loadIPPluginJar : add tim
2024-05-05 23:45:52,513 [INFO] IPUIPlugin:80 - create IPUIPlugin
2024-05-05 23:45:52,513 [INFO] PluginManager:220 - loadIPPluginJar : add touchsensing
2024-05-05 23:45:52,514 [INFO] IPUIPlugin:80 - create IPUIPlugin
2024-05-05 23:45:52,514 [INFO] PluginManager:220 - loadIPPluginJar : add tracer_emb
2024-05-05 23:45:52,515 [INFO] IPUIPlugin:80 - create IPUIPlugin
2024-05-05 23:45:52,516 [INFO] PluginManager:220 - loadIPPluginJar : add ts
2024-05-05 23:45:52,516 [INFO] IPUIPlugin:80 - create IPUIPlugin
2024-05-05 23:45:52,516 [INFO] PluginManager:220 - loadIPPluginJar : add tsc
2024-05-05 23:45:52,518 [INFO] IPUIPlugin:80 - create IPUIPlugin
2024-05-05 23:45:52,518 [INFO] PluginManager:220 - loadIPPluginJar : add ucpd
2024-05-05 23:45:52,520 [INFO] IPUIPlugin:80 - create IPUIPlugin
2024-05-05 23:45:52,520 [INFO] PluginManager:220 - loadIPPluginJar : add usart
2024-05-05 23:45:52,523 [INFO] IPUIPlugin:80 - create IPUIPlugin
2024-05-05 23:45:52,523 [INFO] PluginManager:220 - loadIPPluginJar : add usbx
2024-05-05 23:45:52,649 [INFO] CADModel:165 - CPN selected for project level
2024-05-05 23:45:52,649 [INFO] CADModel:114 - Register for checkConnection events
2024-05-05 23:45:52,649 [FATAL] Updater:308 - Updater called before beeing initialized
2024-05-05 23:45:52,649 [ERROR] CADModel:125 - Updater not yet initialized, retry later 
2024-05-05 23:45:52,762 [INFO] CADModel:165 - CPN selected for project level
2024-05-05 23:45:52,762 [INFO] CADModel:114 - Register for checkConnection events
2024-05-05 23:45:52,762 [FATAL] Updater:308 - Updater called before beeing initialized
2024-05-05 23:45:52,762 [ERROR] CADModel:125 - Updater not yet initialized, retry later 
2024-05-05 23:45:52,765 [FATAL] Updater:308 - Updater called before beeing initialized
2024-05-05 23:45:52,848 [FATAL] Updater:308 - Updater called before beeing initialized
2024-05-05 23:45:52,854 [INFO] DbMcusAds:53 - JSON generation date=Thu Sep 30 02:55:09 EDT 2021 (1632984909247)
2024-05-05 23:45:52,855 [FATAL] Updater:308 - Updater called before beeing initialized
2024-05-05 23:45:52,885 [WARN] DetailPanel:346 - Failed to get advertising image, set to default
2024-05-05 23:45:52,966 [FATAL] Updater:308 - Updater called before beeing initialized
2024-05-05 23:45:52,967 [FATAL] Updater:308 - Updater called before beeing initialized
2024-05-05 23:45:52,967 [FATAL] Updater:308 - Updater called before beeing initialized
2024-05-05 23:45:52,967 [WARN] DetailPanel:346 - Failed to get advertising image, set to default
2024-05-05 23:45:52,968 [FATAL] Updater:308 - Updater called before beeing initialized
2024-05-05 23:45:53,012 [ERROR] Updater:1120 - MainUpdater not yet initialized. External WinMGr cannot be set.
2024-05-05 23:45:53,013 [INFO] Updater:1056 - Updater Version found : 6.11.1
2024-05-05 23:45:53,040 [INFO] ApplicationProperties:184 - Using Application install path: C:\ST\STM32CubeIDE_1.15.1\STM32CubeIDE\plugins\com.st.stm32cube.common.mx_6.11.1.202404110753
2024-05-05 23:45:54,624 [ERROR] LogOutputStream:75 - [STDERR_REDIRECT] May 05, 2024 11:45:54 PM java.util.prefs.WindowsPreferences <init>
2024-05-05 23:45:54,626 [ERROR] LogOutputStream:75 - [STDERR_REDIRECT] WARNING: Could not open/create prefs root node Software\JavaSoft\Prefs at root 0xffffffff80000002. Windows RegCreateKeyEx(...) returned error code 5.
2024-05-05 23:45:54,626 [ERROR] LogOutputStream:75 - [STDERR_REDIRECT] 
2024-05-05 23:45:54,862 [INFO] MainUpdater:2873 - connection check result : 10
2024-05-05 23:45:54,863 [INFO] MainUpdater:290 - Updater Check For Update Now.
2024-05-05 23:45:54,863 [INFO] MicroXplorer:498 - Change Database Version : DB.6.0.111
2024-05-05 23:45:54,871 [INFO] McuFinderGlobals:63 - Set McuFinder mode to 2 (CubeIDE integrated)
2024-05-05 23:45:54,871 [INFO] UserAuth:179 - activating auth plugin
2024-05-05 23:45:54,873 [INFO] UserAuth:415 - Internet connection configuration mode: 1
2024-05-05 23:45:54,889 [INFO] JxBrowserEngine:152 - Initiate JxBrowser Engine with user profile folder
2024-05-05 23:45:54,998 [WARN] MainUpdater:1194 - Updater busy. Cannot search thirdparties
2024-05-05 23:45:54,998 [INFO] ThirdPartyUpdaterWithRetryManager:96 - Updater plugin is busy. [1/15]
2024-05-05 23:45:55,032 [INFO] CheckServerUpdateThread:120 - End of CheckServer Thread
2024-05-05 23:45:55,470 [INFO] WebApp:161 - Instantiating new browser for Auth
2024-05-05 23:45:55,969 [INFO] WebApp:779 - Register for checkConnection events
2024-05-05 23:45:55,969 [INFO] WebApp:414 - Apply proxy settings
2024-05-05 23:45:55,970 [INFO] WebApp:499 - Chromium requires no authentication
2024-05-05 23:45:55,975 [INFO] WebApp:442 - Direct internet connection detected
2024-05-05 23:45:56,106 [INFO] WebApp:192 - Starting web application
2024-05-05 23:45:56,106 [INFO] WebApp:544 - Web application path used C:\ST\STM32CubeIDE_1.15.1\STM32CubeIDE\plugins\com.st.stm32cube.common.mx_6.11.1.202404110753\db\plugins\mcufinder\reactClient1\index.html
2024-05-05 23:45:58,153 [WARN] PackLoader:240 - Cannot read IP mode file for STMicroelectronics.FP-SNS-MOTENVWB1.1.4.0
2024-05-05 23:45:58,164 [WARN] PackLoader:240 - Cannot read IP mode file for STMicroelectronics.X-CUBE-SMBUS.2.1.0
2024-05-05 23:45:58,169 [WARN] PackLoader:240 - Cannot read IP mode file for STMicroelectronics.X-CUBE-TOUCHGFX.4.23.2
2024-05-05 23:45:58,194 [WARN] PackLoader:240 - Cannot read IP mode file for STMicroelectronics.X-CUBE-AZRTOS-F7.1.1.0
2024-05-05 23:45:58,202 [WARN] PackLoader:240 - Cannot read IP mode file for STMicroelectronics.FP-SNS-FLIGHT1.5.0.2
2024-05-05 23:45:58,209 [WARN] PackLoader:240 - Cannot read IP mode file for STMicroelectronics.X-CUBE-DISPLAY.3.0.0
2024-05-05 23:45:58,220 [WARN] PackLoader:240 - Cannot read IP mode file for STMicroelectronics.X-CUBE-BLE1.7.0.0
2024-05-05 23:45:58,225 [WARN] PackLoader:240 - Cannot read IP mode file for emotas.I-CUBE-CANOPEN.1.3.0
2024-05-05 23:45:58,235 [WARN] PackLoader:240 - Cannot read IP mode file for STMicroelectronics.X-CUBE-BLEMGR.3.1.0
2024-05-05 23:45:58,241 [WARN] PackLoader:240 - Cannot read IP mode file for STMicroelectronics.FP-SNS-SMARTAG2.1.2.0
2024-05-05 23:45:58,250 [INFO] LogOutputStream:77 - [STDOUT_REDIRECT] 1 : Invalid condition id : UX_CORESTACK_Condition cause : null
2024-05-05 23:45:58,250 [INFO] LogOutputStream:77 - [STDOUT_REDIRECT] 1 : Invalid condition id : UX_CORESTACK_Condition cause : null
2024-05-05 23:45:58,251 [INFO] LogOutputStream:77 - [STDOUT_REDIRECT] 1 : Invalid condition id : UX_CORESTACK_Condition cause : null
2024-05-05 23:45:58,252 [INFO] LogOutputStream:77 - [STDOUT_REDIRECT] 1 : Invalid condition id : UX_CORESTACK_Condition cause : null
2024-05-05 23:45:58,253 [INFO] LogOutputStream:77 - [STDOUT_REDIRECT] 1 : Invalid condition id : UX_CORESTACK_Condition cause : null
2024-05-05 23:45:58,257 [WARN] PackLoader:240 - Cannot read IP mode file for STMicroelectronics.X-CUBE-AZRTOS-WL.2.0.0
2024-05-05 23:45:58,262 [WARN] PackLoader:240 - Cannot read IP mode file for STMicroelectronics.FP-SNS-MOTENV1.5.0.0
2024-05-05 23:45:58,271 [WARN] PackLoader:240 - Cannot read IP mode file for WES.I-CUBE-Cesium.1.3.0
2024-05-05 23:45:58,275 [WARN] PackLoader:240 - Cannot read IP mode file for STMicroelectronics.X-CUBE-BLE2.3.3.0
2024-05-05 23:45:58,279 [WARN] PackLoader:240 - Cannot read IP mode file for STMicroelectronics.X-CUBE-TCPP.4.1.0
2024-05-05 23:45:58,293 [WARN] PackLoader:240 - Cannot read IP mode file for STMicroelectronics.X-CUBE-ALGOBUILD.1.3.0
2024-05-05 23:45:58,307 [WARN] PackLoader:240 - Cannot read IP mode file for STMicroelectronics.X-CUBE-AZRTOS-G0.1.1.0
2024-05-05 23:45:58,314 [WARN] PackLoader:240 - Cannot read IP mode file for STMicroelectronics.X-CUBE-SAFEA1.1.2.2
2024-05-05 23:45:58,318 [WARN] PackLoader:240 - Cannot read IP mode file for STMicroelectronics.X-CUBE-NFC4.3.0.0
2024-05-05 23:45:58,322 [WARN] PackLoader:240 - Cannot read IP mode file for wolfSSL.I-CUBE-wolfSSL.5.7.0
2024-05-05 23:45:58,326 [WARN] PackLoader:240 - Cannot read IP mode file for STMicroelectronics.FP-ATR-SIGFOX1.3.2.0
2024-05-05 23:45:58,331 [WARN] PackLoader:240 - Cannot read IP mode file for STMicroelectronics.X-CUBE-EEPRMA1.5.1.0
2024-05-05 23:45:58,337 [WARN] PackLoader:240 - Cannot read IP mode file for ITTIA_DB.I-CUBE-ITTIADB.8.9.0
2024-05-05 23:45:58,362 [WARN] PackLoader:240 - Cannot read IP mode file for SEGGER.I-CUBE-embOS.1.3.1
2024-05-05 23:45:58,394 [WARN] PackLoader:240 - Cannot read IP mode file for STMicroelectronics.X-CUBE-GNSS1.6.0.0
2024-05-05 23:45:58,407 [WARN] PackLoader:240 - Cannot read IP mode file for STMicroelectronics.X-CUBE-AZRTOS-F4.1.1.0
2024-05-05 23:45:58,412 [WARN] PackLoader:240 - Cannot read IP mode file for STMicroelectronics.X-CUBE-FREERTOS.1.2.0
2024-05-05 23:45:58,424 [WARN] PackLoader:240 - Cannot read IP mode file for STMicroelectronics.X-CUBE-AZRTOS-L5.2.0.0
2024-05-05 23:45:58,436 [WARN] PackLoader:240 - Cannot read IP mode file for STMicroelectronics.X-CUBE-NFC6.3.1.0
2024-05-05 23:45:58,443 [WARN] PackLoader:240 - Cannot read IP mode file for STMicroelectronics.X-CUBE-AI.9.0.0
2024-05-05 23:45:58,448 [WARN] PackLoader:240 - Cannot read IP mode file for STMicroelectronics.X-CUBE-NFC7.1.0.1
2024-05-05 23:45:58,472 [WARN] ConditionMgr:438 - getConditionDescription Invalid condition id : LAN8742 Phy interface Condition cause : null
2024-05-05 23:45:58,473 [WARN] PackLoader:240 - Cannot read IP mode file for STMicroelectronics.X-CUBE-AZRTOS-L4.2.0.0
2024-05-05 23:45:58,474 [WARN] ConditionMgr:1039 - genDependencies : Invalid condition id : LAN8742 Phy interface Condition cause : null
2024-05-05 23:45:58,474 [WARN] ConditionMgr:1039 - genDependencies : Invalid condition id : LAN8742 Phy interface Condition cause : null
2024-05-05 23:45:58,474 [WARN] ConditionMgr:1039 - genDependencies : Invalid condition id : LAN8742 Phy interface Condition cause : null
2024-05-05 23:45:58,492 [WARN] PackLoader:240 - Cannot read IP mode file for STMicroelectronics.X-CUBE-SFXS2LP1.4.0.0
2024-05-05 23:45:58,510 [WARN] ConditionMgr:438 - getConditionDescription Invalid condition id : UX DEVICE CLASS RTOS Condition cause : null
2024-05-05 23:45:58,511 [WARN] ConditionMgr:438 - getConditionDescription Invalid condition id : UX DEVICE CLASS RTOS Condition cause : null
2024-05-05 23:45:58,513 [WARN] PackLoader:240 - Cannot read IP mode file for STMicroelectronics.X-CUBE-AZRTOS-WB.2.0.0
2024-05-05 23:45:58,514 [WARN] ConditionMgr:1039 - genDependencies : Invalid condition id : UX DEVICE CLASS RTOS Condition cause : null
2024-05-05 23:45:58,514 [WARN] ConditionMgr:1039 - genDependencies : Invalid condition id : UX DEVICE CLASS RTOS Condition cause : null
2024-05-05 23:45:58,515 [WARN] ConditionMgr:1039 - genDependencies : Invalid condition id : UX DEVICE CLASS RTOS Condition cause : null
2024-05-05 23:45:58,515 [WARN] ConditionMgr:1039 - genDependencies : Invalid condition id : UX DEVICE CLASS RTOS Condition cause : null
2024-05-05 23:45:58,515 [WARN] ConditionMgr:1039 - genDependencies : Invalid condition id : UX DEVICE CLASS RTOS Condition cause : null
2024-05-05 23:45:58,538 [WARN] PackLoader:240 - Cannot read IP mode file for STMicroelectronics.X-CUBE-SUBG2.5.0.0
2024-05-05 23:45:58,557 [WARN] PackLoader:240 - Cannot read IP mode file for STMicroelectronics.X-CUBE-AZRTOS-G4.2.0.0
2024-05-05 23:45:58,562 [WARN] PackLoader:240 - Cannot read IP mode file for STMicroelectronics.X-CUBE-ISPU.2.0.0
2024-05-05 23:45:58,592 [WARN] PackLoader:240 - Cannot read IP mode file for STMicroelectronics.X-CUBE-MEMS1.10.0.0
2024-05-05 23:45:58,711 [WARN] PackLoader:240 - Cannot read IP mode file for portGmbH.I-Cube-SoM-uGOAL.1.1.0
2024-05-05 23:45:58,715 [WARN] PackLoader:240 - Cannot read IP mode file for STMicroelectronics.X-CUBE-ALS.1.0.1
2024-05-05 23:45:58,726 [WARN] PackLoader:240 - Cannot read IP mode file for STMicroelectronics.X-CUBE-AZRTOS-H7RS.1.0.0
2024-05-05 23:45:58,732 [WARN] PackLoader:240 - Cannot read IP mode file for STMicroelectronics.FP-ATR-ASTRA1.2.0.0
2024-05-05 23:45:58,739 [WARN] PackLoader:240 - Cannot read IP mode file for STMicroelectronics.X-CUBE-TOF1.3.4.1
2024-05-05 23:45:58,761 [WARN] PackLoader:240 - Cannot read IP mode file for STMicroelectronics.X-CUBE-AZRTOS-H7.3.2.0
2024-05-05 23:45:58,771 [WARN] PackLoader:240 - Cannot read IP mode file for Infineon.AIROC-Wi-Fi-Bluetooth-STM32.1.6.0
2024-05-05 23:45:58,774 [INFO] ThirdParty:978 - Integrity check success = true
2024-05-05 23:45:58,774 [INFO] IntegrityCheckThread:100 - exiting critical section [integrity check]
2024-05-05 23:45:58,774 [INFO] IntegrityCheckThread:103 - End integrity checks thread
2024-05-05 23:46:08,740 [INFO] McuFinderGlobals:63 - Set McuFinder mode to 2 (CubeIDE integrated)
2024-05-05 23:46:08,762 [INFO] MainUpdater:2873 - connection check result : 10
2024-05-05 23:46:08,783 [INFO] McuFinderGlobals:76 - Set McuFinderConnectedMode to true
2024-05-05 23:46:08,980 [INFO] ServerAccessManage:473 - Download File mcusAds.json._tmp_
2024-05-05 23:46:09,096 [INFO] LoadUrlFilesThread:156 - End of LoadUrlFiles Thread
2024-05-05 23:46:10,320 [INFO] ServerAccessManage:473 - Download File cube-finder-db.zip
2024-05-05 23:46:12,074 [INFO] FileExtend:240 - Unzip File : cube-finder-db.zip
2024-05-05 23:46:12,075 [INFO] FileExtend:255 - Standard Zip Deflate
2024-05-05 23:46:12,828 [INFO] LoadUrlFilesThread:156 - End of LoadUrlFiles Thread
2024-05-05 23:46:13,435 [INFO] ServerAccessManage:473 - Download File crdb.zip
2024-05-05 23:46:14,128 [INFO] FileExtend:240 - Unzip File : crdb.zip
2024-05-05 23:46:14,129 [INFO] FileExtend:255 - Standard Zip Deflate
2024-05-05 23:46:14,258 [INFO] LoadUrlFilesThread:156 - End of LoadUrlFiles Thread
2024-05-05 23:46:15,449 [INFO] ServerAccessManage:473 - Download File tutoVideoDB.zip
2024-05-05 23:46:15,469 [INFO] FileExtend:240 - Unzip File : tutoVideoDB.zip
2024-05-05 23:46:15,469 [INFO] FileExtend:255 - Standard Zip Deflate
2024-05-05 23:46:15,585 [INFO] LoadUrlFilesThread:156 - End of LoadUrlFiles Thread
2024-05-05 23:46:15,586 [WARN] DbFile:41 - Overriding database path with different value: C:\Users\Shikhar Chaurasia\.stmcufinder\plugins\mcufinder/ => C:\Users\Shikhar Chaurasia\.stmcufinder\plugins\mcufinder
2024-05-05 23:46:16,220 [INFO] ServerAccessManage:473 - Download File api_config.json
2024-05-05 23:46:16,327 [INFO] LoadUrlFilesThread:156 - End of LoadUrlFiles Thread
2024-05-05 23:46:16,328 [INFO] DbMcusAds:53 - JSON generation date=Thu May 02 04:37:29 EDT 2024 (1714639049318)
2024-05-05 23:46:16,601 [INFO] ServerAccessManage:473 - Download File 
2024-05-05 23:46:16,607 [INFO] LoadUrlFilesThread:185 - End of LoadServerUrlFiles without Thread
2024-05-05 23:46:16,607 [INFO] TargetSelectorAdapter:259 - Refresh data is successful
2024-05-05 23:46:17,527 [INFO] ApiDb:581 - Connected to CubeFinder SQLite database (C:\Users\Shikhar Chaurasia\.stmcufinder\plugins\mcufinder\mcu\cube-finder-db.db)
2024-05-05 23:46:17,595 [INFO] ApiDb:668 - CubeFinder database Data Model version=2.1
2024-05-05 23:46:17,596 [INFO] ApiDb:669 - CubeFinder database Configuration version=3.0.39
2024-05-05 23:46:17,596 [INFO] ApiDb:670 - CubeFinder database generation date=2024-04-15 (1713193726)
2024-05-05 23:46:17,596 [INFO] ApiDb:671 - CubeFinder database FW Pack versions=[FP-ATR-ASTRA1_V2.0.0, FP-SNS-FLIGHT1_V5.0.1, FP-SNS-FLIGHT1_V5.0.2, FP-SNS-MOTENV1_V4.3.1, FP-SNS-MOTENV1_V4.3.2, FP-SNS-MOTENVWB1_V1.3.1, FP-SNS-SMARTAG2_V1.2.0, STM32Cube_FW_C0_V1.1.0, STM32Cube_FW_F4_V1.28.0, STM32Cube_FW_F7_V1.17.0, STM32Cube_FW_G0_V1.6.2, STM32Cube_FW_G4_V1.5.2, STM32Cube_FW_H5_V0.5.1, STM32Cube_FW_H5_V1.1.1, STM32Cube_FW_H5_V1.2.0, STM32Cube_FW_H5_V1.2.0RC4, STM32Cube_FW_H7RS_V1.0.0, STM32Cube_FW_H7RS_V1.0.0RC4, STM32Cube_FW_H7_V1.11.0, STM32Cube_FW_L0_V1.12.2, STM32Cube_FW_L5_V1.5.1, STM32Cube_FW_U0_V1.0.0, STM32Cube_FW_U0_V1.0.0RC1, STM32Cube_FW_U5_V1.3.0RC4, STM32Cube_FW_U5_V1.5.0, STM32Cube_FW_U5_V1.5.0RC1, STM32Cube_FW_WBA_V1.0.0RC1, STM32Cube_FW_WBA_V1.2.0, STM32Cube_FW_WBA_V1.2.0RC2, STM32Cube_FW_WBA_V1.3.0, STM32Cube_FW_WBA_V1.3.0RC1, STM32Cube_FW_WB_V1.15.0RC1, STM32Cube_FW_WB_V1.16.0, STM32Cube_FW_WB_V1.16.0RC2, STM32Cube_FW_WB_V1.18.0, STM32Cube_FW_WB_V1.19.0, STM32Cube_FW_WL_V1.3.0, X-CUBE-ALGOBUILD_V1.3.0, X-CUBE-ALS_V1.0.1, X-CUBE-AZRTOS-F4_V1.1.0, X-CUBE-AZRTOS-F7_V1.1.0, X-CUBE-AZRTOS-G0_V1.1.0, X-CUBE-AZRTOS-G4_V2.0.0, X-CUBE-AZRTOS-H7_V3.2.0, X-CUBE-AZRTOS-L4_V1.0.0, X-CUBE-AZRTOS-L4_V2.0.0, X-CUBE-AZRTOS-L5_V1.1.0, X-CUBE-AZRTOS-WB_V2.0.0, X-CUBE-AZRTOS-WL_V2.0.0, X-CUBE-BLE1_V7.0.0, X-CUBE-BLE2_V3.3.0, X-CUBE-BLEMGR_V3.1.0, X-CUBE-EEPRMA1_V4.1.0, X-CUBE-EEPRMA1_V5.1.0, X-CUBE-FREERTOS_V1.1.0, X-CUBE-GNSS1_V6.0.0, X-CUBE-MEMS1_V10.0.0, X-CUBE-MEMS1_V9.1.0, X-CUBE-MEMS1_V9.4.0, X-CUBE-MEMS1_V9.6.0, X-CUBE-NFC4_V3.0.0, X-CUBE-NFC7_V1.0.1, X-CUBE-SFXS2LP1_V4.0.0, X-CUBE-SUBG2_V5.0.0, X-CUBE-TOF1_V3.4.0]
2024-05-05 23:46:19,509 [INFO] ApiDb:240 - Found 483 in-development CPN: [B-G473E-ZEST1S, B-WB1M-WPAN1, B-WL5M-SUBG1, NUCLEO-C031C6, NUCLEO-H503RB, NUCLEO-H533RE, NUCLEO-H563ZI, NUCLEO-H7S3L8, NUCLEO-U031R8, NUCLEO-U083RC, NUCLEO-U545RE-Q, NUCLEO-U5A5ZJ-Q, NUCLEO-WBA52CG, NUCLEO-WBA55CG, STEVAL-PROTEUS1, STEVAL-SMARTAG2, STEVAL-STWINBX1, STM320518-EVAL, STM32C0116-DK, STM32C011D6Y3TR, STM32C011D6Y6TR, STM32C011F4P3, STM32C011F4P6, STM32C011F4U3, STM32C011F4U6TR, STM32C011F6P3, STM32C011F6P6, STM32C011F6U3, STM32C011F6U6TR, STM32C011J4M3, STM32C011J4M6, STM32C011J6M3, STM32C011J6M6, STM32C0316-DK, STM32C031C4T3, STM32C031C4T6, STM32C031C4U3, STM32C031C4U6, STM32C031C6T3, STM32C031C6T6, STM32C031C6U3, STM32C031C6U6, STM32C031F4P3, STM32C031F4P6, STM32C031F6P3, STM32C031F6P6, STM32C031G4U3, STM32C031G4U6, STM32C031G6U3, STM32C031G6U6, STM32C031K4T3, STM32C031K4T6, STM32C031K4U3, STM32C031K4U6, STM32C031K6T3, STM32C031K6T6, STM32C031K6U3, STM32C031K6U6, STM32G071K8TXN, STM32G071K8UXN, STM32G081GBU6N, STM32G081KBT6N, STM32G081KBUXN, STM32G0B1CCT6N, STM32G0B1KCT6, STM32G0B1NEY6TR, STM32G0B1RCT6N, STM32G0C1CCT6, STM32G0C1CCT6N, STM32G0C1CCU6N, STM32G0C1CET6N, STM32G0C1CEU6N, STM32G0C1KCT6, STM32G0C1NEY6TR, STM32G0C1RCI6N, STM32G0C1RCT6N, STM32G0C1REI6N, STM32G0C1RET6N, STM32G0C1VCI6, STM32G0C1VEI6, STM32G471CCT6, STM32G471CCU6, STM32G471CET3, STM32G471CET6, STM32G471CEU3, STM32G471CEU6, STM32G471MCT6, STM32G471MET3, STM32G471MET6, STM32G471MEY6TR, STM32G471QCT6, STM32G471QET3, STM32G471RCT6, STM32G471RET3, STM32G471RET6, STM32G471VCH6, STM32G471VCI6, STM32G471VCT6, STM32G471VEH3, STM32G471VEH6, STM32G471VEI3, STM32G471VEI6, STM32G471VET3, STM32G471VET6, STM32G474CCT6, STM32H503CBT6, STM32H503CBU6, STM32H503EBY6TR, STM32H503KBU6, STM32H503RBT6, STM32H523CCT6, STM32H523CCU6, STM32H523CET6, STM32H523CEU6, STM32H523HEY6TR, STM32H523RCT6, STM32H523RET6, STM32H523VCI6, STM32H523VCT6, STM32H523VEI6, STM32H523VET6, STM32H523ZCJ6, STM32H523ZCT6, STM32H523ZEJ6, STM32H523ZET6, STM32H533CET6, STM32H533CEU6, STM32H533HEY6TR, STM32H533RET6, STM32H533VEI6, STM32H533VET6, STM32H533ZEJ6, STM32H533ZET6, STM32H562AGI6, STM32H562AII6, STM32H562IGK6, STM32H562IGT6, STM32H562IIK6, STM32H562IIT6, STM32H562RGT6, STM32H562RGV6, STM32H562RIT6, STM32H562RIV6, STM32H562VGT6, STM32H562VIT6, STM32H562ZGT6, STM32H562ZIT6, STM32H563AGI6, STM32H563AII3Q, STM32H563AII6, STM32H563IGK6, STM32H563IGT6, STM32H563IIK3Q, STM32H563IIK6, STM32H563IIT3Q, STM32H563IIT6, STM32H563MIY3QTR, STM32H563RGT6, STM32H563RGV6, STM32H563RIT6, STM32H563RIV6, STM32H563VGT6, STM32H563VIT3Q, STM32H563VIT6, STM32H563ZGT6, STM32H563ZIT3Q, STM32H563ZIT6, STM32H573AII3Q, STM32H573AII6, STM32H573I-DK, STM32H573IIK3Q, STM32H573IIK6, STM32H573IIT3Q, STM32H573IIT6, STM32H573MIY3QTR, STM32H573RIT6, STM32H573RIV6, STM32H573VIT3Q, STM32H573VIT6, STM32H573ZIT3Q, STM32H573ZIT6, STM32H7R3A8I6, STM32H7R3I8K6, STM32H7R3I8T6, STM32H7R3L8H6, STM32H7R3L8H6H, STM32H7R3R8V6, STM32H7R3V8H6, STM32H7R3V8T6, STM32H7R3V8Y6, STM32H7R3Z8J6, STM32H7R3Z8T6, STM32H7R7A8I6, STM32H7R7I8K6, STM32H7R7I8T6, STM32H7R7L8H6, STM32H7R7L8H6H, STM32H7R7Z8J6, STM32H7S3A8I6, STM32H7S3I8K6, STM32H7S3I8T6, STM32H7S3L8H6, STM32H7S3L8H6H, STM32H7S3R8V6, STM32H7S3V8H6, STM32H7S3V8T6, STM32H7S3V8Y6, STM32H7S3Z8J6, STM32H7S3Z8T6, STM32H7S78-DK, STM32H7S7A8I6, STM32H7S7I8K6, STM32H7S7I8T6, STM32H7S7L8H6, STM32H7S7L8H6H, STM32H7S7Z8J6, STM32L4R5QGI6STR, STM32MP131AAE3, STM32MP131AAF3, STM32MP131AAG3, STM32MP131CAE3, STM32MP131CAF3, STM32MP131CAG3, STM32MP131DAE7, STM32MP131DAF7, STM32MP131DAG7, STM32MP131FAE7, STM32MP131FAF7, STM32MP131FAG7, STM32MP133AAE3, STM32MP133AAF3, STM32MP133AAG3, STM32MP133CAE3, STM32MP133CAF3, STM32MP133CAG3, STM32MP133DAE7, STM32MP133DAF7, STM32MP133DAG7, STM32MP133FAE7, STM32MP133FAF7, STM32MP133FAG7, STM32MP135AAE3, STM32MP135AAF3, STM32MP135AAG3, STM32MP135CAE3, STM32MP135CAF3, STM32MP135CAG3, STM32MP135DAE7, STM32MP135DAF7, STM32MP135DAG7, STM32MP135F-DK, STM32MP135FAE7, STM32MP135FAF7, STM32MP135FAF7T, STM32MP135FAF7U, STM32MP135FAG7, STM32U031C6T6, STM32U031C6U6, STM32U031C8T6, STM32U031C8U6, STM32U031F4P6, STM32U031F6P6, STM32U031F8P6, STM32U031G6Y6TR, STM32U031G8Y6TR, STM32U031K4U6, STM32U031K6U6, STM32U031K8U6, STM32U031R6I6, STM32U031R6T6, STM32U031R8I6, STM32U031R8T6, STM32U073C8T6, STM32U073C8U6, STM32U073CBT6, STM32U073CBU6, STM32U073CCT6, STM32U073CCU6, STM32U073H8Y6TR, STM32U073HBY6TR, STM32U073HCY6TR, STM32U073K8U6, STM32U073KBU6, STM32U073KCU6, STM32U073M8I6, STM32U073M8T6, STM32U073MBI6, STM32U073MBT6, STM32U073MCI6, STM32U073MCT6, STM32U073R8I6, STM32U073R8T6, STM32U073RBI6, STM32U073RBT6, STM32U073RCI6, STM32U073RCT6, STM32U083C-DK, STM32U083CCT6, STM32U083CCU6, STM32U083HCY6TR, STM32U083KCU6, STM32U083MCI6, STM32U083MCT6, STM32U083RCI6, STM32U083RCT6, STM32U535CBT6, STM32U535CBT6Q, STM32U535CBU6, STM32U535CBU6Q, STM32U535CCT6, STM32U535CCT6Q, STM32U535CCU6, STM32U535CCU6Q, STM32U535CET6, STM32U535CET6Q, STM32U535CEU6, STM32U535CEU6Q, STM32U535JEY6QTR, STM32U535NCY6QTR, STM32U535NEY6QTR, STM32U535RBI6, STM32U535RBI6Q, STM32U535RBT6, STM32U535RBT6Q, STM32U535RCI6, STM32U535RCI6Q, STM32U535RCT6, STM32U535RCT6Q, STM32U535REI6, STM32U535REI6Q, STM32U535RET6, STM32U535RET6Q, STM32U535VCI6, STM32U535VCI6Q, STM32U535VCT6, STM32U535VCT6Q, STM32U535VEI6, STM32U535VEI6Q, STM32U535VET6, STM32U535VET6Q, STM32U545CET6, STM32U545CET6Q, STM32U545CEU6, STM32U545CEU6Q, STM32U545JEY6QTR, STM32U545NEY6QTR, STM32U545REI6, STM32U545REI6Q, STM32U545RET6, STM32U545RET6Q, STM32U545VEI6, STM32U545VEI6Q, STM32U545VET6, STM32U545VET6Q, STM32U595AIH6, STM32U595AIH6Q, STM32U595AJH6, STM32U595AJH6Q, STM32U595QII6, STM32U595QII6Q, STM32U595QJI6, STM32U595QJI6Q, STM32U595RIT6, STM32U595RIT6Q, STM32U595RJT6, STM32U595RJT6Q, STM32U595VIT6, STM32U595VIT6Q, STM32U595VJT6, STM32U595VJT6Q, STM32U595ZIT6, STM32U595ZIT6Q, STM32U595ZIY6QTR, STM32U595ZJT6, STM32U595ZJT6Q, STM32U595ZJY6QTR, STM32U599BJY6QTR, STM32U599NIH6Q, STM32U599NJH6Q, STM32U599VIT6Q, STM32U599VJT6, STM32U599VJT6Q, STM32U599ZIT6Q, STM32U599ZIY6QTR, STM32U599ZJT6Q, STM32U599ZJY6QTR, STM32U5A5AJH6, STM32U5A5AJH6Q, STM32U5A5QII3Q , STM32U5A5QJI6, STM32U5A5QJI6Q, STM32U5A5RJT6, STM32U5A5RJT6Q, STM32U5A5VJT6, STM32U5A5VJT6Q, STM32U5A5ZJT6, STM32U5A5ZJT6Q, STM32U5A5ZJY6QTR, STM32U5A9BJY6QTR, STM32U5A9J-DK, STM32U5A9NJH6Q, STM32U5A9VJT6Q, STM32U5A9ZJT6Q, STM32U5A9ZJY6QTR, STM32U5F7VIT6, STM32U5F7VIT6Q, STM32U5F7VJT6, STM32U5F7VJT6Q, STM32U5F9BJY6QTR, STM32U5F9NJH6Q, STM32U5F9VIT6Q, STM32U5F9VJT6Q, STM32U5F9ZIJ6QTR, STM32U5F9ZIT6Q, STM32U5F9ZJJ6QTR, STM32U5F9ZJT6Q, STM32U5G7VJT6, STM32U5G7VJT6Q, STM32U5G9BJY6QTR, STM32U5G9J-DK1, STM32U5G9J-DK2, STM32U5G9NJH6Q, STM32U5G9VJT6Q, STM32U5G9ZJJ6QTR, STM32U5G9ZJT6Q, STM32WB1MMCH6, STM32WBA50KEU6, STM32WBA50KEU6TR, STM32WBA50KGU6, STM32WBA50KGU6TR, STM32WBA52CEU6, STM32WBA52CEU6TR, STM32WBA52CEU7, STM32WBA52CEU7TR, STM32WBA52CGU6, STM32WBA52CGU6TR, STM32WBA52CGU6U, STM32WBA52CGU7, STM32WBA52CGU7TR, STM32WBA52KEU6, STM32WBA52KEU6TR, STM32WBA52KGU6, STM32WBA52KGU6TR, STM32WBA54CEU6, STM32WBA54CEU6TR, STM32WBA54CEU7, STM32WBA54CEU7TR, STM32WBA54CGU6, STM32WBA54CGU6TR, STM32WBA54CGU7, STM32WBA54CGU7TR, STM32WBA54KEU6, STM32WBA54KEU6TR, STM32WBA54KEU7, STM32WBA54KEU7TR, STM32WBA54KGU6, STM32WBA54KGU6TR, STM32WBA54KGU7, STM32WBA54KGU7TR, STM32WBA55CEU6, STM32WBA55CEU6TR, STM32WBA55CEU7, STM32WBA55CEU7TR, STM32WBA55CGU6, STM32WBA55CGU6TR, STM32WBA55CGU6U, STM32WBA55CGU7, STM32WBA55CGU7TR, STM32WBA55G-DK1, STM32WBA55HEF6, STM32WBA55HEF7, STM32WBA55HGF6, STM32WBA55HGF7, STM32WBA55UEI6, STM32WBA55UEI6TR, STM32WBA55UEI7, STM32WBA55UEI7TR, STM32WBA55UGI6, STM32WBA55UGI6TR, STM32WBA55UGI7, STM32WBA55UGI7TR, STM32WL5MOCH6, STM32WL5MOCH6TR]
2024-05-05 23:46:19,513 [INFO] DbMcus:218 - Found 4096 MCUs, 4096 are supported
2024-05-05 23:46:19,514 [INFO] ApiDb:414 - User favorites file not found: C:\Users\Shikhar Chaurasia/.stm32cubeide/favorites.mcus.txt
2024-05-05 23:46:19,514 [INFO] DbMcus:224 - Set 0 / 0 favorites MCUs
2024-05-05 23:46:19,822 [INFO] ApiDb:668 - CubeFinder database Data Model version=2.1
2024-05-05 23:46:19,823 [INFO] ApiDb:669 - CubeFinder database Configuration version=3.0.39
2024-05-05 23:46:19,823 [INFO] ApiDb:670 - CubeFinder database generation date=2024-04-15 (1713193726)
2024-05-05 23:46:19,823 [INFO] ApiDb:671 - CubeFinder database FW Pack versions=[FP-ATR-ASTRA1_V2.0.0, FP-SNS-FLIGHT1_V5.0.1, FP-SNS-FLIGHT1_V5.0.2, FP-SNS-MOTENV1_V4.3.1, FP-SNS-MOTENV1_V4.3.2, FP-SNS-MOTENVWB1_V1.3.1, FP-SNS-SMARTAG2_V1.2.0, STM32Cube_FW_C0_V1.1.0, STM32Cube_FW_F4_V1.28.0, STM32Cube_FW_F7_V1.17.0, STM32Cube_FW_G0_V1.6.2, STM32Cube_FW_G4_V1.5.2, STM32Cube_FW_H5_V0.5.1, STM32Cube_FW_H5_V1.1.1, STM32Cube_FW_H5_V1.2.0, STM32Cube_FW_H5_V1.2.0RC4, STM32Cube_FW_H7RS_V1.0.0, STM32Cube_FW_H7RS_V1.0.0RC4, STM32Cube_FW_H7_V1.11.0, STM32Cube_FW_L0_V1.12.2, STM32Cube_FW_L5_V1.5.1, STM32Cube_FW_U0_V1.0.0, STM32Cube_FW_U0_V1.0.0RC1, STM32Cube_FW_U5_V1.3.0RC4, STM32Cube_FW_U5_V1.5.0, STM32Cube_FW_U5_V1.5.0RC1, STM32Cube_FW_WBA_V1.0.0RC1, STM32Cube_FW_WBA_V1.2.0, STM32Cube_FW_WBA_V1.2.0RC2, STM32Cube_FW_WBA_V1.3.0, STM32Cube_FW_WBA_V1.3.0RC1, STM32Cube_FW_WB_V1.15.0RC1, STM32Cube_FW_WB_V1.16.0, STM32Cube_FW_WB_V1.16.0RC2, STM32Cube_FW_WB_V1.18.0, STM32Cube_FW_WB_V1.19.0, STM32Cube_FW_WL_V1.3.0, X-CUBE-ALGOBUILD_V1.3.0, X-CUBE-ALS_V1.0.1, X-CUBE-AZRTOS-F4_V1.1.0, X-CUBE-AZRTOS-F7_V1.1.0, X-CUBE-AZRTOS-G0_V1.1.0, X-CUBE-AZRTOS-G4_V2.0.0, X-CUBE-AZRTOS-H7_V3.2.0, X-CUBE-AZRTOS-L4_V1.0.0, X-CUBE-AZRTOS-L4_V2.0.0, X-CUBE-AZRTOS-L5_V1.1.0, X-CUBE-AZRTOS-WB_V2.0.0, X-CUBE-AZRTOS-WL_V2.0.0, X-CUBE-BLE1_V7.0.0, X-CUBE-BLE2_V3.3.0, X-CUBE-BLEMGR_V3.1.0, X-CUBE-EEPRMA1_V4.1.0, X-CUBE-EEPRMA1_V5.1.0, X-CUBE-FREERTOS_V1.1.0, X-CUBE-GNSS1_V6.0.0, X-CUBE-MEMS1_V10.0.0, X-CUBE-MEMS1_V9.1.0, X-CUBE-MEMS1_V9.4.0, X-CUBE-MEMS1_V9.6.0, X-CUBE-NFC4_V3.0.0, X-CUBE-NFC7_V1.0.1, X-CUBE-SFXS2LP1_V4.0.0, X-CUBE-SUBG2_V5.0.0, X-CUBE-TOF1_V3.4.0]
2024-05-05 23:46:19,873 [INFO] DbBoardsSqlite:226 - include board P-NUCLEO-WB55-NUCLEO as a kit item of type 'Nucleo-64'
2024-05-05 23:46:19,873 [INFO] DbBoardsSqlite:226 - include board P-NUCLEO-WB55-USBDONGLE as a kit item of type 'Nucleo USB Dongle'
2024-05-05 23:46:19,873 [INFO] DbBoardsSqlite:226 - include board STEVAL-IDP005V1 as a kit item of type 'Evaluation Board'
2024-05-05 23:46:19,873 [INFO] DbBoardsSqlite:226 - include board STEVAL-IDP005V2 as a kit item of type 'Evaluation Board'
2024-05-05 23:46:19,926 [INFO] ApiDb:240 - Found 483 in-development CPN: [B-G473E-ZEST1S, B-WB1M-WPAN1, B-WL5M-SUBG1, NUCLEO-C031C6, NUCLEO-H503RB, NUCLEO-H533RE, NUCLEO-H563ZI, NUCLEO-H7S3L8, NUCLEO-U031R8, NUCLEO-U083RC, NUCLEO-U545RE-Q, NUCLEO-U5A5ZJ-Q, NUCLEO-WBA52CG, NUCLEO-WBA55CG, STEVAL-PROTEUS1, STEVAL-SMARTAG2, STEVAL-STWINBX1, STM320518-EVAL, STM32C0116-DK, STM32C011D6Y3TR, STM32C011D6Y6TR, STM32C011F4P3, STM32C011F4P6, STM32C011F4U3, STM32C011F4U6TR, STM32C011F6P3, STM32C011F6P6, STM32C011F6U3, STM32C011F6U6TR, STM32C011J4M3, STM32C011J4M6, STM32C011J6M3, STM32C011J6M6, STM32C0316-DK, STM32C031C4T3, STM32C031C4T6, STM32C031C4U3, STM32C031C4U6, STM32C031C6T3, STM32C031C6T6, STM32C031C6U3, STM32C031C6U6, STM32C031F4P3, STM32C031F4P6, STM32C031F6P3, STM32C031F6P6, STM32C031G4U3, STM32C031G4U6, STM32C031G6U3, STM32C031G6U6, STM32C031K4T3, STM32C031K4T6, STM32C031K4U3, STM32C031K4U6, STM32C031K6T3, STM32C031K6T6, STM32C031K6U3, STM32C031K6U6, STM32G071K8TXN, STM32G071K8UXN, STM32G081GBU6N, STM32G081KBT6N, STM32G081KBUXN, STM32G0B1CCT6N, STM32G0B1KCT6, STM32G0B1NEY6TR, STM32G0B1RCT6N, STM32G0C1CCT6, STM32G0C1CCT6N, STM32G0C1CCU6N, STM32G0C1CET6N, STM32G0C1CEU6N, STM32G0C1KCT6, STM32G0C1NEY6TR, STM32G0C1RCI6N, STM32G0C1RCT6N, STM32G0C1REI6N, STM32G0C1RET6N, STM32G0C1VCI6, STM32G0C1VEI6, STM32G471CCT6, STM32G471CCU6, STM32G471CET3, STM32G471CET6, STM32G471CEU3, STM32G471CEU6, STM32G471MCT6, STM32G471MET3, STM32G471MET6, STM32G471MEY6TR, STM32G471QCT6, STM32G471QET3, STM32G471RCT6, STM32G471RET3, STM32G471RET6, STM32G471VCH6, STM32G471VCI6, STM32G471VCT6, STM32G471VEH3, STM32G471VEH6, STM32G471VEI3, STM32G471VEI6, STM32G471VET3, STM32G471VET6, STM32G474CCT6, STM32H503CBT6, STM32H503CBU6, STM32H503EBY6TR, STM32H503KBU6, STM32H503RBT6, STM32H523CCT6, STM32H523CCU6, STM32H523CET6, STM32H523CEU6, STM32H523HEY6TR, STM32H523RCT6, STM32H523RET6, STM32H523VCI6, STM32H523VCT6, STM32H523VEI6, STM32H523VET6, STM32H523ZCJ6, STM32H523ZCT6, STM32H523ZEJ6, STM32H523ZET6, STM32H533CET6, STM32H533CEU6, STM32H533HEY6TR, STM32H533RET6, STM32H533VEI6, STM32H533VET6, STM32H533ZEJ6, STM32H533ZET6, STM32H562AGI6, STM32H562AII6, STM32H562IGK6, STM32H562IGT6, STM32H562IIK6, STM32H562IIT6, STM32H562RGT6, STM32H562RGV6, STM32H562RIT6, STM32H562RIV6, STM32H562VGT6, STM32H562VIT6, STM32H562ZGT6, STM32H562ZIT6, STM32H563AGI6, STM32H563AII3Q, STM32H563AII6, STM32H563IGK6, STM32H563IGT6, STM32H563IIK3Q, STM32H563IIK6, STM32H563IIT3Q, STM32H563IIT6, STM32H563MIY3QTR, STM32H563RGT6, STM32H563RGV6, STM32H563RIT6, STM32H563RIV6, STM32H563VGT6, STM32H563VIT3Q, STM32H563VIT6, STM32H563ZGT6, STM32H563ZIT3Q, STM32H563ZIT6, STM32H573AII3Q, STM32H573AII6, STM32H573I-DK, STM32H573IIK3Q, STM32H573IIK6, STM32H573IIT3Q, STM32H573IIT6, STM32H573MIY3QTR, STM32H573RIT6, STM32H573RIV6, STM32H573VIT3Q, STM32H573VIT6, STM32H573ZIT3Q, STM32H573ZIT6, STM32H7R3A8I6, STM32H7R3I8K6, STM32H7R3I8T6, STM32H7R3L8H6, STM32H7R3L8H6H, STM32H7R3R8V6, STM32H7R3V8H6, STM32H7R3V8T6, STM32H7R3V8Y6, STM32H7R3Z8J6, STM32H7R3Z8T6, STM32H7R7A8I6, STM32H7R7I8K6, STM32H7R7I8T6, STM32H7R7L8H6, STM32H7R7L8H6H, STM32H7R7Z8J6, STM32H7S3A8I6, STM32H7S3I8K6, STM32H7S3I8T6, STM32H7S3L8H6, STM32H7S3L8H6H, STM32H7S3R8V6, STM32H7S3V8H6, STM32H7S3V8T6, STM32H7S3V8Y6, STM32H7S3Z8J6, STM32H7S3Z8T6, STM32H7S78-DK, STM32H7S7A8I6, STM32H7S7I8K6, STM32H7S7I8T6, STM32H7S7L8H6, STM32H7S7L8H6H, STM32H7S7Z8J6, STM32L4R5QGI6STR, STM32MP131AAE3, STM32MP131AAF3, STM32MP131AAG3, STM32MP131CAE3, STM32MP131CAF3, STM32MP131CAG3, STM32MP131DAE7, STM32MP131DAF7, STM32MP131DAG7, STM32MP131FAE7, STM32MP131FAF7, STM32MP131FAG7, STM32MP133AAE3, STM32MP133AAF3, STM32MP133AAG3, STM32MP133CAE3, STM32MP133CAF3, STM32MP133CAG3, STM32MP133DAE7, STM32MP133DAF7, STM32MP133DAG7, STM32MP133FAE7, STM32MP133FAF7, STM32MP133FAG7, STM32MP135AAE3, STM32MP135AAF3, STM32MP135AAG3, STM32MP135CAE3, STM32MP135CAF3, STM32MP135CAG3, STM32MP135DAE7, STM32MP135DAF7, STM32MP135DAG7, STM32MP135F-DK, STM32MP135FAE7, STM32MP135FAF7, STM32MP135FAF7T, STM32MP135FAF7U, STM32MP135FAG7, STM32U031C6T6, STM32U031C6U6, STM32U031C8T6, STM32U031C8U6, STM32U031F4P6, STM32U031F6P6, STM32U031F8P6, STM32U031G6Y6TR, STM32U031G8Y6TR, STM32U031K4U6, STM32U031K6U6, STM32U031K8U6, STM32U031R6I6, STM32U031R6T6, STM32U031R8I6, STM32U031R8T6, STM32U073C8T6, STM32U073C8U6, STM32U073CBT6, STM32U073CBU6, STM32U073CCT6, STM32U073CCU6, STM32U073H8Y6TR, STM32U073HBY6TR, STM32U073HCY6TR, STM32U073K8U6, STM32U073KBU6, STM32U073KCU6, STM32U073M8I6, STM32U073M8T6, STM32U073MBI6, STM32U073MBT6, STM32U073MCI6, STM32U073MCT6, STM32U073R8I6, STM32U073R8T6, STM32U073RBI6, STM32U073RBT6, STM32U073RCI6, STM32U073RCT6, STM32U083C-DK, STM32U083CCT6, STM32U083CCU6, STM32U083HCY6TR, STM32U083KCU6, STM32U083MCI6, STM32U083MCT6, STM32U083RCI6, STM32U083RCT6, STM32U535CBT6, STM32U535CBT6Q, STM32U535CBU6, STM32U535CBU6Q, STM32U535CCT6, STM32U535CCT6Q, STM32U535CCU6, STM32U535CCU6Q, STM32U535CET6, STM32U535CET6Q, STM32U535CEU6, STM32U535CEU6Q, STM32U535JEY6QTR, STM32U535NCY6QTR, STM32U535NEY6QTR, STM32U535RBI6, STM32U535RBI6Q, STM32U535RBT6, STM32U535RBT6Q, STM32U535RCI6, STM32U535RCI6Q, STM32U535RCT6, STM32U535RCT6Q, STM32U535REI6, STM32U535REI6Q, STM32U535RET6, STM32U535RET6Q, STM32U535VCI6, STM32U535VCI6Q, STM32U535VCT6, STM32U535VCT6Q, STM32U535VEI6, STM32U535VEI6Q, STM32U535VET6, STM32U535VET6Q, STM32U545CET6, STM32U545CET6Q, STM32U545CEU6, STM32U545CEU6Q, STM32U545JEY6QTR, STM32U545NEY6QTR, STM32U545REI6, STM32U545REI6Q, STM32U545RET6, STM32U545RET6Q, STM32U545VEI6, STM32U545VEI6Q, STM32U545VET6, STM32U545VET6Q, STM32U595AIH6, STM32U595AIH6Q, STM32U595AJH6, STM32U595AJH6Q, STM32U595QII6, STM32U595QII6Q, STM32U595QJI6, STM32U595QJI6Q, STM32U595RIT6, STM32U595RIT6Q, STM32U595RJT6, STM32U595RJT6Q, STM32U595VIT6, STM32U595VIT6Q, STM32U595VJT6, STM32U595VJT6Q, STM32U595ZIT6, STM32U595ZIT6Q, STM32U595ZIY6QTR, STM32U595ZJT6, STM32U595ZJT6Q, STM32U595ZJY6QTR, STM32U599BJY6QTR, STM32U599NIH6Q, STM32U599NJH6Q, STM32U599VIT6Q, STM32U599VJT6, STM32U599VJT6Q, STM32U599ZIT6Q, STM32U599ZIY6QTR, STM32U599ZJT6Q, STM32U599ZJY6QTR, STM32U5A5AJH6, STM32U5A5AJH6Q, STM32U5A5QII3Q , STM32U5A5QJI6, STM32U5A5QJI6Q, STM32U5A5RJT6, STM32U5A5RJT6Q, STM32U5A5VJT6, STM32U5A5VJT6Q, STM32U5A5ZJT6, STM32U5A5ZJT6Q, STM32U5A5ZJY6QTR, STM32U5A9BJY6QTR, STM32U5A9J-DK, STM32U5A9NJH6Q, STM32U5A9VJT6Q, STM32U5A9ZJT6Q, STM32U5A9ZJY6QTR, STM32U5F7VIT6, STM32U5F7VIT6Q, STM32U5F7VJT6, STM32U5F7VJT6Q, STM32U5F9BJY6QTR, STM32U5F9NJH6Q, STM32U5F9VIT6Q, STM32U5F9VJT6Q, STM32U5F9ZIJ6QTR, STM32U5F9ZIT6Q, STM32U5F9ZJJ6QTR, STM32U5F9ZJT6Q, STM32U5G7VJT6, STM32U5G7VJT6Q, STM32U5G9BJY6QTR, STM32U5G9J-DK1, STM32U5G9J-DK2, STM32U5G9NJH6Q, STM32U5G9VJT6Q, STM32U5G9ZJJ6QTR, STM32U5G9ZJT6Q, STM32WB1MMCH6, STM32WBA50KEU6, STM32WBA50KEU6TR, STM32WBA50KGU6, STM32WBA50KGU6TR, STM32WBA52CEU6, STM32WBA52CEU6TR, STM32WBA52CEU7, STM32WBA52CEU7TR, STM32WBA52CGU6, STM32WBA52CGU6TR, STM32WBA52CGU6U, STM32WBA52CGU7, STM32WBA52CGU7TR, STM32WBA52KEU6, STM32WBA52KEU6TR, STM32WBA52KGU6, STM32WBA52KGU6TR, STM32WBA54CEU6, STM32WBA54CEU6TR, STM32WBA54CEU7, STM32WBA54CEU7TR, STM32WBA54CGU6, STM32WBA54CGU6TR, STM32WBA54CGU7, STM32WBA54CGU7TR, STM32WBA54KEU6, STM32WBA54KEU6TR, STM32WBA54KEU7, STM32WBA54KEU7TR, STM32WBA54KGU6, STM32WBA54KGU6TR, STM32WBA54KGU7, STM32WBA54KGU7TR, STM32WBA55CEU6, STM32WBA55CEU6TR, STM32WBA55CEU7, STM32WBA55CEU7TR, STM32WBA55CGU6, STM32WBA55CGU6TR, STM32WBA55CGU6U, STM32WBA55CGU7, STM32WBA55CGU7TR, STM32WBA55G-DK1, STM32WBA55HEF6, STM32WBA55HEF7, STM32WBA55HGF6, STM32WBA55HGF7, STM32WBA55UEI6, STM32WBA55UEI6TR, STM32WBA55UEI7, STM32WBA55UEI7TR, STM32WBA55UGI6, STM32WBA55UGI6TR, STM32WBA55UGI7, STM32WBA55UGI7TR, STM32WL5MOCH6, STM32WL5MOCH6TR]
2024-05-05 23:46:20,069 [INFO] BoardInfo:889 - No configuration file found for board P-NUCLEO-WB55
2024-05-05 23:46:20,069 [INFO] DbBoards:161 - Kit is not supported: P-NUCLEO-WB55
2024-05-05 23:46:20,075 [INFO] BoardInfo:889 - No configuration file found for board STEVAL-BFA001V1B
2024-05-05 23:46:20,076 [INFO] DbBoards:161 - Kit is not supported: STEVAL-BFA001V1B
2024-05-05 23:46:20,076 [INFO] BoardInfo:889 - No configuration file found for board STEVAL-BFA001V2B
2024-05-05 23:46:20,077 [INFO] DbBoards:161 - Kit is not supported: STEVAL-BFA001V2B
2024-05-05 23:46:20,220 [INFO] DbBoards:168 - Found 199 boards, 196 are supported
2024-05-05 23:46:20,220 [INFO] DbBoards:169 - Found 199 boards, 8 of them is supported for  Bsp
2024-05-05 23:46:20,221 [INFO] ApiDb:414 - User favorites file not found: C:\Users\Shikhar Chaurasia/.stm32cubeide/favorites.boards.txt
2024-05-05 23:46:20,221 [INFO] DbBoards:198 - Set 0 / 0 favorites Boards
2024-05-05 23:46:20,226 [INFO] ApiDb:668 - CubeFinder database Data Model version=2.1
2024-05-05 23:46:20,226 [INFO] ApiDb:669 - CubeFinder database Configuration version=3.0.39
2024-05-05 23:46:20,226 [INFO] ApiDb:670 - CubeFinder database generation date=2024-04-15 (1713193726)
2024-05-05 23:46:20,226 [INFO] ApiDb:671 - CubeFinder database FW Pack versions=[FP-ATR-ASTRA1_V2.0.0, FP-SNS-FLIGHT1_V5.0.1, FP-SNS-FLIGHT1_V5.0.2, FP-SNS-MOTENV1_V4.3.1, FP-SNS-MOTENV1_V4.3.2, FP-SNS-MOTENVWB1_V1.3.1, FP-SNS-SMARTAG2_V1.2.0, STM32Cube_FW_C0_V1.1.0, STM32Cube_FW_F4_V1.28.0, STM32Cube_FW_F7_V1.17.0, STM32Cube_FW_G0_V1.6.2, STM32Cube_FW_G4_V1.5.2, STM32Cube_FW_H5_V0.5.1, STM32Cube_FW_H5_V1.1.1, STM32Cube_FW_H5_V1.2.0, STM32Cube_FW_H5_V1.2.0RC4, STM32Cube_FW_H7RS_V1.0.0, STM32Cube_FW_H7RS_V1.0.0RC4, STM32Cube_FW_H7_V1.11.0, STM32Cube_FW_L0_V1.12.2, STM32Cube_FW_L5_V1.5.1, STM32Cube_FW_U0_V1.0.0, STM32Cube_FW_U0_V1.0.0RC1, STM32Cube_FW_U5_V1.3.0RC4, STM32Cube_FW_U5_V1.5.0, STM32Cube_FW_U5_V1.5.0RC1, STM32Cube_FW_WBA_V1.0.0RC1, STM32Cube_FW_WBA_V1.2.0, STM32Cube_FW_WBA_V1.2.0RC2, STM32Cube_FW_WBA_V1.3.0, STM32Cube_FW_WBA_V1.3.0RC1, STM32Cube_FW_WB_V1.15.0RC1, STM32Cube_FW_WB_V1.16.0, STM32Cube_FW_WB_V1.16.0RC2, STM32Cube_FW_WB_V1.18.0, STM32Cube_FW_WB_V1.19.0, STM32Cube_FW_WL_V1.3.0, X-CUBE-ALGOBUILD_V1.3.0, X-CUBE-ALS_V1.0.1, X-CUBE-AZRTOS-F4_V1.1.0, X-CUBE-AZRTOS-F7_V1.1.0, X-CUBE-AZRTOS-G0_V1.1.0, X-CUBE-AZRTOS-G4_V2.0.0, X-CUBE-AZRTOS-H7_V3.2.0, X-CUBE-AZRTOS-L4_V1.0.0, X-CUBE-AZRTOS-L4_V2.0.0, X-CUBE-AZRTOS-L5_V1.1.0, X-CUBE-AZRTOS-WB_V2.0.0, X-CUBE-AZRTOS-WL_V2.0.0, X-CUBE-BLE1_V7.0.0, X-CUBE-BLE2_V3.3.0, X-CUBE-BLEMGR_V3.1.0, X-CUBE-EEPRMA1_V4.1.0, X-CUBE-EEPRMA1_V5.1.0, X-CUBE-FREERTOS_V1.1.0, X-CUBE-GNSS1_V6.0.0, X-CUBE-MEMS1_V10.0.0, X-CUBE-MEMS1_V9.1.0, X-CUBE-MEMS1_V9.4.0, X-CUBE-MEMS1_V9.6.0, X-CUBE-NFC4_V3.0.0, X-CUBE-NFC7_V1.0.1, X-CUBE-SFXS2LP1_V4.0.0, X-CUBE-SUBG2_V5.0.0, X-CUBE-TOF1_V3.4.0]
2024-05-05 23:46:20,877 [ERROR] DbExamplesSqlite:437 - Missing JSON key: board_cpn
2024-05-05 23:46:20,878 [ERROR] DbExamplesSqlite:437 - Missing JSON key: board_cpn
2024-05-05 23:46:20,878 [ERROR] DbExamplesSqlite:437 - Missing JSON key: board_cpn
2024-05-05 23:46:20,878 [ERROR] DbExamplesSqlite:437 - Missing JSON key: board_cpn
2024-05-05 23:46:20,971 [INFO] DbExamplesSqlite:395 - Ignored 60 examples not supported by CubeIDE
2024-05-05 23:46:20,971 [INFO] DbExamplesSqlite:396 - Found 8152 examples active
2024-05-05 23:46:20,971 [INFO] DbExamplesSqlite:397 - Found 871 examples obsolete
2024-05-05 23:46:20,971 [INFO] DbExamplesSqlite:398 - Found 0 examples under development
2024-05-05 23:46:20,971 [INFO] DbExamplesSqlite:399 - Found 10 examples not building
2024-05-05 23:46:20,973 [INFO] DbExamples:125 - Found 8102 examples
2024-05-05 23:46:20,984 [INFO] DbExamples:222 - Found 101 boards with related examples
2024-05-05 23:46:20,984 [INFO] DbExamples:235 - Found 86 MCUs with related examples
2024-05-05 23:46:21,017 [INFO] ApiDb:414 - User favorites file not found: C:\Users\Shikhar Chaurasia/.stm32cubeide/favorites.examples.txt
2024-05-05 23:46:21,017 [INFO] DbExamples:250 - Set 0 / 0 favorites Examples
2024-05-05 23:46:21,301 [INFO] McuFinderGlobals:76 - Set McuFinderConnectedMode to true
2024-05-05 23:46:21,309 [INFO] MultiScanPanel:200 - Auto-refresh data requested => check proxy status ongoing
2024-05-05 23:46:21,312 [INFO] FinderPluginLoader:95 - Searching for filters in installed packs
2024-05-05 23:46:22,625 [INFO] LoadUrlFilesThread:185 - End of LoadServerUrlFiles without Thread
2024-05-05 23:46:22,661 [INFO] DetailPanel:341 - Set advertising image to C:/Users/Shikhar Chaurasia/STM32Cube/Repository/\en.prom-stm32h7rs-mcu-finder.png
2024-05-05 23:51:06,632 [INFO] MultiScanPanel:200 - Auto-refresh data requested => check proxy status ongoing
2024-05-05 23:51:06,752 [INFO] LoadUrlFilesThread:185 - End of LoadServerUrlFiles without Thread
2024-05-05 23:51:06,753 [INFO] DetailPanel:341 - Set advertising image to C:/Users/Shikhar Chaurasia/STM32Cube/Repository/\en.prom-stm32h7rs-mcu-finder.png
2024-05-05 23:51:06,769 [INFO] DbBoards:642 - Loading board mini-images...
2024-05-05 23:51:08,591 [INFO] DbBoards:665 - Loaded 199 board mini-images
2024-05-05 23:55:37,459 [INFO] ServerAccessManage:473 - Download File DB2196.pdf
2024-05-05 23:55:37,673 [INFO] LoadUrlFilesThread:156 - End of LoadUrlFiles Thread
2024-05-05 23:55:37,784 [INFO] BoardAction:139 - Datasheet
2024-05-05 23:56:40,603 [INFO] BoardAction:75 - Docs & Resources
2024-05-05 23:56:54,192 [INFO] ServerAccessManage:473 - Download File UM1724.pdf
2024-05-05 23:56:54,558 [INFO] LoadUrlFilesThread:156 - End of LoadUrlFiles Thread
2024-05-05 23:57:02,636 [INFO] ServerAccessManage:473 - Download File UM1727.pdf
2024-05-05 23:57:02,919 [INFO] LoadUrlFilesThread:156 - End of LoadUrlFiles Thread
2024-05-05 23:58:02,132 [INFO] McuFinderGlobals:76 - Set McuFinderConnectedMode to true
2024-05-05 23:58:02,136 [INFO] ApiDb:448 - Save user favorites file C:\Users\Shikhar Chaurasia/.stm32cubeide/favorites.mcus.txt: 0 item(s)
2024-05-05 23:58:02,136 [INFO] ApiDb:452 - User favorites MCUs=[]
2024-05-05 23:58:02,137 [INFO] ApiDb:448 - Save user favorites file C:\Users\Shikhar Chaurasia/.stm32cubeide/favorites.boards.txt: 0 item(s)
2024-05-05 23:58:02,138 [INFO] ApiDb:452 - User favorites Boards=[]
