2024-05-05 23:19:25,198 [INFO] Activator:176 - 


2024-05-05 23:19:25,200 [INFO] Activator:177 - !SESSION log4j initialized
2024-05-05 23:19:29,489 [INFO] LogOutputStream:77 - [STDOUT_REDIRECT] 
2024-05-05 23:19:31,932 [INFO] ApplicationProperties:184 - Using Application install path: C:\ST\STM32CubeIDE_1.15.1\STM32CubeIDE\plugins\com.st.stm32cube.common.mx_6.11.1.202404110753
2024-05-05 23:19:31,951 [INFO] DbMcusXml:78 - Set database path to: C:\ST\STM32CubeIDE_1.15.1\STM32CubeIDE\plugins\com.st.stm32cube.common.mx_6.11.1.202404110753\\db\/mcu/
2024-05-05 23:19:31,952 [INFO] ApiDb:274 - Set plugin database path to: C:\ST\STM32CubeIDE_1.15.1\STM32CubeIDE\plugins\com.st.stm32cube.common.mx_6.11.1.202404110753\\db\/plugins/boardmanager/
2024-05-05 23:19:31,952 [WARN] ApiDb:259 - Overriding images path with different value:  => C:\ST\STM32CubeIDE_1.15.1\STM32CubeIDE\plugins\com.st.stm32cube.common.mx_6.11.1.202404110753\\db\/plugins/mcufinder/images/
2024-05-05 23:19:33,618 [WARN] ApiFinderProperties:113 - C:\Users\Shikhar Chaurasia\.stmcufinder\plugins\mcufinder\mcu\mcuFinder.mfd doesn't exist
2024-05-05 23:19:33,618 [INFO] ApiDb:250 - Set database path to: C:\Users\Shikhar Chaurasia\.stmcufinder\plugins\mcufinder//mcu/
2024-05-05 23:19:33,619 [INFO] DbMcusAds:125 - Set database path to: C:\Users\Shikhar Chaurasia\.stmcufinder\plugins\mcufinder//mcu/
2024-05-05 23:19:33,620 [INFO] CrossReferenceDbSqlite:203 - Set database path to: C:\Users\Shikhar Chaurasia\.stmcufinder\plugins\mcufinder//mcu/cs/
2024-05-05 23:19:33,745 [INFO] RulesReader:64 - Compatibility file has been processed (297 Rules)
2024-05-05 23:19:33,852 [INFO] DbMcusXml:78 - Set database path to: C:\ST\STM32CubeIDE_1.15.1\STM32CubeIDE\plugins\com.st.stm32cube.common.mx_6.11.1.202404110753\\db\/mcu/
2024-05-05 23:19:33,852 [INFO] ApiDb:274 - Set plugin database path to: C:\ST\STM32CubeIDE_1.15.1\STM32CubeIDE\plugins\com.st.stm32cube.common.mx_6.11.1.202404110753\\db\/plugins/boardmanager/
2024-05-05 23:19:33,852 [INFO] ApiDb:261 - Set plugin images path to: C:\ST\STM32CubeIDE_1.15.1\STM32CubeIDE\plugins\com.st.stm32cube.common.mx_6.11.1.202404110753\\db\/plugins/mcufinder/images/
2024-05-05 23:19:33,852 [WARN] DbFile:41 - Overriding database path with different value: C:\Users\Shikhar Chaurasia\.stmcufinder\plugins\mcufinder/ => C:\Users\Shikhar Chaurasia\.stmcufinder\plugins\mcufinder
2024-05-05 23:19:33,852 [INFO] ApiDb:250 - Set database path to: C:\Users\Shikhar Chaurasia\.stmcufinder\plugins\mcufinder//mcu/
2024-05-05 23:19:33,852 [WARN] DbFile:41 - Overriding database path with different value: C:\Users\Shikhar Chaurasia\.stmcufinder\plugins\mcufinder/ => C:\Users\Shikhar Chaurasia\.stmcufinder\plugins\mcufinder
2024-05-05 23:19:33,853 [INFO] DbMcusAds:125 - Set database path to: C:\Users\Shikhar Chaurasia\.stmcufinder\plugins\mcufinder//mcu/
2024-05-05 23:19:33,853 [WARN] DbFile:41 - Overriding database path with different value: C:\Users\Shikhar Chaurasia\.stmcufinder\plugins\mcufinder/ => C:\Users\Shikhar Chaurasia\.stmcufinder\plugins\mcufinder
2024-05-05 23:19:33,853 [WARN] DbFile:41 - Overriding database path with different value: C:\Users\Shikhar Chaurasia\.stmcufinder\plugins\mcufinder/ => C:\Users\Shikhar Chaurasia\.stmcufinder\plugins\mcufinder
2024-05-05 23:19:33,853 [INFO] CrossReferenceDbSqlite:203 - Set database path to: C:\Users\Shikhar Chaurasia\.stmcufinder\plugins\mcufinder//mcu/cs/
2024-05-05 23:19:33,939 [INFO] MainPanel:264 - HeapMemory: 268435456
2024-05-05 23:19:34,062 [INFO] DbMcusXml:78 - Set database path to: C:\ST\STM32CubeIDE_1.15.1\STM32CubeIDE\plugins\com.st.stm32cube.common.mx_6.11.1.202404110753\\db\/mcu/
2024-05-05 23:19:34,062 [INFO] ApiDb:274 - Set plugin database path to: C:\ST\STM32CubeIDE_1.15.1\STM32CubeIDE\plugins\com.st.stm32cube.common.mx_6.11.1.202404110753\\db\/plugins/boardmanager/
2024-05-05 23:19:34,062 [INFO] ApiDb:261 - Set plugin images path to: C:\ST\STM32CubeIDE_1.15.1\STM32CubeIDE\plugins\com.st.stm32cube.common.mx_6.11.1.202404110753\\db\/plugins/mcufinder/images/
2024-05-05 23:19:34,062 [WARN] DbFile:41 - Overriding database path with different value: C:\Users\Shikhar Chaurasia\.stmcufinder\plugins\mcufinder/ => C:\Users\Shikhar Chaurasia\.stmcufinder\plugins\mcufinder
2024-05-05 23:19:34,062 [INFO] ApiDb:250 - Set database path to: C:\Users\Shikhar Chaurasia\.stmcufinder\plugins\mcufinder//mcu/
2024-05-05 23:19:34,062 [WARN] DbFile:41 - Overriding database path with different value: C:\Users\Shikhar Chaurasia\.stmcufinder\plugins\mcufinder/ => C:\Users\Shikhar Chaurasia\.stmcufinder\plugins\mcufinder
2024-05-05 23:19:34,062 [INFO] DbMcusAds:125 - Set database path to: C:\Users\Shikhar Chaurasia\.stmcufinder\plugins\mcufinder//mcu/
2024-05-05 23:19:34,062 [WARN] DbFile:41 - Overriding database path with different value: C:\Users\Shikhar Chaurasia\.stmcufinder\plugins\mcufinder/ => C:\Users\Shikhar Chaurasia\.stmcufinder\plugins\mcufinder
2024-05-05 23:19:34,062 [WARN] DbFile:41 - Overriding database path with different value: C:\Users\Shikhar Chaurasia\.stmcufinder\plugins\mcufinder/ => C:\Users\Shikhar Chaurasia\.stmcufinder\plugins\mcufinder
2024-05-05 23:19:34,063 [INFO] CrossReferenceDbSqlite:203 - Set database path to: C:\Users\Shikhar Chaurasia\.stmcufinder\plugins\mcufinder//mcu/cs/
2024-05-05 23:19:34,081 [INFO] ApplicationProperties:184 - Using Application install path: C:\ST\STM32CubeIDE_1.15.1\STM32CubeIDE\plugins\com.st.stm32cube.common.mx_6.11.1.202404110753
2024-05-05 23:19:34,082 [INFO] PluginManage:196 - Search for loadable plugins [exclusion list=, ]
2024-05-05 23:19:34,083 [INFO] PluginManage:310 - Check plugin analytics
2024-05-05 23:19:34,267 [INFO] AnalyticsPlugin:253 - Accepted Software Licenses: 
2024-05-05 23:19:34,267 [INFO] AnalyticsPlugin:255 - Accepted CMSIS Pack Licenses: 
2024-05-05 23:19:34,268 [INFO] AnalyticsPlugin:257 - Accepted Firmware Licenses: 
2024-05-05 23:19:34,270 [INFO] PluginManage:359 - Loaded plugin analytics (category:tool,tabindex:-1)
2024-05-05 23:19:34,270 [INFO] PluginManage:310 - Check plugin cadmodel
2024-05-05 23:19:34,285 [INFO] CADModel:105 - Init CAD model plugin
2024-05-05 23:19:34,285 [INFO] PluginManage:359 - Loaded plugin cadmodel (category:power,tabindex:5)
2024-05-05 23:19:34,285 [INFO] PluginManage:310 - Check plugin clock
2024-05-05 23:19:34,304 [INFO] PluginManage:359 - Loaded plugin clock (category:base,tabindex:2)
2024-05-05 23:19:34,304 [INFO] PluginManage:310 - Check plugin ddr
2024-05-05 23:19:34,306 [INFO] PluginManage:359 - Loaded plugin ddr (category:tool,tabindex:6)
2024-05-05 23:19:34,306 [INFO] PluginManage:310 - Check plugin filemanager
2024-05-05 23:19:34,472 [INFO] PluginManage:359 - Loaded plugin filemanager (category:base,tabindex:10)
2024-05-05 23:19:34,473 [INFO] PluginManage:310 - Check plugin ipmanager
2024-05-05 23:19:34,484 [INFO] PluginManage:359 - Loaded plugin ipmanager (category:base,tabindex:5)
2024-05-05 23:19:34,484 [INFO] PluginManage:310 - Check plugin lpbam
2024-05-05 23:19:34,518 [INFO] PluginManage:359 - Loaded plugin lpbam (category:base,tabindex:0)
2024-05-05 23:19:34,518 [INFO] PluginManage:310 - Check plugin memorymap
2024-05-05 23:19:34,547 [INFO] PluginManage:359 - Loaded plugin memorymap (category:base,tabindex:4)
2024-05-05 23:19:34,547 [INFO] PluginManage:310 - Check plugin pinoutandconfiguration
2024-05-05 23:19:34,563 [INFO] PluginManage:359 - Loaded plugin pinoutandconfiguration (category:base,tabindex:1)
2024-05-05 23:19:34,563 [INFO] PluginManage:310 - Check plugin pinoutconfig
2024-05-05 23:19:34,662 [WARN] SupportedApi:132 - Cannot load RTOS API schema: s4s-elt-must-match.1: The content of 'definitions' must match (annotation?, (simpleType | complexType)?, (unique | key | keyref)*)). A problem was found starting at: attribute.
2024-05-05 23:19:34,815 [INFO] PluginManage:359 - Loaded plugin pinoutconfig (category:base,tabindex:0)
2024-05-05 23:19:34,815 [INFO] PluginManage:310 - Check plugin power
2024-05-05 23:19:34,834 [INFO] PluginManage:359 - Loaded plugin power (category:power,tabindex:4)
2024-05-05 23:19:34,834 [INFO] PluginManage:310 - Check plugin projectmanager
2024-05-05 23:19:34,851 [INFO] PluginManage:359 - Loaded plugin projectmanager (category:projectmanager,tabindex:3)
2024-05-05 23:19:34,851 [INFO] PluginManage:310 - Check plugin thirdparty
2024-05-05 23:19:35,118 [INFO] PluginManage:359 - Loaded plugin thirdparty (category:base,tabindex:-1)
2024-05-05 23:19:35,118 [INFO] PluginManage:310 - Check plugin tools
2024-05-05 23:19:35,118 [WARN] IntegrityCheckThread:84 - waiting for thirdparty lock release [integrity check]
2024-05-05 23:19:35,118 [INFO] IntegrityCheckThread:86 - entering critical section [integrity check]
2024-05-05 23:19:35,118 [INFO] ThirdPartyUpdaterWithRetryManager:70 - Updater plugin not ready yet. [1/15]
2024-05-05 23:19:35,164 [INFO] PluginManage:359 - Loaded plugin tools (category:base,tabindex:7)
2024-05-05 23:19:35,165 [INFO] PluginManage:310 - Check plugin tutovideos
2024-05-05 23:19:35,371 [INFO] PluginManage:359 - Loaded plugin tutovideos (category:base,tabindex:-1)
2024-05-05 23:19:35,372 [INFO] PluginManage:310 - Check plugin updater
2024-05-05 23:19:35,383 [INFO] PluginManage:359 - Loaded plugin updater (category:base,tabindex:12)
2024-05-05 23:19:35,383 [INFO] PluginManage:310 - Check plugin userauth
2024-05-05 23:19:35,388 [INFO] UserAuth:114 - Init User Auth plugin
2024-05-05 23:19:35,388 [INFO] PluginManage:359 - Loaded plugin userauth (category:base,tabindex:14)
2024-05-05 23:19:35,389 [INFO] PluginManage:283 - PluginManage : Loaded plugins [17]
2024-05-05 23:19:35,613 [INFO] PinOutPanel:1561 - setPackage(No Configuration,No Configuration)
2024-05-05 23:19:35,687 [INFO] CADModel:165 - CPN selected for project level
2024-05-05 23:19:35,687 [INFO] CADModel:114 - Register for checkConnection events
2024-05-05 23:19:35,709 [INFO] IPUIPlugin:80 - create IPUIPlugin
2024-05-05 23:19:35,709 [INFO] PluginManager:220 - loadIPPluginJar : add adc
2024-05-05 23:19:35,739 [INFO] IPUIPlugin:80 - create IPUIPlugin
2024-05-05 23:19:35,739 [INFO] PluginManager:220 - loadIPPluginJar : add aes
2024-05-05 23:19:35,774 [INFO] IPUIPlugin:80 - create IPUIPlugin
2024-05-05 23:19:35,775 [INFO] PluginManager:220 - loadIPPluginJar : add can
2024-05-05 23:19:35,794 [INFO] IPUIPlugin:80 - create IPUIPlugin
2024-05-05 23:19:35,794 [INFO] PluginManager:220 - loadIPPluginJar : add comp
2024-05-05 23:19:35,824 [INFO] IPUIPlugin:80 - create IPUIPlugin
2024-05-05 23:19:35,825 [INFO] PluginManager:220 - loadIPPluginJar : add cryp
2024-05-05 23:19:35,851 [INFO] IPUIPlugin:80 - create IPUIPlugin
2024-05-05 23:19:35,851 [INFO] PluginManager:220 - loadIPPluginJar : add dfsdm
2024-05-05 23:19:35,863 [INFO] IPUIPlugin:80 - create IPUIPlugin
2024-05-05 23:19:35,863 [INFO] PluginManager:220 - loadIPPluginJar : add dma
2024-05-05 23:19:35,905 [INFO] IPUIPlugin:80 - create IPUIPlugin
2024-05-05 23:19:35,905 [INFO] PluginManager:220 - loadIPPluginJar : add dma3
2024-05-05 23:19:35,947 [INFO] IPUIPlugin:80 - create IPUIPlugin
2024-05-05 23:19:35,947 [INFO] PluginManager:220 - loadIPPluginJar : add extmemmanager
2024-05-05 23:19:35,964 [INFO] IPUIPlugin:80 - create IPUIPlugin
2024-05-05 23:19:35,964 [INFO] PluginManager:220 - loadIPPluginJar : add fatfs
2024-05-05 23:19:36,007 [INFO] IPUIPlugin:80 - create IPUIPlugin
2024-05-05 23:19:36,007 [INFO] PluginManager:220 - loadIPPluginJar : add fmc
2024-05-05 23:19:36,022 [INFO] IPUIPlugin:80 - create IPUIPlugin
2024-05-05 23:19:36,022 [INFO] PluginManager:220 - loadIPPluginJar : add freertos
2024-05-05 23:19:36,040 [INFO] IPUIPlugin:80 - create IPUIPlugin
2024-05-05 23:19:36,040 [INFO] PluginManager:220 - loadIPPluginJar : add genericplugin
2024-05-05 23:19:36,113 [INFO] IPUIPlugin:80 - create IPUIPlugin
2024-05-05 23:19:36,113 [INFO] PluginManager:220 - loadIPPluginJar : add gfxmmu
2024-05-05 23:19:36,228 [INFO] IPUIPlugin:80 - create IPUIPlugin
2024-05-05 23:19:36,228 [INFO] PluginManager:220 - loadIPPluginJar : add gic
2024-05-05 23:19:36,239 [INFO] IPUIPlugin:80 - create IPUIPlugin
2024-05-05 23:19:36,240 [INFO] PluginManager:220 - loadIPPluginJar : add gpio
2024-05-05 23:19:36,315 [INFO] IPUIPlugin:80 - create IPUIPlugin
2024-05-05 23:19:36,315 [INFO] PluginManager:220 - loadIPPluginJar : add gtzc
2024-05-05 23:19:36,341 [INFO] IPUIPlugin:80 - create IPUIPlugin
2024-05-05 23:19:36,341 [INFO] PluginManager:220 - loadIPPluginJar : add hash
2024-05-05 23:19:36,383 [INFO] IPUIPlugin:80 - create IPUIPlugin
2024-05-05 23:19:36,383 [INFO] PluginManager:220 - loadIPPluginJar : add i2c
2024-05-05 23:19:36,414 [INFO] IPUIPlugin:80 - create IPUIPlugin
2024-05-05 23:19:36,415 [INFO] PluginManager:220 - loadIPPluginJar : add i2s
2024-05-05 23:19:36,449 [INFO] IPUIPlugin:80 - create IPUIPlugin
2024-05-05 23:19:36,449 [INFO] PluginManager:220 - loadIPPluginJar : add i3c
2024-05-05 23:19:36,539 [INFO] IPUIPlugin:80 - create IPUIPlugin
2024-05-05 23:19:36,539 [INFO] PluginManager:220 - loadIPPluginJar : add ipddr
2024-05-05 23:19:36,613 [INFO] IPUIPlugin:80 - create IPUIPlugin
2024-05-05 23:19:36,614 [INFO] PluginManager:220 - loadIPPluginJar : add linkedlist
2024-05-05 23:19:36,641 [INFO] IPUIPlugin:80 - create IPUIPlugin
2024-05-05 23:19:36,642 [INFO] PluginManager:220 - loadIPPluginJar : add lorawan
2024-05-05 23:19:36,671 [INFO] IPUIPlugin:80 - create IPUIPlugin
2024-05-05 23:19:36,671 [INFO] PluginManager:220 - loadIPPluginJar : add ltdc
2024-05-05 23:19:36,683 [INFO] IPUIPlugin:80 - create IPUIPlugin
2024-05-05 23:19:36,683 [INFO] PluginManager:220 - loadIPPluginJar : add mdma
2024-05-05 23:19:36,693 [INFO] IPUIPlugin:80 - create IPUIPlugin
2024-05-05 23:19:36,694 [INFO] PluginManager:220 - loadIPPluginJar : add nvic
2024-05-05 23:19:36,725 [INFO] IPUIPlugin:80 - create IPUIPlugin
2024-05-05 23:19:36,726 [INFO] PluginManager:220 - loadIPPluginJar : add opamp
2024-05-05 23:19:36,776 [INFO] IPUIPlugin:80 - create IPUIPlugin
2024-05-05 23:19:36,776 [INFO] PluginManager:220 - loadIPPluginJar : add openamp
2024-05-05 23:19:36,810 [INFO] IPUIPlugin:80 - create IPUIPlugin
2024-05-05 23:19:36,811 [INFO] PluginManager:220 - loadIPPluginJar : add pdm2pcm
2024-05-05 23:19:36,824 [INFO] IPUIPlugin:80 - create IPUIPlugin
2024-05-05 23:19:36,825 [INFO] PluginManager:220 - loadIPPluginJar : add plateformsettings
2024-05-05 23:19:36,842 [INFO] IPUIPlugin:80 - create IPUIPlugin
2024-05-05 23:19:36,842 [INFO] PluginManager:220 - loadIPPluginJar : add quadspi
2024-05-05 23:19:36,852 [INFO] IPUIPlugin:80 - create IPUIPlugin
2024-05-05 23:19:36,852 [INFO] PluginManager:220 - loadIPPluginJar : add resmgrutility
2024-05-05 23:19:36,891 [INFO] IPUIPlugin:80 - create IPUIPlugin
2024-05-05 23:19:36,891 [INFO] PluginManager:220 - loadIPPluginJar : add sai
2024-05-05 23:19:36,920 [INFO] IPUIPlugin:80 - create IPUIPlugin
2024-05-05 23:19:36,920 [INFO] PluginManager:220 - loadIPPluginJar : add spi
2024-05-05 23:19:36,982 [INFO] IPUIPlugin:80 - create IPUIPlugin
2024-05-05 23:19:36,983 [INFO] PluginManager:220 - loadIPPluginJar : add stm32_wpan
2024-05-05 23:19:37,001 [INFO] IPUIPlugin:80 - create IPUIPlugin
2024-05-05 23:19:37,001 [INFO] PluginManager:220 - loadIPPluginJar : add tim
2024-05-05 23:19:37,051 [INFO] IPUIPlugin:80 - create IPUIPlugin
2024-05-05 23:19:37,051 [INFO] PluginManager:220 - loadIPPluginJar : add touchsensing
2024-05-05 23:19:37,069 [INFO] IPUIPlugin:80 - create IPUIPlugin
2024-05-05 23:19:37,069 [INFO] PluginManager:220 - loadIPPluginJar : add tracer_emb
2024-05-05 23:19:37,087 [INFO] IPUIPlugin:80 - create IPUIPlugin
2024-05-05 23:19:37,087 [INFO] PluginManager:220 - loadIPPluginJar : add ts
2024-05-05 23:19:37,106 [INFO] IPUIPlugin:80 - create IPUIPlugin
2024-05-05 23:19:37,106 [INFO] PluginManager:220 - loadIPPluginJar : add tsc
2024-05-05 23:19:37,122 [INFO] IPUIPlugin:80 - create IPUIPlugin
2024-05-05 23:19:37,122 [INFO] PluginManager:220 - loadIPPluginJar : add ucpd
2024-05-05 23:19:37,158 [INFO] IPUIPlugin:80 - create IPUIPlugin
2024-05-05 23:19:37,158 [INFO] PluginManager:220 - loadIPPluginJar : add usart
2024-05-05 23:19:37,194 [INFO] IPUIPlugin:80 - create IPUIPlugin
2024-05-05 23:19:37,194 [INFO] PluginManager:220 - loadIPPluginJar : add usbx
2024-05-05 23:19:37,333 [INFO] CADModel:165 - CPN selected for project level
2024-05-05 23:19:37,334 [INFO] CADModel:114 - Register for checkConnection events
2024-05-05 23:19:37,334 [FATAL] Updater:308 - Updater called before beeing initialized
2024-05-05 23:19:37,334 [ERROR] CADModel:125 - Updater not yet initialized, retry later 
2024-05-05 23:19:37,481 [INFO] CADModel:165 - CPN selected for project level
2024-05-05 23:19:37,481 [INFO] CADModel:114 - Register for checkConnection events
2024-05-05 23:19:37,481 [FATAL] Updater:308 - Updater called before beeing initialized
2024-05-05 23:19:37,483 [ERROR] CADModel:125 - Updater not yet initialized, retry later 
2024-05-05 23:19:37,486 [FATAL] Updater:308 - Updater called before beeing initialized
2024-05-05 23:19:37,597 [FATAL] Updater:308 - Updater called before beeing initialized
2024-05-05 23:19:37,602 [INFO] DbMcusAds:53 - JSON generation date=Thu Sep 30 02:55:09 EDT 2021 (1632984909247)
2024-05-05 23:19:37,602 [FATAL] Updater:308 - Updater called before beeing initialized
2024-05-05 23:19:37,690 [WARN] DetailPanel:346 - Failed to get advertising image, set to default
2024-05-05 23:19:37,793 [FATAL] Updater:308 - Updater called before beeing initialized
2024-05-05 23:19:37,795 [FATAL] Updater:308 - Updater called before beeing initialized
2024-05-05 23:19:37,795 [FATAL] Updater:308 - Updater called before beeing initialized
2024-05-05 23:19:37,795 [WARN] DetailPanel:346 - Failed to get advertising image, set to default
2024-05-05 23:19:37,796 [FATAL] Updater:308 - Updater called before beeing initialized
2024-05-05 23:19:37,860 [ERROR] Updater:1120 - MainUpdater not yet initialized. External WinMGr cannot be set.
2024-05-05 23:19:37,869 [INFO] Updater:1056 - Updater Version found : 6.11.1
2024-05-05 23:19:37,889 [INFO] ApplicationProperties:184 - Using Application install path: C:\ST\STM32CubeIDE_1.15.1\STM32CubeIDE\plugins\com.st.stm32cube.common.mx_6.11.1.202404110753
2024-05-05 23:19:38,119 [INFO] ThirdPartyUpdaterWithRetryManager:70 - Updater plugin not ready yet. [2/15]
2024-05-05 23:19:39,461 [ERROR] LogOutputStream:75 - [STDERR_REDIRECT] May 05, 2024 11:19:39 PM java.util.prefs.WindowsPreferences <init>
2024-05-05 23:19:39,462 [ERROR] LogOutputStream:75 - [STDERR_REDIRECT] WARNING: Could not open/create prefs root node Software\JavaSoft\Prefs at root 0xffffffff80000002. Windows RegCreateKeyEx(...) returned error code 5.
2024-05-05 23:19:39,463 [ERROR] LogOutputStream:75 - [STDERR_REDIRECT] 
2024-05-05 23:19:39,485 [INFO] MainUpdater:526 - Copy updater definitions from MX database
2024-05-05 23:19:39,524 [INFO] MainUpdater:559 - Copy flag file definitions from MX database
2024-05-05 23:19:39,526 [INFO] MainUpdater:575 - Copy thirdparty index definitions from MX database
2024-05-05 23:19:39,527 [INFO] MainUpdater:594 - Copy default thirdparty db definitions from MX database
2024-05-05 23:19:39,816 [INFO] MainUpdater:2873 - connection check result : 10
2024-05-05 23:19:39,816 [INFO] MainUpdater:3567 - Updater definition file requires update
2024-05-05 23:19:39,817 [INFO] MainUpdater:290 - Updater Check For Update Now.
2024-05-05 23:19:39,817 [INFO] MicroXplorer:498 - Change Database Version : DB.6.0.111
2024-05-05 23:19:39,834 [INFO] McuFinderGlobals:63 - Set McuFinder mode to 2 (CubeIDE integrated)
2024-05-05 23:19:39,834 [INFO] UserAuth:179 - activating auth plugin
2024-05-05 23:19:39,836 [INFO] UserAuth:415 - Internet connection configuration mode: 1
2024-05-05 23:19:39,861 [INFO] JxBrowserEngine:152 - Initiate JxBrowser Engine with user profile folder
2024-05-05 23:19:40,804 [INFO] ServerAccessManage:473 - Download File updaters.zip
2024-05-05 23:19:40,870 [INFO] FileExtend:240 - Unzip File : updaters.zip
2024-05-05 23:19:40,871 [INFO] FileExtend:255 - Standard Zip Deflate
2024-05-05 23:19:41,121 [WARN] MainUpdater:1194 - Updater busy. Cannot search thirdparties
2024-05-05 23:19:41,121 [INFO] ThirdPartyUpdaterWithRetryManager:96 - Updater plugin is busy. [1/15]
2024-05-05 23:19:41,495 [INFO] ServerAccessManage:473 - Download File PacksControlFlags.xml
2024-05-05 23:19:42,630 [INFO] ServerAccessManage:473 - Download File cubemx.pidx
2024-05-05 23:19:43,187 [INFO] ServerAccessManage:473 - Download File STMicroelectronics.FP-ATR-ASTRA1.pdsc
2024-05-05 23:19:44,122 [WARN] MainUpdater:1194 - Updater busy. Cannot search thirdparties
2024-05-05 23:19:44,122 [INFO] ThirdPartyUpdaterWithRetryManager:96 - Updater plugin is busy. [2/15]
2024-05-05 23:19:44,540 [INFO] ServerAccessManage:473 - Download File STMicroelectronics.FP-ATR-SIGFOX1.pdsc
2024-05-05 23:19:44,735 [INFO] ServerAccessManage:473 - Download File STMicroelectronics.FP-SNS-FLIGHT1.pdsc
2024-05-05 23:19:45,559 [INFO] WebApp:161 - Instantiating new browser for Auth
2024-05-05 23:19:45,737 [INFO] ServerAccessManage:473 - Download File STMicroelectronics.FP-SNS-MOTENV1.pdsc
2024-05-05 23:19:46,240 [INFO] WebApp:779 - Register for checkConnection events
2024-05-05 23:19:46,240 [INFO] WebApp:414 - Apply proxy settings
2024-05-05 23:19:46,240 [INFO] WebApp:499 - Chromium requires no authentication
2024-05-05 23:19:46,249 [INFO] WebApp:442 - Direct internet connection detected
2024-05-05 23:19:46,456 [INFO] WebApp:192 - Starting web application
2024-05-05 23:19:46,456 [INFO] WebApp:544 - Web application path used C:\ST\STM32CubeIDE_1.15.1\STM32CubeIDE\plugins\com.st.stm32cube.common.mx_6.11.1.202404110753\db\plugins\mcufinder\reactClient1\index.html
2024-05-05 23:19:47,122 [WARN] MainUpdater:1194 - Updater busy. Cannot search thirdparties
2024-05-05 23:19:47,122 [INFO] ThirdPartyUpdaterWithRetryManager:96 - Updater plugin is busy. [3/15]
2024-05-05 23:19:48,437 [INFO] ServerAccessManage:473 - Download File STMicroelectronics.FP-SNS-MOTENVWB1.pdsc
2024-05-05 23:19:50,123 [WARN] MainUpdater:1194 - Updater busy. Cannot search thirdparties
2024-05-05 23:19:50,123 [INFO] ThirdPartyUpdaterWithRetryManager:96 - Updater plugin is busy. [4/15]
2024-05-05 23:19:50,842 [INFO] ServerAccessManage:473 - Download File STMicroelectronics.FP-SNS-SMARTAG2.pdsc
2024-05-05 23:19:51,608 [INFO] ServerAccessManage:473 - Download File STMicroelectronics.X-CUBE-AI.pdsc
2024-05-05 23:19:53,125 [WARN] MainUpdater:1194 - Updater busy. Cannot search thirdparties
2024-05-05 23:19:53,125 [INFO] ThirdPartyUpdaterWithRetryManager:96 - Updater plugin is busy. [5/15]
2024-05-05 23:19:56,126 [WARN] MainUpdater:1194 - Updater busy. Cannot search thirdparties
2024-05-05 23:19:56,126 [INFO] ThirdPartyUpdaterWithRetryManager:96 - Updater plugin is busy. [6/15]
2024-05-05 23:19:59,137 [WARN] MainUpdater:1194 - Updater busy. Cannot search thirdparties
2024-05-05 23:19:59,137 [INFO] ThirdPartyUpdaterWithRetryManager:96 - Updater plugin is busy. [7/15]
2024-05-05 23:20:00,859 [INFO] ServerAccessManage:473 - Download File STMicroelectronics.X-CUBE-ALS.pdsc
2024-05-05 23:20:02,150 [WARN] MainUpdater:1194 - Updater busy. Cannot search thirdparties
2024-05-05 23:20:02,150 [INFO] ThirdPartyUpdaterWithRetryManager:96 - Updater plugin is busy. [8/15]
2024-05-05 23:20:02,170 [INFO] ServerAccessManage:473 - Download File STMicroelectronics.X-CUBE-BLE1.pdsc
2024-05-05 23:20:05,164 [WARN] MainUpdater:1194 - Updater busy. Cannot search thirdparties
2024-05-05 23:20:05,164 [INFO] ThirdPartyUpdaterWithRetryManager:96 - Updater plugin is busy. [9/15]
2024-05-05 23:20:06,480 [ERROR] ServerAccessManage:1089 - Problem, file not found on Server
2024-05-05 23:20:06,632 [INFO] ServerAccessManage:473 - Download File STMicroelectronics.X-CUBE-BLE2.pdsc
2024-05-05 23:20:08,175 [WARN] MainUpdater:1194 - Updater busy. Cannot search thirdparties
2024-05-05 23:20:08,175 [INFO] ThirdPartyUpdaterWithRetryManager:96 - Updater plugin is busy. [10/15]
2024-05-05 23:20:09,150 [INFO] ServerAccessManage:473 - Download File STMicroelectronics.X-CUBE-BLEMGR.pdsc
2024-05-05 23:20:11,180 [WARN] MainUpdater:1194 - Updater busy. Cannot search thirdparties
2024-05-05 23:20:11,181 [INFO] ThirdPartyUpdaterWithRetryManager:96 - Updater plugin is busy. [11/15]
2024-05-05 23:20:13,862 [INFO] ServerAccessManage:473 - Download File STMicroelectronics.X-CUBE-DISPLAY.pdsc
2024-05-05 23:20:14,188 [WARN] MainUpdater:1194 - Updater busy. Cannot search thirdparties
2024-05-05 23:20:14,189 [INFO] ThirdPartyUpdaterWithRetryManager:96 - Updater plugin is busy. [12/15]
2024-05-05 23:20:15,222 [INFO] ServerAccessManage:473 - Download File STMicroelectronics.X-CUBE-EEPRMA1.pdsc
2024-05-05 23:20:16,041 [ERROR] ServerAccessManage:1089 - Problem, file not found on Server
2024-05-05 23:20:17,189 [WARN] MainUpdater:1194 - Updater busy. Cannot search thirdparties
2024-05-05 23:20:17,189 [INFO] ThirdPartyUpdaterWithRetryManager:96 - Updater plugin is busy. [13/15]
2024-05-05 23:20:17,614 [ERROR] ServerAccessManage:1089 - Problem, file not found on Server
2024-05-05 23:20:19,161 [INFO] ServerAccessManage:473 - Download File STMicroelectronics.X-CUBE-FREERTOS.pdsc
2024-05-05 23:20:20,201 [WARN] MainUpdater:1194 - Updater busy. Cannot search thirdparties
2024-05-05 23:20:20,201 [INFO] ThirdPartyUpdaterWithRetryManager:96 - Updater plugin is busy. [14/15]
2024-05-05 23:20:21,332 [INFO] ServerAccessManage:473 - Download File STMicroelectronics.X-CUBE-GNSS1.pdsc
2024-05-05 23:20:23,215 [WARN] MainUpdater:1194 - Updater busy. Cannot search thirdparties
2024-05-05 23:20:23,215 [INFO] ThirdPartyUpdaterWithRetryManager:96 - Updater plugin is busy. [15/15]
2024-05-05 23:20:23,215 [ERROR] IntegrityCheckThread:130 - Cannot retrieve database content from updater: error -1
2024-05-05 23:20:23,215 [INFO] ThirdParty:978 - Integrity check success = false
2024-05-05 23:20:23,215 [INFO] IntegrityCheckThread:100 - exiting critical section [integrity check]
2024-05-05 23:20:23,215 [INFO] IntegrityCheckThread:103 - End integrity checks thread
2024-05-05 23:20:23,891 [ERROR] ServerAccessManage:1089 - Problem, file not found on Server
2024-05-05 23:20:24,117 [ERROR] ServerAccessManage:1089 - Problem, file not found on Server
2024-05-05 23:20:24,357 [ERROR] ServerAccessManage:1089 - Problem, file not found on Server
2024-05-05 23:20:24,616 [ERROR] ServerAccessManage:1089 - Problem, file not found on Server
2024-05-05 23:20:24,860 [ERROR] ServerAccessManage:1089 - Problem, file not found on Server
2024-05-05 23:20:25,109 [ERROR] ServerAccessManage:1089 - Problem, file not found on Server
2024-05-05 23:20:25,467 [INFO] ServerAccessManage:473 - Download File STMicroelectronics.X-CUBE-ISPU.pdsc
2024-05-05 23:20:26,397 [INFO] ServerAccessManage:473 - Download File STMicroelectronics.X-CUBE-MEMS1.pdsc
2024-05-05 23:20:29,829 [INFO] ServerAccessManage:473 - Download File STMicroelectronics.X-CUBE-NFC4.pdsc
2024-05-05 23:20:33,906 [INFO] ServerAccessManage:473 - Download File STMicroelectronics.X-CUBE-NFC6.pdsc
2024-05-05 23:20:34,823 [INFO] ServerAccessManage:473 - Download File STMicroelectronics.X-CUBE-NFC7.pdsc
2024-05-05 23:20:35,582 [INFO] ServerAccessManage:473 - Download File STMicroelectronics.X-CUBE-SFXS2LP1.pdsc
2024-05-05 23:20:37,533 [INFO] ServerAccessManage:473 - Download File STMicroelectronics.X-CUBE-SAFEA1.pdsc
2024-05-05 23:20:38,465 [INFO] ServerAccessManage:473 - Download File STMicroelectronics.X-CUBE-SUBG2.pdsc
2024-05-05 23:20:40,130 [INFO] ServerAccessManage:473 - Download File STMicroelectronics.X-CUBE-SMBUS.pdsc
2024-05-05 23:20:40,729 [ERROR] ServerAccessManage:1089 - Problem, file not found on Server
2024-05-05 23:20:41,280 [INFO] ServerAccessManage:473 - Download File STMicroelectronics.X-CUBE-TCPP.pdsc
2024-05-05 23:20:42,020 [INFO] ServerAccessManage:473 - Download File STMicroelectronics.X-CUBE-TOF1.pdsc
2024-05-05 23:20:46,447 [ERROR] ServerAccessManage:1089 - Problem, file not found on Server
2024-05-05 23:20:47,512 [INFO] ServerAccessManage:473 - Download File STMicroelectronics.X-CUBE-TOUCHGFX.pdsc
2024-05-05 23:20:56,628 [INFO] ServerAccessManage:473 - Download File STMicroelectronics.X-CUBE-ALGOBUILD.pdsc
2024-05-05 23:20:57,800 [INFO] ServerAccessManage:473 - Download File STMicroelectronics.X-CUBE-AZRTOS-H7.pdsc
2024-05-05 23:20:59,024 [INFO] ServerAccessManage:473 - Download File STMicroelectronics.X-CUBE-AZRTOS-H7RS.pdsc
2024-05-05 23:20:59,750 [INFO] ServerAccessManage:473 - Download File STMicroelectronics.X-CUBE-AZRTOS-F4.pdsc
2024-05-05 23:21:00,299 [INFO] ServerAccessManage:473 - Download File STMicroelectronics.X-CUBE-AZRTOS-F7.pdsc
2024-05-05 23:21:00,682 [INFO] ServerAccessManage:473 - Download File STMicroelectronics.X-CUBE-AZRTOS-L4.pdsc
2024-05-05 23:21:01,797 [INFO] ServerAccessManage:473 - Download File STMicroelectronics.X-CUBE-AZRTOS-L5.pdsc
2024-05-05 23:21:03,214 [INFO] ServerAccessManage:473 - Download File STMicroelectronics.X-CUBE-AZRTOS-G0.pdsc
2024-05-05 23:21:03,948 [INFO] ServerAccessManage:473 - Download File STMicroelectronics.X-CUBE-AZRTOS-G4.pdsc
2024-05-05 23:21:04,934 [INFO] ServerAccessManage:473 - Download File STMicroelectronics.X-CUBE-AZRTOS-WB.pdsc
2024-05-05 23:21:05,413 [INFO] ServerAccessManage:473 - Download File STMicroelectronics.X-CUBE-AZRTOS-WL.pdsc
2024-05-05 23:21:05,953 [INFO] ServerAccessManage:473 - Download File wolfSSL.I-CUBE-wolfSSL.pdsc
2024-05-05 23:21:07,117 [ERROR] ServerAccessManage:1089 - Problem, file not found on Server
2024-05-05 23:21:07,393 [ERROR] ServerAccessManage:1089 - Problem, file not found on Server
2024-05-05 23:21:07,643 [ERROR] ServerAccessManage:1089 - Problem, file not found on Server
2024-05-05 23:21:08,303 [INFO] ServerAccessManage:473 - Download File SEGGER.I-CUBE-embOS.pdsc
2024-05-05 23:21:09,690 [INFO] ServerAccessManage:473 - Download File portGmbH.I-Cube-SoM-uGOAL.pdsc
2024-05-05 23:21:10,810 [ERROR] ServerAccessManage:1089 - Problem, file not found on Server
2024-05-05 23:21:10,919 [ERROR] ServerAccessManage:1089 - Problem, file not found on Server
2024-05-05 23:21:11,029 [ERROR] ServerAccessManage:1089 - Problem, file not found on Server
2024-05-05 23:21:11,558 [INFO] ServerAccessManage:473 - Download File emotas.I-CUBE-CANOPEN.pdsc
2024-05-05 23:21:12,298 [INFO] ServerAccessManage:473 - Download File WES.I-CUBE-Cesium.pdsc
2024-05-05 23:21:12,674 [ERROR] ServerAccessManage:1089 - Problem, file not found on Server
2024-05-05 23:21:12,880 [ERROR] ServerAccessManage:1089 - Problem, file not found on Server
2024-05-05 23:21:13,236 [INFO] ServerAccessManage:473 - Download File ITTIA_DB.I-CUBE-ITTIADB.pdsc
2024-05-05 23:21:14,583 [INFO] ServerAccessManage:473 - Download File Infineon.AIROC-Wi-Fi-Bluetooth-STM32.pdsc
2024-05-05 23:21:15,714 [INFO] ServerAccessManage:473 - Download File Cesanta.I-CUBE-Mongoose.pdsc
2024-05-05 23:21:16,235 [ERROR] ServerAccessManage:1089 - Problem, file not found on Server
2024-05-05 23:21:16,340 [WARN] CheckServerUpdateThread:151 - Open CheckUpdateFile Fail
2024-05-05 23:21:16,343 [WARN] PackLoader:240 - Cannot read IP mode file for STMicroelectronics.FP-ATR-ASTRA1.2.0.0
2024-05-05 23:21:16,348 [WARN] PackLoader:240 - Cannot read IP mode file for STMicroelectronics.FP-ATR-SIGFOX1.3.2.0
2024-05-05 23:21:16,354 [WARN] PackLoader:240 - Cannot read IP mode file for STMicroelectronics.FP-SNS-FLIGHT1.5.0.2
2024-05-05 23:21:16,360 [WARN] PackLoader:240 - Cannot read IP mode file for STMicroelectronics.FP-SNS-MOTENV1.5.0.0
2024-05-05 23:21:16,367 [WARN] PackLoader:240 - Cannot read IP mode file for STMicroelectronics.FP-SNS-MOTENVWB1.1.4.0
2024-05-05 23:21:16,373 [WARN] PackLoader:240 - Cannot read IP mode file for STMicroelectronics.FP-SNS-SMARTAG2.1.2.0
2024-05-05 23:21:16,379 [WARN] PackLoader:240 - Cannot read IP mode file for STMicroelectronics.X-CUBE-AI.9.0.0
2024-05-05 23:21:16,385 [WARN] PackLoader:240 - Cannot read IP mode file for STMicroelectronics.X-CUBE-ALS.1.0.1
2024-05-05 23:21:16,393 [WARN] PackLoader:240 - Cannot read IP mode file for STMicroelectronics.X-CUBE-BLE1.7.0.0
2024-05-05 23:21:16,401 [WARN] PackLoader:240 - Cannot read IP mode file for STMicroelectronics.X-CUBE-BLE2.3.3.0
2024-05-05 23:21:16,417 [WARN] PackLoader:240 - Cannot read IP mode file for STMicroelectronics.X-CUBE-BLEMGR.3.1.0
2024-05-05 23:21:16,432 [WARN] PackLoader:240 - Cannot read IP mode file for STMicroelectronics.X-CUBE-DISPLAY.3.0.0
2024-05-05 23:21:16,446 [WARN] PackLoader:240 - Cannot read IP mode file for STMicroelectronics.X-CUBE-EEPRMA1.5.1.0
2024-05-05 23:21:16,455 [WARN] PackLoader:240 - Cannot read IP mode file for STMicroelectronics.X-CUBE-FREERTOS.1.2.0
2024-05-05 23:21:16,463 [WARN] PackLoader:240 - Cannot read IP mode file for STMicroelectronics.X-CUBE-GNSS1.6.0.0
2024-05-05 23:21:16,470 [WARN] PackLoader:240 - Cannot read IP mode file for STMicroelectronics.X-CUBE-ISPU.2.0.0
2024-05-05 23:21:16,486 [INFO] CheckServerUpdateThread:120 - End of CheckServer Thread
2024-05-05 23:21:16,535 [WARN] PackLoader:240 - Cannot read IP mode file for STMicroelectronics.X-CUBE-MEMS1.10.0.0
2024-05-05 23:21:16,717 [WARN] PackLoader:240 - Cannot read IP mode file for STMicroelectronics.X-CUBE-NFC4.3.0.0
2024-05-05 23:21:16,730 [WARN] PackLoader:240 - Cannot read IP mode file for STMicroelectronics.X-CUBE-NFC6.3.1.0
2024-05-05 23:21:16,741 [WARN] PackLoader:240 - Cannot read IP mode file for STMicroelectronics.X-CUBE-NFC7.1.0.1
2024-05-05 23:21:16,752 [WARN] PackLoader:240 - Cannot read IP mode file for STMicroelectronics.X-CUBE-SFXS2LP1.4.0.0
2024-05-05 23:21:16,761 [WARN] PackLoader:240 - Cannot read IP mode file for STMicroelectronics.X-CUBE-SAFEA1.1.2.2
2024-05-05 23:21:16,775 [WARN] PackLoader:240 - Cannot read IP mode file for STMicroelectronics.X-CUBE-SUBG2.5.0.0
2024-05-05 23:21:16,786 [WARN] PackLoader:240 - Cannot read IP mode file for STMicroelectronics.X-CUBE-SMBUS.2.1.0
2024-05-05 23:21:16,794 [WARN] PackLoader:240 - Cannot read IP mode file for STMicroelectronics.X-CUBE-TCPP.4.1.0
2024-05-05 23:21:16,808 [WARN] PackLoader:240 - Cannot read IP mode file for STMicroelectronics.X-CUBE-TOF1.3.4.1
2024-05-05 23:21:16,836 [WARN] PackLoader:240 - Cannot read IP mode file for STMicroelectronics.X-CUBE-TOUCHGFX.4.23.2
2024-05-05 23:21:16,843 [WARN] PackLoader:240 - Cannot read IP mode file for STMicroelectronics.X-CUBE-ALGOBUILD.1.3.0
2024-05-05 23:21:16,870 [WARN] PackLoader:240 - Cannot read IP mode file for STMicroelectronics.X-CUBE-AZRTOS-H7.3.2.0
2024-05-05 23:21:16,897 [WARN] PackLoader:240 - Cannot read IP mode file for STMicroelectronics.X-CUBE-AZRTOS-H7RS.1.0.0
2024-05-05 23:21:16,920 [WARN] PackLoader:240 - Cannot read IP mode file for STMicroelectronics.X-CUBE-AZRTOS-F4.1.1.0
2024-05-05 23:21:16,943 [WARN] PackLoader:240 - Cannot read IP mode file for STMicroelectronics.X-CUBE-AZRTOS-F7.1.1.0
2024-05-05 23:21:16,964 [WARN] ConditionMgr:438 - getConditionDescription Invalid condition id : LAN8742 Phy interface Condition cause : null
2024-05-05 23:21:16,965 [WARN] PackLoader:240 - Cannot read IP mode file for STMicroelectronics.X-CUBE-AZRTOS-L4.2.0.0
2024-05-05 23:21:16,966 [WARN] ConditionMgr:1039 - genDependencies : Invalid condition id : LAN8742 Phy interface Condition cause : null
2024-05-05 23:21:16,967 [WARN] ConditionMgr:1039 - genDependencies : Invalid condition id : LAN8742 Phy interface Condition cause : null
2024-05-05 23:21:16,967 [WARN] ConditionMgr:1039 - genDependencies : Invalid condition id : LAN8742 Phy interface Condition cause : null
2024-05-05 23:21:16,989 [WARN] PackLoader:240 - Cannot read IP mode file for STMicroelectronics.X-CUBE-AZRTOS-L5.2.0.0
2024-05-05 23:21:17,007 [WARN] PackLoader:240 - Cannot read IP mode file for STMicroelectronics.X-CUBE-AZRTOS-G0.1.1.0
2024-05-05 23:21:17,027 [WARN] PackLoader:240 - Cannot read IP mode file for STMicroelectronics.X-CUBE-AZRTOS-G4.2.0.0
2024-05-05 23:21:17,040 [WARN] ConditionMgr:438 - getConditionDescription Invalid condition id : UX DEVICE CLASS RTOS Condition cause : null
2024-05-05 23:21:17,040 [WARN] ConditionMgr:438 - getConditionDescription Invalid condition id : UX DEVICE CLASS RTOS Condition cause : null
2024-05-05 23:21:17,042 [WARN] PackLoader:240 - Cannot read IP mode file for STMicroelectronics.X-CUBE-AZRTOS-WB.2.0.0
2024-05-05 23:21:17,043 [WARN] ConditionMgr:1039 - genDependencies : Invalid condition id : UX DEVICE CLASS RTOS Condition cause : null
2024-05-05 23:21:17,043 [WARN] ConditionMgr:1039 - genDependencies : Invalid condition id : UX DEVICE CLASS RTOS Condition cause : null
2024-05-05 23:21:17,044 [WARN] ConditionMgr:1039 - genDependencies : Invalid condition id : UX DEVICE CLASS RTOS Condition cause : null
2024-05-05 23:21:17,044 [WARN] ConditionMgr:1039 - genDependencies : Invalid condition id : UX DEVICE CLASS RTOS Condition cause : null
2024-05-05 23:21:17,045 [WARN] ConditionMgr:1039 - genDependencies : Invalid condition id : UX DEVICE CLASS RTOS Condition cause : null
2024-05-05 23:21:17,056 [INFO] LogOutputStream:77 - [STDOUT_REDIRECT] 1 : Invalid condition id : UX_CORESTACK_Condition cause : null
2024-05-05 23:21:17,056 [INFO] LogOutputStream:77 - [STDOUT_REDIRECT] 1 : Invalid condition id : UX_CORESTACK_Condition cause : null
2024-05-05 23:21:17,059 [INFO] LogOutputStream:77 - [STDOUT_REDIRECT] 1 : Invalid condition id : UX_CORESTACK_Condition cause : null
2024-05-05 23:21:17,060 [INFO] LogOutputStream:77 - [STDOUT_REDIRECT] 1 : Invalid condition id : UX_CORESTACK_Condition cause : null
2024-05-05 23:21:17,062 [INFO] LogOutputStream:77 - [STDOUT_REDIRECT] 1 : Invalid condition id : UX_CORESTACK_Condition cause : null
2024-05-05 23:21:17,065 [WARN] PackLoader:240 - Cannot read IP mode file for STMicroelectronics.X-CUBE-AZRTOS-WL.2.0.0
2024-05-05 23:21:17,071 [WARN] PackLoader:240 - Cannot read IP mode file for wolfSSL.I-CUBE-wolfSSL.5.7.0
2024-05-05 23:21:17,105 [WARN] PackLoader:240 - Cannot read IP mode file for SEGGER.I-CUBE-embOS.1.3.1
2024-05-05 23:21:17,184 [WARN] PackLoader:240 - Cannot read IP mode file for portGmbH.I-Cube-SoM-uGOAL.1.1.0
2024-05-05 23:21:17,189 [WARN] PackLoader:240 - Cannot read IP mode file for emotas.I-CUBE-CANOPEN.1.3.0
2024-05-05 23:21:17,243 [WARN] PackLoader:240 - Cannot read IP mode file for WES.I-CUBE-Cesium.1.3.0
2024-05-05 23:21:17,250 [WARN] PackLoader:240 - Cannot read IP mode file for ITTIA_DB.I-CUBE-ITTIADB.8.9.0
2024-05-05 23:21:17,267 [WARN] PackLoader:240 - Cannot read IP mode file for Infineon.AIROC-Wi-Fi-Bluetooth-STM32.1.6.0
2024-05-05 23:21:17,276 [WARN] PackLoader:240 - Cannot read IP mode file for Cesanta.I-CUBE-Mongoose.7.13.0
2024-05-05 23:21:17,276 [INFO] PopulateThirdPartyThread:66 - Ending populate Thread
2024-05-05 23:21:17,279 [INFO] ThirdParty:1030 - CMSIS Pack Vendor :STMicroelectronics X-CUBE-DISPLAY 3.0.0
2024-05-05 23:21:17,280 [INFO] ThirdParty:1030 - CMSIS Pack Vendor :STMicroelectronics X-CUBE-GNSS1 6.0.0
2024-05-05 23:21:17,280 [INFO] ThirdParty:1030 - CMSIS Pack Vendor :STMicroelectronics FP-SNS-MOTENVWB1 1.4.0
2024-05-05 23:21:17,280 [INFO] ThirdParty:1030 - CMSIS Pack Vendor :STMicroelectronics X-CUBE-AZRTOS-F4 1.1.0
2024-05-05 23:21:17,280 [INFO] ThirdParty:1030 - CMSIS Pack Vendor :wolfSSL I-CUBE-wolfSSL 5.7.0
2024-05-05 23:21:17,280 [INFO] ThirdParty:1030 - CMSIS Pack Vendor :STMicroelectronics FP-ATR-SIGFOX1 3.2.0
2024-05-05 23:21:17,280 [INFO] ThirdParty:1030 - CMSIS Pack Vendor :STMicroelectronics X-CUBE-BLE1 7.0.0
2024-05-05 23:21:17,280 [INFO] ThirdParty:1030 - CMSIS Pack Vendor :STMicroelectronics X-CUBE-SMBUS 2.1.0
2024-05-05 23:21:17,280 [INFO] ThirdParty:1030 - CMSIS Pack Vendor :STMicroelectronics X-CUBE-ISPU 2.0.0
2024-05-05 23:21:17,280 [INFO] ThirdParty:1030 - CMSIS Pack Vendor :STMicroelectronics X-CUBE-TCPP 4.1.0
2024-05-05 23:21:17,280 [INFO] ThirdParty:1030 - CMSIS Pack Vendor :STMicroelectronics X-CUBE-EEPRMA1 5.1.0
2024-05-05 23:21:17,280 [INFO] ThirdParty:1030 - CMSIS Pack Vendor :STMicroelectronics X-CUBE-FREERTOS 1.2.0
2024-05-05 23:21:17,280 [INFO] ThirdParty:1030 - CMSIS Pack Vendor :STMicroelectronics X-CUBE-AZRTOS-WB 2.0.0
2024-05-05 23:21:17,280 [INFO] ThirdParty:1030 - CMSIS Pack Vendor :emotas I-CUBE-CANOPEN 1.3.0
2024-05-05 23:21:17,280 [INFO] ThirdParty:1030 - CMSIS Pack Vendor :STMicroelectronics X-CUBE-MEMS1 10.0.0
2024-05-05 23:21:17,281 [INFO] ThirdParty:1030 - CMSIS Pack Vendor :STMicroelectronics X-CUBE-NFC7 1.0.1
2024-05-05 23:21:17,281 [INFO] ThirdParty:1030 - CMSIS Pack Vendor :ITTIA_DB I-CUBE-ITTIADB 8.9.0
2024-05-05 23:21:17,281 [INFO] ThirdParty:1030 - CMSIS Pack Vendor :STMicroelectronics X-CUBE-TOUCHGFX 4.23.2
2024-05-05 23:21:17,281 [INFO] ThirdParty:1030 - CMSIS Pack Vendor :STMicroelectronics X-CUBE-AZRTOS-F7 1.1.0
2024-05-05 23:21:17,281 [INFO] ThirdParty:1030 - CMSIS Pack Vendor :STMicroelectronics X-CUBE-AZRTOS-L5 2.0.0
2024-05-05 23:21:17,281 [INFO] ThirdParty:1030 - CMSIS Pack Vendor :STMicroelectronics X-CUBE-ALS 1.0.1
2024-05-05 23:21:17,281 [INFO] ThirdParty:1030 - CMSIS Pack Vendor :portGmbH I-Cube-SoM-uGOAL 1.1.0
2024-05-05 23:21:17,281 [INFO] ThirdParty:1030 - CMSIS Pack Vendor :STMicroelectronics X-CUBE-NFC6 3.1.0
2024-05-05 23:21:17,281 [INFO] ThirdParty:1030 - CMSIS Pack Vendor :STMicroelectronics X-CUBE-BLEMGR 3.1.0
2024-05-05 23:21:17,281 [INFO] ThirdParty:1030 - CMSIS Pack Vendor :STMicroelectronics FP-SNS-SMARTAG2 1.2.0
2024-05-05 23:21:17,281 [INFO] ThirdParty:1030 - CMSIS Pack Vendor :STMicroelectronics X-CUBE-ALGOBUILD 1.3.0
2024-05-05 23:21:17,281 [INFO] ThirdParty:1030 - CMSIS Pack Vendor :STMicroelectronics X-CUBE-AZRTOS-WL 2.0.0
2024-05-05 23:21:17,281 [INFO] ThirdParty:1030 - CMSIS Pack Vendor :SEGGER I-CUBE-embOS 1.3.1
2024-05-05 23:21:17,281 [INFO] ThirdParty:1030 - CMSIS Pack Vendor :STMicroelectronics FP-SNS-MOTENV1 5.0.0
2024-05-05 23:21:17,281 [INFO] ThirdParty:1030 - CMSIS Pack Vendor :STMicroelectronics X-CUBE-AZRTOS-G0 1.1.0
2024-05-05 23:21:17,281 [INFO] ThirdParty:1030 - CMSIS Pack Vendor :STMicroelectronics X-CUBE-NFC4 3.0.0
2024-05-05 23:21:17,281 [INFO] ThirdParty:1030 - CMSIS Pack Vendor :STMicroelectronics X-CUBE-SAFEA1 1.2.2
2024-05-05 23:21:17,282 [INFO] ThirdParty:1030 - CMSIS Pack Vendor :STMicroelectronics X-CUBE-SUBG2 5.0.0
2024-05-05 23:21:17,282 [INFO] ThirdParty:1030 - CMSIS Pack Vendor :STMicroelectronics X-CUBE-AZRTOS-H7RS 1.0.0
2024-05-05 23:21:17,282 [INFO] ThirdParty:1030 - CMSIS Pack Vendor :STMicroelectronics X-CUBE-AZRTOS-L4 2.0.0
2024-05-05 23:21:17,282 [INFO] ThirdParty:1030 - CMSIS Pack Vendor :STMicroelectronics FP-ATR-ASTRA1 2.0.0
2024-05-05 23:21:17,282 [INFO] ThirdParty:1030 - CMSIS Pack Vendor :WES I-CUBE-Cesium 1.3.0
2024-05-05 23:21:17,282 [INFO] ThirdParty:1030 - CMSIS Pack Vendor :STMicroelectronics X-CUBE-SFXS2LP1 4.0.0
2024-05-05 23:21:17,282 [INFO] ThirdParty:1030 - CMSIS Pack Vendor :STMicroelectronics FP-SNS-FLIGHT1 5.0.2
2024-05-05 23:21:17,282 [INFO] ThirdParty:1030 - CMSIS Pack Vendor :STMicroelectronics X-CUBE-BLE2 3.3.0
2024-05-05 23:21:17,282 [INFO] ThirdParty:1030 - CMSIS Pack Vendor :Cesanta I-CUBE-Mongoose 7.13.0
2024-05-05 23:21:17,282 [INFO] ThirdParty:1030 - CMSIS Pack Vendor :STMicroelectronics X-CUBE-AI 9.0.0
2024-05-05 23:21:17,282 [INFO] ThirdParty:1030 - CMSIS Pack Vendor :STMicroelectronics X-CUBE-TOF1 3.4.1
2024-05-05 23:21:17,282 [INFO] ThirdParty:1030 - CMSIS Pack Vendor :STMicroelectronics X-CUBE-AZRTOS-G4 2.0.0
2024-05-05 23:21:17,282 [INFO] ThirdParty:1030 - CMSIS Pack Vendor :STMicroelectronics X-CUBE-AZRTOS-H7 3.2.0
2024-05-05 23:21:17,282 [INFO] ThirdParty:1030 - CMSIS Pack Vendor :Infineon AIROC-Wi-Fi-Bluetooth-STM32 1.6.0
2024-05-05 23:21:17,283 [INFO] LoadServerUpdatesThread:375 - End of LoadServerUpdate Thread
2024-05-05 23:26:55,430 [ERROR] LogOutputStream:75 - [STDERR_REDIRECT] 
2024-05-05 23:26:55,430 [ERROR] LogOutputStream:75 - [STDERR_REDIRECT] 
