2024-05-05 23:33:43,111 [INFO] Activator:176 - 


2024-05-05 23:33:43,113 [INFO] Activator:177 - !SESSION log4j initialized
2024-05-05 23:33:45,388 [INFO] LogOutputStream:77 - [STDOUT_REDIRECT] 
2024-05-05 23:33:47,177 [INFO] ApplicationProperties:184 - Using Application install path: C:\ST\STM32CubeIDE_1.15.1\STM32CubeIDE\plugins\com.st.stm32cube.common.mx_6.11.1.202404110753
2024-05-05 23:33:47,190 [INFO] DbMcusXml:78 - Set database path to: C:\ST\STM32CubeIDE_1.15.1\STM32CubeIDE\plugins\com.st.stm32cube.common.mx_6.11.1.202404110753\\db\/mcu/
2024-05-05 23:33:47,191 [INFO] ApiDb:274 - Set plugin database path to: C:\ST\STM32CubeIDE_1.15.1\STM32CubeIDE\plugins\com.st.stm32cube.common.mx_6.11.1.202404110753\\db\/plugins/boardmanager/
2024-05-05 23:33:47,191 [WARN] ApiDb:259 - Overriding images path with different value:  => C:\ST\STM32CubeIDE_1.15.1\STM32CubeIDE\plugins\com.st.stm32cube.common.mx_6.11.1.202404110753\\db\/plugins/mcufinder/images/
2024-05-05 23:33:47,197 [INFO] ApiDb:250 - Set database path to: C:\Users\Shikhar Chaurasia\.stmcufinder\plugins\mcufinder//mcu/
2024-05-05 23:33:47,198 [INFO] DbMcusAds:125 - Set database path to: C:\Users\Shikhar Chaurasia\.stmcufinder\plugins\mcufinder//mcu/
2024-05-05 23:33:47,199 [INFO] CrossReferenceDbSqlite:203 - Set database path to: C:\Users\Shikhar Chaurasia\.stmcufinder\plugins\mcufinder//mcu/cs/
2024-05-05 23:33:47,306 [INFO] RulesReader:64 - Compatibility file has been processed (297 Rules)
2024-05-05 23:33:47,385 [INFO] DbMcusXml:78 - Set database path to: C:\ST\STM32CubeIDE_1.15.1\STM32CubeIDE\plugins\com.st.stm32cube.common.mx_6.11.1.202404110753\\db\/mcu/
2024-05-05 23:33:47,385 [INFO] ApiDb:274 - Set plugin database path to: C:\ST\STM32CubeIDE_1.15.1\STM32CubeIDE\plugins\com.st.stm32cube.common.mx_6.11.1.202404110753\\db\/plugins/boardmanager/
2024-05-05 23:33:47,385 [INFO] ApiDb:261 - Set plugin images path to: C:\ST\STM32CubeIDE_1.15.1\STM32CubeIDE\plugins\com.st.stm32cube.common.mx_6.11.1.202404110753\\db\/plugins/mcufinder/images/
2024-05-05 23:33:47,385 [WARN] DbFile:41 - Overriding database path with different value: C:\Users\Shikhar Chaurasia\.stmcufinder\plugins\mcufinder/ => C:\Users\Shikhar Chaurasia\.stmcufinder\plugins\mcufinder
2024-05-05 23:33:47,385 [INFO] ApiDb:250 - Set database path to: C:\Users\Shikhar Chaurasia\.stmcufinder\plugins\mcufinder//mcu/
2024-05-05 23:33:47,385 [WARN] DbFile:41 - Overriding database path with different value: C:\Users\Shikhar Chaurasia\.stmcufinder\plugins\mcufinder/ => C:\Users\Shikhar Chaurasia\.stmcufinder\plugins\mcufinder
2024-05-05 23:33:47,385 [INFO] DbMcusAds:125 - Set database path to: C:\Users\Shikhar Chaurasia\.stmcufinder\plugins\mcufinder//mcu/
2024-05-05 23:33:47,385 [WARN] DbFile:41 - Overriding database path with different value: C:\Users\Shikhar Chaurasia\.stmcufinder\plugins\mcufinder/ => C:\Users\Shikhar Chaurasia\.stmcufinder\plugins\mcufinder
2024-05-05 23:33:47,385 [WARN] DbFile:41 - Overriding database path with different value: C:\Users\Shikhar Chaurasia\.stmcufinder\plugins\mcufinder/ => C:\Users\Shikhar Chaurasia\.stmcufinder\plugins\mcufinder
2024-05-05 23:33:47,385 [INFO] CrossReferenceDbSqlite:203 - Set database path to: C:\Users\Shikhar Chaurasia\.stmcufinder\plugins\mcufinder//mcu/cs/
2024-05-05 23:33:47,445 [INFO] MainPanel:264 - HeapMemory: 268435456
2024-05-05 23:33:47,522 [INFO] DbMcusXml:78 - Set database path to: C:\ST\STM32CubeIDE_1.15.1\STM32CubeIDE\plugins\com.st.stm32cube.common.mx_6.11.1.202404110753\\db\/mcu/
2024-05-05 23:33:47,522 [INFO] ApiDb:274 - Set plugin database path to: C:\ST\STM32CubeIDE_1.15.1\STM32CubeIDE\plugins\com.st.stm32cube.common.mx_6.11.1.202404110753\\db\/plugins/boardmanager/
2024-05-05 23:33:47,522 [INFO] ApiDb:261 - Set plugin images path to: C:\ST\STM32CubeIDE_1.15.1\STM32CubeIDE\plugins\com.st.stm32cube.common.mx_6.11.1.202404110753\\db\/plugins/mcufinder/images/
2024-05-05 23:33:47,523 [WARN] DbFile:41 - Overriding database path with different value: C:\Users\Shikhar Chaurasia\.stmcufinder\plugins\mcufinder/ => C:\Users\Shikhar Chaurasia\.stmcufinder\plugins\mcufinder
2024-05-05 23:33:47,523 [INFO] ApiDb:250 - Set database path to: C:\Users\Shikhar Chaurasia\.stmcufinder\plugins\mcufinder//mcu/
2024-05-05 23:33:47,523 [WARN] DbFile:41 - Overriding database path with different value: C:\Users\Shikhar Chaurasia\.stmcufinder\plugins\mcufinder/ => C:\Users\Shikhar Chaurasia\.stmcufinder\plugins\mcufinder
2024-05-05 23:33:47,523 [INFO] DbMcusAds:125 - Set database path to: C:\Users\Shikhar Chaurasia\.stmcufinder\plugins\mcufinder//mcu/
2024-05-05 23:33:47,523 [WARN] DbFile:41 - Overriding database path with different value: C:\Users\Shikhar Chaurasia\.stmcufinder\plugins\mcufinder/ => C:\Users\Shikhar Chaurasia\.stmcufinder\plugins\mcufinder
2024-05-05 23:33:47,523 [WARN] DbFile:41 - Overriding database path with different value: C:\Users\Shikhar Chaurasia\.stmcufinder\plugins\mcufinder/ => C:\Users\Shikhar Chaurasia\.stmcufinder\plugins\mcufinder
2024-05-05 23:33:47,523 [INFO] CrossReferenceDbSqlite:203 - Set database path to: C:\Users\Shikhar Chaurasia\.stmcufinder\plugins\mcufinder//mcu/cs/
2024-05-05 23:33:47,538 [INFO] ApplicationProperties:184 - Using Application install path: C:\ST\STM32CubeIDE_1.15.1\STM32CubeIDE\plugins\com.st.stm32cube.common.mx_6.11.1.202404110753
2024-05-05 23:33:47,539 [INFO] PluginManage:196 - Search for loadable plugins [exclusion list=, ]
2024-05-05 23:33:47,541 [INFO] PluginManage:310 - Check plugin analytics
2024-05-05 23:33:47,700 [INFO] AnalyticsPlugin:253 - Accepted Software Licenses: 
2024-05-05 23:33:47,700 [INFO] AnalyticsPlugin:255 - Accepted CMSIS Pack Licenses: 
2024-05-05 23:33:47,700 [INFO] AnalyticsPlugin:257 - Accepted Firmware Licenses: 
2024-05-05 23:33:47,703 [INFO] PluginManage:359 - Loaded plugin analytics (category:tool,tabindex:-1)
2024-05-05 23:33:47,703 [INFO] PluginManage:310 - Check plugin cadmodel
2024-05-05 23:33:47,707 [INFO] CADModel:105 - Init CAD model plugin
2024-05-05 23:33:47,707 [INFO] PluginManage:359 - Loaded plugin cadmodel (category:power,tabindex:5)
2024-05-05 23:33:47,708 [INFO] PluginManage:310 - Check plugin clock
2024-05-05 23:33:47,715 [INFO] PluginManage:359 - Loaded plugin clock (category:base,tabindex:2)
2024-05-05 23:33:47,715 [INFO] PluginManage:310 - Check plugin ddr
2024-05-05 23:33:47,716 [INFO] PluginManage:359 - Loaded plugin ddr (category:tool,tabindex:6)
2024-05-05 23:33:47,716 [INFO] PluginManage:310 - Check plugin filemanager
2024-05-05 23:33:47,840 [INFO] PluginManage:359 - Loaded plugin filemanager (category:base,tabindex:10)
2024-05-05 23:33:47,840 [INFO] PluginManage:310 - Check plugin ipmanager
2024-05-05 23:33:47,846 [INFO] PluginManage:359 - Loaded plugin ipmanager (category:base,tabindex:5)
2024-05-05 23:33:47,846 [INFO] PluginManage:310 - Check plugin lpbam
2024-05-05 23:33:47,854 [INFO] PluginManage:359 - Loaded plugin lpbam (category:base,tabindex:0)
2024-05-05 23:33:47,855 [INFO] PluginManage:310 - Check plugin memorymap
2024-05-05 23:33:47,866 [INFO] PluginManage:359 - Loaded plugin memorymap (category:base,tabindex:4)
2024-05-05 23:33:47,866 [INFO] PluginManage:310 - Check plugin pinoutandconfiguration
2024-05-05 23:33:47,871 [INFO] PluginManage:359 - Loaded plugin pinoutandconfiguration (category:base,tabindex:1)
2024-05-05 23:33:47,871 [INFO] PluginManage:310 - Check plugin pinoutconfig
2024-05-05 23:33:47,975 [WARN] SupportedApi:132 - Cannot load RTOS API schema: s4s-elt-must-match.1: The content of 'definitions' must match (annotation?, (simpleType | complexType)?, (unique | key | keyref)*)). A problem was found starting at: attribute.
2024-05-05 23:33:48,135 [INFO] PluginManage:359 - Loaded plugin pinoutconfig (category:base,tabindex:0)
2024-05-05 23:33:48,135 [INFO] PluginManage:310 - Check plugin power
2024-05-05 23:33:48,143 [INFO] PluginManage:359 - Loaded plugin power (category:power,tabindex:4)
2024-05-05 23:33:48,143 [INFO] PluginManage:310 - Check plugin projectmanager
2024-05-05 23:33:48,158 [INFO] PluginManage:359 - Loaded plugin projectmanager (category:projectmanager,tabindex:3)
2024-05-05 23:33:48,158 [INFO] PluginManage:310 - Check plugin thirdparty
2024-05-05 23:33:48,265 [INFO] PluginManage:359 - Loaded plugin thirdparty (category:base,tabindex:-1)
2024-05-05 23:33:48,265 [WARN] IntegrityCheckThread:84 - waiting for thirdparty lock release [integrity check]
2024-05-05 23:33:48,265 [INFO] PluginManage:310 - Check plugin tools
2024-05-05 23:33:48,265 [INFO] IntegrityCheckThread:86 - entering critical section [integrity check]
2024-05-05 23:33:48,267 [INFO] ThirdPartyUpdaterWithRetryManager:70 - Updater plugin not ready yet. [1/15]
2024-05-05 23:33:48,268 [INFO] PluginManage:359 - Loaded plugin tools (category:base,tabindex:7)
2024-05-05 23:33:48,269 [INFO] PluginManage:310 - Check plugin tutovideos
2024-05-05 23:33:48,427 [INFO] PluginManage:359 - Loaded plugin tutovideos (category:base,tabindex:-1)
2024-05-05 23:33:48,427 [INFO] PluginManage:310 - Check plugin updater
2024-05-05 23:33:48,439 [INFO] PluginManage:359 - Loaded plugin updater (category:base,tabindex:12)
2024-05-05 23:33:48,439 [INFO] PluginManage:310 - Check plugin userauth
2024-05-05 23:33:48,443 [INFO] UserAuth:114 - Init User Auth plugin
2024-05-05 23:33:48,443 [INFO] PluginManage:359 - Loaded plugin userauth (category:base,tabindex:14)
2024-05-05 23:33:48,444 [INFO] PluginManage:283 - PluginManage : Loaded plugins [17]
2024-05-05 23:33:48,623 [INFO] PinOutPanel:1561 - setPackage(No Configuration,No Configuration)
2024-05-05 23:33:48,683 [INFO] CADModel:165 - CPN selected for project level
2024-05-05 23:33:48,683 [INFO] CADModel:114 - Register for checkConnection events
2024-05-05 23:33:48,695 [INFO] IPUIPlugin:80 - create IPUIPlugin
2024-05-05 23:33:48,695 [INFO] PluginManager:220 - loadIPPluginJar : add adc
2024-05-05 23:33:48,697 [INFO] IPUIPlugin:80 - create IPUIPlugin
2024-05-05 23:33:48,697 [INFO] PluginManager:220 - loadIPPluginJar : add aes
2024-05-05 23:33:48,699 [INFO] IPUIPlugin:80 - create IPUIPlugin
2024-05-05 23:33:48,699 [INFO] PluginManager:220 - loadIPPluginJar : add can
2024-05-05 23:33:48,700 [INFO] IPUIPlugin:80 - create IPUIPlugin
2024-05-05 23:33:48,701 [INFO] PluginManager:220 - loadIPPluginJar : add comp
2024-05-05 23:33:48,702 [INFO] IPUIPlugin:80 - create IPUIPlugin
2024-05-05 23:33:48,702 [INFO] PluginManager:220 - loadIPPluginJar : add cryp
2024-05-05 23:33:48,704 [INFO] IPUIPlugin:80 - create IPUIPlugin
2024-05-05 23:33:48,704 [INFO] PluginManager:220 - loadIPPluginJar : add dfsdm
2024-05-05 23:33:48,710 [INFO] IPUIPlugin:80 - create IPUIPlugin
2024-05-05 23:33:48,711 [INFO] PluginManager:220 - loadIPPluginJar : add dma
2024-05-05 23:33:48,713 [INFO] IPUIPlugin:80 - create IPUIPlugin
2024-05-05 23:33:48,713 [INFO] PluginManager:220 - loadIPPluginJar : add dma3
2024-05-05 23:33:48,715 [INFO] IPUIPlugin:80 - create IPUIPlugin
2024-05-05 23:33:48,715 [INFO] PluginManager:220 - loadIPPluginJar : add extmemmanager
2024-05-05 23:33:48,716 [INFO] IPUIPlugin:80 - create IPUIPlugin
2024-05-05 23:33:48,716 [INFO] PluginManager:220 - loadIPPluginJar : add fatfs
2024-05-05 23:33:48,718 [INFO] IPUIPlugin:80 - create IPUIPlugin
2024-05-05 23:33:48,718 [INFO] PluginManager:220 - loadIPPluginJar : add fmc
2024-05-05 23:33:48,721 [INFO] IPUIPlugin:80 - create IPUIPlugin
2024-05-05 23:33:48,722 [INFO] PluginManager:220 - loadIPPluginJar : add freertos
2024-05-05 23:33:48,724 [INFO] IPUIPlugin:80 - create IPUIPlugin
2024-05-05 23:33:48,724 [INFO] PluginManager:220 - loadIPPluginJar : add genericplugin
2024-05-05 23:33:48,727 [INFO] IPUIPlugin:80 - create IPUIPlugin
2024-05-05 23:33:48,727 [INFO] PluginManager:220 - loadIPPluginJar : add gfxmmu
2024-05-05 23:33:48,730 [INFO] IPUIPlugin:80 - create IPUIPlugin
2024-05-05 23:33:48,731 [INFO] PluginManager:220 - loadIPPluginJar : add gic
2024-05-05 23:33:48,733 [INFO] IPUIPlugin:80 - create IPUIPlugin
2024-05-05 23:33:48,733 [INFO] PluginManager:220 - loadIPPluginJar : add gpio
2024-05-05 23:33:48,736 [INFO] IPUIPlugin:80 - create IPUIPlugin
2024-05-05 23:33:48,737 [INFO] PluginManager:220 - loadIPPluginJar : add gtzc
2024-05-05 23:33:48,738 [INFO] IPUIPlugin:80 - create IPUIPlugin
2024-05-05 23:33:48,738 [INFO] PluginManager:220 - loadIPPluginJar : add hash
2024-05-05 23:33:48,739 [INFO] IPUIPlugin:80 - create IPUIPlugin
2024-05-05 23:33:48,739 [INFO] PluginManager:220 - loadIPPluginJar : add i2c
2024-05-05 23:33:48,741 [INFO] IPUIPlugin:80 - create IPUIPlugin
2024-05-05 23:33:48,741 [INFO] PluginManager:220 - loadIPPluginJar : add i2s
2024-05-05 23:33:48,743 [INFO] IPUIPlugin:80 - create IPUIPlugin
2024-05-05 23:33:48,743 [INFO] PluginManager:220 - loadIPPluginJar : add i3c
2024-05-05 23:33:48,745 [INFO] IPUIPlugin:80 - create IPUIPlugin
2024-05-05 23:33:48,745 [INFO] PluginManager:220 - loadIPPluginJar : add ipddr
2024-05-05 23:33:48,752 [INFO] IPUIPlugin:80 - create IPUIPlugin
2024-05-05 23:33:48,752 [INFO] PluginManager:220 - loadIPPluginJar : add linkedlist
2024-05-05 23:33:48,755 [INFO] IPUIPlugin:80 - create IPUIPlugin
2024-05-05 23:33:48,755 [INFO] PluginManager:220 - loadIPPluginJar : add lorawan
2024-05-05 23:33:48,758 [INFO] IPUIPlugin:80 - create IPUIPlugin
2024-05-05 23:33:48,758 [INFO] PluginManager:220 - loadIPPluginJar : add ltdc
2024-05-05 23:33:48,764 [INFO] IPUIPlugin:80 - create IPUIPlugin
2024-05-05 23:33:48,764 [INFO] PluginManager:220 - loadIPPluginJar : add mdma
2024-05-05 23:33:48,767 [INFO] IPUIPlugin:80 - create IPUIPlugin
2024-05-05 23:33:48,767 [INFO] PluginManager:220 - loadIPPluginJar : add nvic
2024-05-05 23:33:48,769 [INFO] IPUIPlugin:80 - create IPUIPlugin
2024-05-05 23:33:48,769 [INFO] PluginManager:220 - loadIPPluginJar : add opamp
2024-05-05 23:33:48,772 [INFO] IPUIPlugin:80 - create IPUIPlugin
2024-05-05 23:33:48,772 [INFO] PluginManager:220 - loadIPPluginJar : add openamp
2024-05-05 23:33:48,775 [INFO] IPUIPlugin:80 - create IPUIPlugin
2024-05-05 23:33:48,775 [INFO] PluginManager:220 - loadIPPluginJar : add pdm2pcm
2024-05-05 23:33:48,780 [INFO] IPUIPlugin:80 - create IPUIPlugin
2024-05-05 23:33:48,783 [INFO] PluginManager:220 - loadIPPluginJar : add plateformsettings
2024-05-05 23:33:48,785 [INFO] IPUIPlugin:80 - create IPUIPlugin
2024-05-05 23:33:48,785 [INFO] PluginManager:220 - loadIPPluginJar : add quadspi
2024-05-05 23:33:48,787 [INFO] IPUIPlugin:80 - create IPUIPlugin
2024-05-05 23:33:48,787 [INFO] PluginManager:220 - loadIPPluginJar : add resmgrutility
2024-05-05 23:33:48,790 [INFO] IPUIPlugin:80 - create IPUIPlugin
2024-05-05 23:33:48,790 [INFO] PluginManager:220 - loadIPPluginJar : add sai
2024-05-05 23:33:48,793 [INFO] IPUIPlugin:80 - create IPUIPlugin
2024-05-05 23:33:48,793 [INFO] PluginManager:220 - loadIPPluginJar : add spi
2024-05-05 23:33:48,797 [INFO] IPUIPlugin:80 - create IPUIPlugin
2024-05-05 23:33:48,797 [INFO] PluginManager:220 - loadIPPluginJar : add stm32_wpan
2024-05-05 23:33:48,799 [INFO] IPUIPlugin:80 - create IPUIPlugin
2024-05-05 23:33:48,799 [INFO] PluginManager:220 - loadIPPluginJar : add tim
2024-05-05 23:33:48,801 [INFO] IPUIPlugin:80 - create IPUIPlugin
2024-05-05 23:33:48,801 [INFO] PluginManager:220 - loadIPPluginJar : add touchsensing
2024-05-05 23:33:48,802 [INFO] IPUIPlugin:80 - create IPUIPlugin
2024-05-05 23:33:48,802 [INFO] PluginManager:220 - loadIPPluginJar : add tracer_emb
2024-05-05 23:33:48,804 [INFO] IPUIPlugin:80 - create IPUIPlugin
2024-05-05 23:33:48,804 [INFO] PluginManager:220 - loadIPPluginJar : add ts
2024-05-05 23:33:48,805 [INFO] IPUIPlugin:80 - create IPUIPlugin
2024-05-05 23:33:48,805 [INFO] PluginManager:220 - loadIPPluginJar : add tsc
2024-05-05 23:33:48,807 [INFO] IPUIPlugin:80 - create IPUIPlugin
2024-05-05 23:33:48,807 [INFO] PluginManager:220 - loadIPPluginJar : add ucpd
2024-05-05 23:33:48,809 [INFO] IPUIPlugin:80 - create IPUIPlugin
2024-05-05 23:33:48,810 [INFO] PluginManager:220 - loadIPPluginJar : add usart
2024-05-05 23:33:48,811 [INFO] IPUIPlugin:80 - create IPUIPlugin
2024-05-05 23:33:48,811 [INFO] PluginManager:220 - loadIPPluginJar : add usbx
2024-05-05 23:33:48,936 [INFO] CADModel:165 - CPN selected for project level
2024-05-05 23:33:48,936 [INFO] CADModel:114 - Register for checkConnection events
2024-05-05 23:33:48,937 [FATAL] Updater:308 - Updater called before beeing initialized
2024-05-05 23:33:48,937 [ERROR] CADModel:125 - Updater not yet initialized, retry later 
2024-05-05 23:33:49,118 [INFO] CADModel:165 - CPN selected for project level
2024-05-05 23:33:49,118 [INFO] CADModel:114 - Register for checkConnection events
2024-05-05 23:33:49,118 [FATAL] Updater:308 - Updater called before beeing initialized
2024-05-05 23:33:49,118 [ERROR] CADModel:125 - Updater not yet initialized, retry later 
2024-05-05 23:33:49,123 [FATAL] Updater:308 - Updater called before beeing initialized
2024-05-05 23:33:49,249 [FATAL] Updater:308 - Updater called before beeing initialized
2024-05-05 23:33:49,253 [INFO] DbMcusAds:53 - JSON generation date=Thu Sep 30 02:55:09 EDT 2021 (1632984909247)
2024-05-05 23:33:49,253 [FATAL] Updater:308 - Updater called before beeing initialized
2024-05-05 23:33:49,285 [WARN] DetailPanel:346 - Failed to get advertising image, set to default
2024-05-05 23:33:49,364 [FATAL] Updater:308 - Updater called before beeing initialized
2024-05-05 23:33:49,365 [FATAL] Updater:308 - Updater called before beeing initialized
2024-05-05 23:33:49,365 [FATAL] Updater:308 - Updater called before beeing initialized
2024-05-05 23:33:49,365 [WARN] DetailPanel:346 - Failed to get advertising image, set to default
2024-05-05 23:33:49,365 [FATAL] Updater:308 - Updater called before beeing initialized
2024-05-05 23:33:49,405 [ERROR] Updater:1120 - MainUpdater not yet initialized. External WinMGr cannot be set.
2024-05-05 23:33:49,408 [INFO] Updater:1056 - Updater Version found : 6.11.1
2024-05-05 23:33:49,433 [INFO] ApplicationProperties:184 - Using Application install path: C:\ST\STM32CubeIDE_1.15.1\STM32CubeIDE\plugins\com.st.stm32cube.common.mx_6.11.1.202404110753
2024-05-05 23:33:51,011 [ERROR] LogOutputStream:75 - [STDERR_REDIRECT] May 05, 2024 11:33:51 PM java.util.prefs.WindowsPreferences <init>
2024-05-05 23:33:51,012 [ERROR] LogOutputStream:75 - [STDERR_REDIRECT] WARNING: Could not open/create prefs root node Software\JavaSoft\Prefs at root 0xffffffff80000002. Windows RegCreateKeyEx(...) returned error code 5.
2024-05-05 23:33:51,013 [ERROR] LogOutputStream:75 - [STDERR_REDIRECT] 
2024-05-05 23:33:51,269 [INFO] ThirdPartyUpdaterWithRetryManager:70 - Updater plugin not ready yet. [2/15]
2024-05-05 23:33:51,317 [INFO] MainUpdater:2873 - connection check result : 10
2024-05-05 23:33:51,320 [INFO] MainUpdater:290 - Updater Check For Update Now.
2024-05-05 23:33:51,321 [INFO] MicroXplorer:498 - Change Database Version : DB.6.0.111
2024-05-05 23:33:51,333 [INFO] McuFinderGlobals:63 - Set McuFinder mode to 2 (CubeIDE integrated)
2024-05-05 23:33:51,333 [INFO] UserAuth:179 - activating auth plugin
2024-05-05 23:33:51,335 [INFO] UserAuth:415 - Internet connection configuration mode: 1
2024-05-05 23:33:51,356 [INFO] JxBrowserEngine:152 - Initiate JxBrowser Engine with user profile folder
2024-05-05 23:33:51,483 [INFO] CheckServerUpdateThread:120 - End of CheckServer Thread
2024-05-05 23:33:51,958 [INFO] WebApp:161 - Instantiating new browser for Auth
2024-05-05 23:33:52,467 [INFO] WebApp:779 - Register for checkConnection events
2024-05-05 23:33:52,467 [INFO] WebApp:414 - Apply proxy settings
2024-05-05 23:33:52,467 [INFO] WebApp:499 - Chromium requires no authentication
2024-05-05 23:33:52,472 [INFO] WebApp:442 - Direct internet connection detected
2024-05-05 23:33:52,642 [INFO] WebApp:192 - Starting web application
2024-05-05 23:33:52,642 [INFO] WebApp:544 - Web application path used C:\ST\STM32CubeIDE_1.15.1\STM32CubeIDE\plugins\com.st.stm32cube.common.mx_6.11.1.202404110753\db\plugins\mcufinder\reactClient1\index.html
2024-05-05 23:33:54,478 [WARN] PackLoader:240 - Cannot read IP mode file for STMicroelectronics.FP-SNS-MOTENVWB1.1.4.0
2024-05-05 23:33:54,490 [WARN] PackLoader:240 - Cannot read IP mode file for STMicroelectronics.X-CUBE-SMBUS.2.1.0
2024-05-05 23:33:54,496 [WARN] PackLoader:240 - Cannot read IP mode file for STMicroelectronics.X-CUBE-TOUCHGFX.4.23.2
2024-05-05 23:33:54,523 [WARN] PackLoader:240 - Cannot read IP mode file for STMicroelectronics.X-CUBE-AZRTOS-F7.1.1.0
2024-05-05 23:33:54,533 [WARN] PackLoader:240 - Cannot read IP mode file for STMicroelectronics.FP-SNS-FLIGHT1.5.0.2
2024-05-05 23:33:54,540 [WARN] PackLoader:240 - Cannot read IP mode file for STMicroelectronics.X-CUBE-DISPLAY.3.0.0
2024-05-05 23:33:54,553 [WARN] PackLoader:240 - Cannot read IP mode file for STMicroelectronics.X-CUBE-BLE1.7.0.0
2024-05-05 23:33:54,557 [WARN] PackLoader:240 - Cannot read IP mode file for emotas.I-CUBE-CANOPEN.1.3.0
2024-05-05 23:33:54,567 [WARN] PackLoader:240 - Cannot read IP mode file for STMicroelectronics.X-CUBE-BLEMGR.3.1.0
2024-05-05 23:33:54,573 [WARN] PackLoader:240 - Cannot read IP mode file for STMicroelectronics.FP-SNS-SMARTAG2.1.2.0
2024-05-05 23:33:54,582 [INFO] LogOutputStream:77 - [STDOUT_REDIRECT] 1 : Invalid condition id : UX_CORESTACK_Condition cause : null
2024-05-05 23:33:54,583 [INFO] LogOutputStream:77 - [STDOUT_REDIRECT] 1 : Invalid condition id : UX_CORESTACK_Condition cause : null
2024-05-05 23:33:54,584 [INFO] LogOutputStream:77 - [STDOUT_REDIRECT] 1 : Invalid condition id : UX_CORESTACK_Condition cause : null
2024-05-05 23:33:54,585 [INFO] LogOutputStream:77 - [STDOUT_REDIRECT] 1 : Invalid condition id : UX_CORESTACK_Condition cause : null
2024-05-05 23:33:54,585 [INFO] LogOutputStream:77 - [STDOUT_REDIRECT] 1 : Invalid condition id : UX_CORESTACK_Condition cause : null
2024-05-05 23:33:54,590 [WARN] PackLoader:240 - Cannot read IP mode file for STMicroelectronics.X-CUBE-AZRTOS-WL.2.0.0
2024-05-05 23:33:54,595 [WARN] PackLoader:240 - Cannot read IP mode file for STMicroelectronics.FP-SNS-MOTENV1.5.0.0
2024-05-05 23:33:54,603 [WARN] PackLoader:240 - Cannot read IP mode file for WES.I-CUBE-Cesium.1.3.0
2024-05-05 23:33:54,607 [WARN] PackLoader:240 - Cannot read IP mode file for STMicroelectronics.X-CUBE-BLE2.3.3.0
2024-05-05 23:33:54,612 [WARN] PackLoader:240 - Cannot read IP mode file for STMicroelectronics.X-CUBE-TCPP.4.1.0
2024-05-05 23:33:54,619 [WARN] PackLoader:240 - Cannot read IP mode file for STMicroelectronics.X-CUBE-ALGOBUILD.1.3.0
2024-05-05 23:33:54,633 [WARN] PackLoader:240 - Cannot read IP mode file for STMicroelectronics.X-CUBE-AZRTOS-G0.1.1.0
2024-05-05 23:33:54,640 [WARN] PackLoader:240 - Cannot read IP mode file for STMicroelectronics.X-CUBE-SAFEA1.1.2.2
2024-05-05 23:33:54,644 [WARN] PackLoader:240 - Cannot read IP mode file for STMicroelectronics.X-CUBE-NFC4.3.0.0
2024-05-05 23:33:54,649 [WARN] PackLoader:240 - Cannot read IP mode file for wolfSSL.I-CUBE-wolfSSL.5.7.0
2024-05-05 23:33:54,652 [WARN] PackLoader:240 - Cannot read IP mode file for STMicroelectronics.FP-ATR-SIGFOX1.3.2.0
2024-05-05 23:33:54,657 [WARN] PackLoader:240 - Cannot read IP mode file for STMicroelectronics.X-CUBE-EEPRMA1.5.1.0
2024-05-05 23:33:54,662 [WARN] PackLoader:240 - Cannot read IP mode file for ITTIA_DB.I-CUBE-ITTIADB.8.9.0
2024-05-05 23:33:54,686 [WARN] PackLoader:240 - Cannot read IP mode file for SEGGER.I-CUBE-embOS.1.3.1
2024-05-05 23:33:54,729 [WARN] PackLoader:240 - Cannot read IP mode file for STMicroelectronics.X-CUBE-GNSS1.6.0.0
2024-05-05 23:33:54,742 [WARN] PackLoader:240 - Cannot read IP mode file for STMicroelectronics.X-CUBE-AZRTOS-F4.1.1.0
2024-05-05 23:33:54,748 [WARN] PackLoader:240 - Cannot read IP mode file for STMicroelectronics.X-CUBE-FREERTOS.1.2.0
2024-05-05 23:33:54,759 [WARN] PackLoader:240 - Cannot read IP mode file for STMicroelectronics.X-CUBE-AZRTOS-L5.2.0.0
2024-05-05 23:33:54,765 [WARN] PackLoader:240 - Cannot read IP mode file for STMicroelectronics.X-CUBE-NFC6.3.1.0
2024-05-05 23:33:54,771 [WARN] PackLoader:240 - Cannot read IP mode file for STMicroelectronics.X-CUBE-AI.9.0.0
2024-05-05 23:33:54,775 [WARN] PackLoader:240 - Cannot read IP mode file for STMicroelectronics.X-CUBE-NFC7.1.0.1
2024-05-05 23:33:54,787 [WARN] ConditionMgr:438 - getConditionDescription Invalid condition id : LAN8742 Phy interface Condition cause : null
2024-05-05 23:33:54,788 [WARN] PackLoader:240 - Cannot read IP mode file for STMicroelectronics.X-CUBE-AZRTOS-L4.2.0.0
2024-05-05 23:33:54,788 [WARN] ConditionMgr:1039 - genDependencies : Invalid condition id : LAN8742 Phy interface Condition cause : null
2024-05-05 23:33:54,789 [WARN] ConditionMgr:1039 - genDependencies : Invalid condition id : LAN8742 Phy interface Condition cause : null
2024-05-05 23:33:54,789 [WARN] ConditionMgr:1039 - genDependencies : Invalid condition id : LAN8742 Phy interface Condition cause : null
2024-05-05 23:33:54,794 [WARN] PackLoader:240 - Cannot read IP mode file for STMicroelectronics.X-CUBE-SFXS2LP1.4.0.0
2024-05-05 23:33:54,805 [WARN] ConditionMgr:438 - getConditionDescription Invalid condition id : UX DEVICE CLASS RTOS Condition cause : null
2024-05-05 23:33:54,805 [WARN] ConditionMgr:438 - getConditionDescription Invalid condition id : UX DEVICE CLASS RTOS Condition cause : null
2024-05-05 23:33:54,807 [WARN] PackLoader:240 - Cannot read IP mode file for STMicroelectronics.X-CUBE-AZRTOS-WB.2.0.0
2024-05-05 23:33:54,807 [WARN] ConditionMgr:1039 - genDependencies : Invalid condition id : UX DEVICE CLASS RTOS Condition cause : null
2024-05-05 23:33:54,807 [WARN] ConditionMgr:1039 - genDependencies : Invalid condition id : UX DEVICE CLASS RTOS Condition cause : null
2024-05-05 23:33:54,807 [WARN] ConditionMgr:1039 - genDependencies : Invalid condition id : UX DEVICE CLASS RTOS Condition cause : null
2024-05-05 23:33:54,808 [WARN] ConditionMgr:1039 - genDependencies : Invalid condition id : UX DEVICE CLASS RTOS Condition cause : null
2024-05-05 23:33:54,808 [WARN] ConditionMgr:1039 - genDependencies : Invalid condition id : UX DEVICE CLASS RTOS Condition cause : null
2024-05-05 23:33:54,815 [WARN] PackLoader:240 - Cannot read IP mode file for STMicroelectronics.X-CUBE-SUBG2.5.0.0
2024-05-05 23:33:54,830 [WARN] PackLoader:240 - Cannot read IP mode file for STMicroelectronics.X-CUBE-AZRTOS-G4.2.0.0
2024-05-05 23:33:54,836 [WARN] PackLoader:240 - Cannot read IP mode file for STMicroelectronics.X-CUBE-ISPU.2.0.0
2024-05-05 23:33:54,869 [WARN] PackLoader:240 - Cannot read IP mode file for STMicroelectronics.X-CUBE-MEMS1.10.0.0
2024-05-05 23:33:54,965 [WARN] PackLoader:240 - Cannot read IP mode file for portGmbH.I-Cube-SoM-uGOAL.1.1.0
2024-05-05 23:33:54,970 [WARN] PackLoader:240 - Cannot read IP mode file for STMicroelectronics.X-CUBE-ALS.1.0.1
2024-05-05 23:33:54,983 [WARN] PackLoader:240 - Cannot read IP mode file for STMicroelectronics.X-CUBE-AZRTOS-H7RS.1.0.0
2024-05-05 23:33:54,989 [WARN] PackLoader:240 - Cannot read IP mode file for STMicroelectronics.FP-ATR-ASTRA1.2.0.0
2024-05-05 23:33:54,997 [WARN] PackLoader:240 - Cannot read IP mode file for STMicroelectronics.X-CUBE-TOF1.3.4.1
2024-05-05 23:33:55,022 [WARN] PackLoader:240 - Cannot read IP mode file for STMicroelectronics.X-CUBE-AZRTOS-H7.3.2.0
2024-05-05 23:33:55,041 [WARN] PackLoader:240 - Cannot read IP mode file for Infineon.AIROC-Wi-Fi-Bluetooth-STM32.1.6.0
2024-05-05 23:33:55,044 [INFO] ThirdParty:978 - Integrity check success = true
2024-05-05 23:33:55,045 [INFO] IntegrityCheckThread:100 - exiting critical section [integrity check]
2024-05-05 23:33:55,045 [INFO] IntegrityCheckThread:103 - End integrity checks thread
2024-05-05 23:34:12,139 [ERROR] LogOutputStream:75 - [STDERR_REDIRECT] 
2024-05-05 23:34:12,139 [ERROR] LogOutputStream:75 - [STDERR_REDIRECT] 
2024-05-05 23:35:42,774 [INFO] Activator:176 - 


2024-05-05 23:35:42,775 [INFO] Activator:177 - !SESSION log4j initialized
2024-05-05 23:35:45,177 [INFO] LogOutputStream:77 - [STDOUT_REDIRECT] 
2024-05-05 23:35:47,068 [INFO] ApplicationProperties:184 - Using Application install path: C:\ST\STM32CubeIDE_1.15.1\STM32CubeIDE\plugins\com.st.stm32cube.common.mx_6.11.1.202404110753
2024-05-05 23:35:47,082 [INFO] DbMcusXml:78 - Set database path to: C:\ST\STM32CubeIDE_1.15.1\STM32CubeIDE\plugins\com.st.stm32cube.common.mx_6.11.1.202404110753\\db\/mcu/
2024-05-05 23:35:47,082 [INFO] ApiDb:274 - Set plugin database path to: C:\ST\STM32CubeIDE_1.15.1\STM32CubeIDE\plugins\com.st.stm32cube.common.mx_6.11.1.202404110753\\db\/plugins/boardmanager/
2024-05-05 23:35:47,083 [WARN] ApiDb:259 - Overriding images path with different value:  => C:\ST\STM32CubeIDE_1.15.1\STM32CubeIDE\plugins\com.st.stm32cube.common.mx_6.11.1.202404110753\\db\/plugins/mcufinder/images/
2024-05-05 23:35:47,087 [INFO] ApiDb:250 - Set database path to: C:\Users\Shikhar Chaurasia\.stmcufinder\plugins\mcufinder//mcu/
2024-05-05 23:35:47,088 [INFO] DbMcusAds:125 - Set database path to: C:\Users\Shikhar Chaurasia\.stmcufinder\plugins\mcufinder//mcu/
2024-05-05 23:35:47,090 [INFO] CrossReferenceDbSqlite:203 - Set database path to: C:\Users\Shikhar Chaurasia\.stmcufinder\plugins\mcufinder//mcu/cs/
2024-05-05 23:35:47,203 [INFO] RulesReader:64 - Compatibility file has been processed (297 Rules)
2024-05-05 23:35:47,279 [INFO] DbMcusXml:78 - Set database path to: C:\ST\STM32CubeIDE_1.15.1\STM32CubeIDE\plugins\com.st.stm32cube.common.mx_6.11.1.202404110753\\db\/mcu/
2024-05-05 23:35:47,279 [INFO] ApiDb:274 - Set plugin database path to: C:\ST\STM32CubeIDE_1.15.1\STM32CubeIDE\plugins\com.st.stm32cube.common.mx_6.11.1.202404110753\\db\/plugins/boardmanager/
2024-05-05 23:35:47,279 [INFO] ApiDb:261 - Set plugin images path to: C:\ST\STM32CubeIDE_1.15.1\STM32CubeIDE\plugins\com.st.stm32cube.common.mx_6.11.1.202404110753\\db\/plugins/mcufinder/images/
2024-05-05 23:35:47,279 [WARN] DbFile:41 - Overriding database path with different value: C:\Users\Shikhar Chaurasia\.stmcufinder\plugins\mcufinder/ => C:\Users\Shikhar Chaurasia\.stmcufinder\plugins\mcufinder
2024-05-05 23:35:47,279 [INFO] ApiDb:250 - Set database path to: C:\Users\Shikhar Chaurasia\.stmcufinder\plugins\mcufinder//mcu/
2024-05-05 23:35:47,279 [WARN] DbFile:41 - Overriding database path with different value: C:\Users\Shikhar Chaurasia\.stmcufinder\plugins\mcufinder/ => C:\Users\Shikhar Chaurasia\.stmcufinder\plugins\mcufinder
2024-05-05 23:35:47,280 [INFO] DbMcusAds:125 - Set database path to: C:\Users\Shikhar Chaurasia\.stmcufinder\plugins\mcufinder//mcu/
2024-05-05 23:35:47,280 [WARN] DbFile:41 - Overriding database path with different value: C:\Users\Shikhar Chaurasia\.stmcufinder\plugins\mcufinder/ => C:\Users\Shikhar Chaurasia\.stmcufinder\plugins\mcufinder
2024-05-05 23:35:47,280 [WARN] DbFile:41 - Overriding database path with different value: C:\Users\Shikhar Chaurasia\.stmcufinder\plugins\mcufinder/ => C:\Users\Shikhar Chaurasia\.stmcufinder\plugins\mcufinder
2024-05-05 23:35:47,280 [INFO] CrossReferenceDbSqlite:203 - Set database path to: C:\Users\Shikhar Chaurasia\.stmcufinder\plugins\mcufinder//mcu/cs/
2024-05-05 23:35:47,348 [INFO] MainPanel:264 - HeapMemory: 268435456
2024-05-05 23:35:47,413 [INFO] DbMcusXml:78 - Set database path to: C:\ST\STM32CubeIDE_1.15.1\STM32CubeIDE\plugins\com.st.stm32cube.common.mx_6.11.1.202404110753\\db\/mcu/
2024-05-05 23:35:47,413 [INFO] ApiDb:274 - Set plugin database path to: C:\ST\STM32CubeIDE_1.15.1\STM32CubeIDE\plugins\com.st.stm32cube.common.mx_6.11.1.202404110753\\db\/plugins/boardmanager/
2024-05-05 23:35:47,413 [INFO] ApiDb:261 - Set plugin images path to: C:\ST\STM32CubeIDE_1.15.1\STM32CubeIDE\plugins\com.st.stm32cube.common.mx_6.11.1.202404110753\\db\/plugins/mcufinder/images/
2024-05-05 23:35:47,414 [WARN] DbFile:41 - Overriding database path with different value: C:\Users\Shikhar Chaurasia\.stmcufinder\plugins\mcufinder/ => C:\Users\Shikhar Chaurasia\.stmcufinder\plugins\mcufinder
2024-05-05 23:35:47,414 [INFO] ApiDb:250 - Set database path to: C:\Users\Shikhar Chaurasia\.stmcufinder\plugins\mcufinder//mcu/
2024-05-05 23:35:47,414 [WARN] DbFile:41 - Overriding database path with different value: C:\Users\Shikhar Chaurasia\.stmcufinder\plugins\mcufinder/ => C:\Users\Shikhar Chaurasia\.stmcufinder\plugins\mcufinder
2024-05-05 23:35:47,414 [INFO] DbMcusAds:125 - Set database path to: C:\Users\Shikhar Chaurasia\.stmcufinder\plugins\mcufinder//mcu/
2024-05-05 23:35:47,414 [WARN] DbFile:41 - Overriding database path with different value: C:\Users\Shikhar Chaurasia\.stmcufinder\plugins\mcufinder/ => C:\Users\Shikhar Chaurasia\.stmcufinder\plugins\mcufinder
2024-05-05 23:35:47,414 [WARN] DbFile:41 - Overriding database path with different value: C:\Users\Shikhar Chaurasia\.stmcufinder\plugins\mcufinder/ => C:\Users\Shikhar Chaurasia\.stmcufinder\plugins\mcufinder
2024-05-05 23:35:47,414 [INFO] CrossReferenceDbSqlite:203 - Set database path to: C:\Users\Shikhar Chaurasia\.stmcufinder\plugins\mcufinder//mcu/cs/
2024-05-05 23:35:47,433 [INFO] ApplicationProperties:184 - Using Application install path: C:\ST\STM32CubeIDE_1.15.1\STM32CubeIDE\plugins\com.st.stm32cube.common.mx_6.11.1.202404110753
2024-05-05 23:35:47,434 [INFO] PluginManage:196 - Search for loadable plugins [exclusion list=, ]
2024-05-05 23:35:47,435 [INFO] PluginManage:310 - Check plugin analytics
2024-05-05 23:35:47,578 [INFO] AnalyticsPlugin:253 - Accepted Software Licenses: 
2024-05-05 23:35:47,578 [INFO] AnalyticsPlugin:255 - Accepted CMSIS Pack Licenses: 
2024-05-05 23:35:47,578 [INFO] AnalyticsPlugin:257 - Accepted Firmware Licenses: 
2024-05-05 23:35:47,580 [INFO] PluginManage:359 - Loaded plugin analytics (category:tool,tabindex:-1)
2024-05-05 23:35:47,580 [INFO] PluginManage:310 - Check plugin cadmodel
2024-05-05 23:35:47,583 [INFO] CADModel:105 - Init CAD model plugin
2024-05-05 23:35:47,583 [INFO] PluginManage:359 - Loaded plugin cadmodel (category:power,tabindex:5)
2024-05-05 23:35:47,584 [INFO] PluginManage:310 - Check plugin clock
2024-05-05 23:35:47,593 [INFO] PluginManage:359 - Loaded plugin clock (category:base,tabindex:2)
2024-05-05 23:35:47,594 [INFO] PluginManage:310 - Check plugin ddr
2024-05-05 23:35:47,596 [INFO] PluginManage:359 - Loaded plugin ddr (category:tool,tabindex:6)
2024-05-05 23:35:47,596 [INFO] PluginManage:310 - Check plugin filemanager
2024-05-05 23:35:47,731 [INFO] PluginManage:359 - Loaded plugin filemanager (category:base,tabindex:10)
2024-05-05 23:35:47,732 [INFO] PluginManage:310 - Check plugin ipmanager
2024-05-05 23:35:47,740 [INFO] PluginManage:359 - Loaded plugin ipmanager (category:base,tabindex:5)
2024-05-05 23:35:47,740 [INFO] PluginManage:310 - Check plugin lpbam
2024-05-05 23:35:47,746 [INFO] PluginManage:359 - Loaded plugin lpbam (category:base,tabindex:0)
2024-05-05 23:35:47,746 [INFO] PluginManage:310 - Check plugin memorymap
2024-05-05 23:35:47,755 [INFO] PluginManage:359 - Loaded plugin memorymap (category:base,tabindex:4)
2024-05-05 23:35:47,755 [INFO] PluginManage:310 - Check plugin pinoutandconfiguration
2024-05-05 23:35:47,760 [INFO] PluginManage:359 - Loaded plugin pinoutandconfiguration (category:base,tabindex:1)
2024-05-05 23:35:47,760 [INFO] PluginManage:310 - Check plugin pinoutconfig
2024-05-05 23:35:47,826 [WARN] SupportedApi:132 - Cannot load RTOS API schema: s4s-elt-must-match.1: The content of 'definitions' must match (annotation?, (simpleType | complexType)?, (unique | key | keyref)*)). A problem was found starting at: attribute.
2024-05-05 23:35:47,927 [INFO] PluginManage:359 - Loaded plugin pinoutconfig (category:base,tabindex:0)
2024-05-05 23:35:47,927 [INFO] PluginManage:310 - Check plugin power
2024-05-05 23:35:47,939 [INFO] PluginManage:359 - Loaded plugin power (category:power,tabindex:4)
2024-05-05 23:35:47,939 [INFO] PluginManage:310 - Check plugin projectmanager
2024-05-05 23:35:47,954 [INFO] PluginManage:359 - Loaded plugin projectmanager (category:projectmanager,tabindex:3)
2024-05-05 23:35:47,954 [INFO] PluginManage:310 - Check plugin thirdparty
2024-05-05 23:35:48,041 [INFO] PluginManage:359 - Loaded plugin thirdparty (category:base,tabindex:-1)
2024-05-05 23:35:48,041 [WARN] IntegrityCheckThread:84 - waiting for thirdparty lock release [integrity check]
2024-05-05 23:35:48,041 [INFO] PluginManage:310 - Check plugin tools
2024-05-05 23:35:48,041 [INFO] IntegrityCheckThread:86 - entering critical section [integrity check]
2024-05-05 23:35:48,041 [INFO] ThirdPartyUpdaterWithRetryManager:70 - Updater plugin not ready yet. [1/15]
2024-05-05 23:35:48,044 [INFO] PluginManage:359 - Loaded plugin tools (category:base,tabindex:7)
2024-05-05 23:35:48,044 [INFO] PluginManage:310 - Check plugin tutovideos
2024-05-05 23:35:48,174 [INFO] PluginManage:359 - Loaded plugin tutovideos (category:base,tabindex:-1)
2024-05-05 23:35:48,174 [INFO] PluginManage:310 - Check plugin updater
2024-05-05 23:35:48,182 [INFO] PluginManage:359 - Loaded plugin updater (category:base,tabindex:12)
2024-05-05 23:35:48,182 [INFO] PluginManage:310 - Check plugin userauth
2024-05-05 23:35:48,187 [INFO] UserAuth:114 - Init User Auth plugin
2024-05-05 23:35:48,187 [INFO] PluginManage:359 - Loaded plugin userauth (category:base,tabindex:14)
2024-05-05 23:35:48,188 [INFO] PluginManage:283 - PluginManage : Loaded plugins [17]
2024-05-05 23:35:48,359 [INFO] PinOutPanel:1561 - setPackage(No Configuration,No Configuration)
2024-05-05 23:35:48,433 [INFO] CADModel:165 - CPN selected for project level
2024-05-05 23:35:48,433 [INFO] CADModel:114 - Register for checkConnection events
2024-05-05 23:35:48,447 [INFO] IPUIPlugin:80 - create IPUIPlugin
2024-05-05 23:35:48,447 [INFO] PluginManager:220 - loadIPPluginJar : add adc
2024-05-05 23:35:48,449 [INFO] IPUIPlugin:80 - create IPUIPlugin
2024-05-05 23:35:48,449 [INFO] PluginManager:220 - loadIPPluginJar : add aes
2024-05-05 23:35:48,451 [INFO] IPUIPlugin:80 - create IPUIPlugin
2024-05-05 23:35:48,451 [INFO] PluginManager:220 - loadIPPluginJar : add can
2024-05-05 23:35:48,453 [INFO] IPUIPlugin:80 - create IPUIPlugin
2024-05-05 23:35:48,453 [INFO] PluginManager:220 - loadIPPluginJar : add comp
2024-05-05 23:35:48,454 [INFO] IPUIPlugin:80 - create IPUIPlugin
2024-05-05 23:35:48,454 [INFO] PluginManager:220 - loadIPPluginJar : add cryp
2024-05-05 23:35:48,456 [INFO] IPUIPlugin:80 - create IPUIPlugin
2024-05-05 23:35:48,456 [INFO] PluginManager:220 - loadIPPluginJar : add dfsdm
2024-05-05 23:35:48,459 [INFO] IPUIPlugin:80 - create IPUIPlugin
2024-05-05 23:35:48,459 [INFO] PluginManager:220 - loadIPPluginJar : add dma
2024-05-05 23:35:48,462 [INFO] IPUIPlugin:80 - create IPUIPlugin
2024-05-05 23:35:48,462 [INFO] PluginManager:220 - loadIPPluginJar : add dma3
2024-05-05 23:35:48,464 [INFO] IPUIPlugin:80 - create IPUIPlugin
2024-05-05 23:35:48,464 [INFO] PluginManager:220 - loadIPPluginJar : add extmemmanager
2024-05-05 23:35:48,465 [INFO] IPUIPlugin:80 - create IPUIPlugin
2024-05-05 23:35:48,465 [INFO] PluginManager:220 - loadIPPluginJar : add fatfs
2024-05-05 23:35:48,468 [INFO] IPUIPlugin:80 - create IPUIPlugin
2024-05-05 23:35:48,468 [INFO] PluginManager:220 - loadIPPluginJar : add fmc
2024-05-05 23:35:48,473 [INFO] IPUIPlugin:80 - create IPUIPlugin
2024-05-05 23:35:48,473 [INFO] PluginManager:220 - loadIPPluginJar : add freertos
2024-05-05 23:35:48,474 [INFO] IPUIPlugin:80 - create IPUIPlugin
2024-05-05 23:35:48,474 [INFO] PluginManager:220 - loadIPPluginJar : add genericplugin
2024-05-05 23:35:48,474 [INFO] IPUIPlugin:80 - create IPUIPlugin
2024-05-05 23:35:48,474 [INFO] PluginManager:220 - loadIPPluginJar : add gfxmmu
2024-05-05 23:35:48,479 [INFO] IPUIPlugin:80 - create IPUIPlugin
2024-05-05 23:35:48,480 [INFO] PluginManager:220 - loadIPPluginJar : add gic
2024-05-05 23:35:48,483 [INFO] IPUIPlugin:80 - create IPUIPlugin
2024-05-05 23:35:48,483 [INFO] PluginManager:220 - loadIPPluginJar : add gpio
2024-05-05 23:35:48,484 [INFO] IPUIPlugin:80 - create IPUIPlugin
2024-05-05 23:35:48,484 [INFO] PluginManager:220 - loadIPPluginJar : add gtzc
2024-05-05 23:35:48,486 [INFO] IPUIPlugin:80 - create IPUIPlugin
2024-05-05 23:35:48,486 [INFO] PluginManager:220 - loadIPPluginJar : add hash
2024-05-05 23:35:48,487 [INFO] IPUIPlugin:80 - create IPUIPlugin
2024-05-05 23:35:48,487 [INFO] PluginManager:220 - loadIPPluginJar : add i2c
2024-05-05 23:35:48,490 [INFO] IPUIPlugin:80 - create IPUIPlugin
2024-05-05 23:35:48,490 [INFO] PluginManager:220 - loadIPPluginJar : add i2s
2024-05-05 23:35:48,492 [INFO] IPUIPlugin:80 - create IPUIPlugin
2024-05-05 23:35:48,492 [INFO] PluginManager:220 - loadIPPluginJar : add i3c
2024-05-05 23:35:48,495 [INFO] IPUIPlugin:80 - create IPUIPlugin
2024-05-05 23:35:48,495 [INFO] PluginManager:220 - loadIPPluginJar : add ipddr
2024-05-05 23:35:48,500 [INFO] IPUIPlugin:80 - create IPUIPlugin
2024-05-05 23:35:48,500 [INFO] PluginManager:220 - loadIPPluginJar : add linkedlist
2024-05-05 23:35:48,502 [INFO] IPUIPlugin:80 - create IPUIPlugin
2024-05-05 23:35:48,502 [INFO] PluginManager:220 - loadIPPluginJar : add lorawan
2024-05-05 23:35:48,504 [INFO] IPUIPlugin:80 - create IPUIPlugin
2024-05-05 23:35:48,505 [INFO] PluginManager:220 - loadIPPluginJar : add ltdc
2024-05-05 23:35:48,509 [INFO] IPUIPlugin:80 - create IPUIPlugin
2024-05-05 23:35:48,509 [INFO] PluginManager:220 - loadIPPluginJar : add mdma
2024-05-05 23:35:48,512 [INFO] IPUIPlugin:80 - create IPUIPlugin
2024-05-05 23:35:48,513 [INFO] PluginManager:220 - loadIPPluginJar : add nvic
2024-05-05 23:35:48,515 [INFO] IPUIPlugin:80 - create IPUIPlugin
2024-05-05 23:35:48,515 [INFO] PluginManager:220 - loadIPPluginJar : add opamp
2024-05-05 23:35:48,517 [INFO] IPUIPlugin:80 - create IPUIPlugin
2024-05-05 23:35:48,517 [INFO] PluginManager:220 - loadIPPluginJar : add openamp
2024-05-05 23:35:48,519 [INFO] IPUIPlugin:80 - create IPUIPlugin
2024-05-05 23:35:48,519 [INFO] PluginManager:220 - loadIPPluginJar : add pdm2pcm
2024-05-05 23:35:48,523 [INFO] IPUIPlugin:80 - create IPUIPlugin
2024-05-05 23:35:48,525 [INFO] PluginManager:220 - loadIPPluginJar : add plateformsettings
2024-05-05 23:35:48,526 [INFO] IPUIPlugin:80 - create IPUIPlugin
2024-05-05 23:35:48,527 [INFO] PluginManager:220 - loadIPPluginJar : add quadspi
2024-05-05 23:35:48,529 [INFO] IPUIPlugin:80 - create IPUIPlugin
2024-05-05 23:35:48,529 [INFO] PluginManager:220 - loadIPPluginJar : add resmgrutility
2024-05-05 23:35:48,532 [INFO] IPUIPlugin:80 - create IPUIPlugin
2024-05-05 23:35:48,532 [INFO] PluginManager:220 - loadIPPluginJar : add sai
2024-05-05 23:35:48,534 [INFO] IPUIPlugin:80 - create IPUIPlugin
2024-05-05 23:35:48,534 [INFO] PluginManager:220 - loadIPPluginJar : add spi
2024-05-05 23:35:48,539 [INFO] IPUIPlugin:80 - create IPUIPlugin
2024-05-05 23:35:48,539 [INFO] PluginManager:220 - loadIPPluginJar : add stm32_wpan
2024-05-05 23:35:48,540 [INFO] IPUIPlugin:80 - create IPUIPlugin
2024-05-05 23:35:48,540 [INFO] PluginManager:220 - loadIPPluginJar : add tim
2024-05-05 23:35:48,542 [INFO] IPUIPlugin:80 - create IPUIPlugin
2024-05-05 23:35:48,543 [INFO] PluginManager:220 - loadIPPluginJar : add touchsensing
2024-05-05 23:35:48,544 [INFO] IPUIPlugin:80 - create IPUIPlugin
2024-05-05 23:35:48,544 [INFO] PluginManager:220 - loadIPPluginJar : add tracer_emb
2024-05-05 23:35:48,546 [INFO] IPUIPlugin:80 - create IPUIPlugin
2024-05-05 23:35:48,546 [INFO] PluginManager:220 - loadIPPluginJar : add ts
2024-05-05 23:35:48,547 [INFO] IPUIPlugin:80 - create IPUIPlugin
2024-05-05 23:35:48,547 [INFO] PluginManager:220 - loadIPPluginJar : add tsc
2024-05-05 23:35:48,548 [INFO] IPUIPlugin:80 - create IPUIPlugin
2024-05-05 23:35:48,548 [INFO] PluginManager:220 - loadIPPluginJar : add ucpd
2024-05-05 23:35:48,551 [INFO] IPUIPlugin:80 - create IPUIPlugin
2024-05-05 23:35:48,551 [INFO] PluginManager:220 - loadIPPluginJar : add usart
2024-05-05 23:35:48,552 [INFO] IPUIPlugin:80 - create IPUIPlugin
2024-05-05 23:35:48,553 [INFO] PluginManager:220 - loadIPPluginJar : add usbx
2024-05-05 23:35:48,671 [INFO] CADModel:165 - CPN selected for project level
2024-05-05 23:35:48,672 [INFO] CADModel:114 - Register for checkConnection events
2024-05-05 23:35:48,672 [FATAL] Updater:308 - Updater called before beeing initialized
2024-05-05 23:35:48,672 [ERROR] CADModel:125 - Updater not yet initialized, retry later 
2024-05-05 23:35:48,780 [INFO] CADModel:165 - CPN selected for project level
2024-05-05 23:35:48,781 [INFO] CADModel:114 - Register for checkConnection events
2024-05-05 23:35:48,781 [FATAL] Updater:308 - Updater called before beeing initialized
2024-05-05 23:35:48,781 [ERROR] CADModel:125 - Updater not yet initialized, retry later 
2024-05-05 23:35:48,783 [FATAL] Updater:308 - Updater called before beeing initialized
2024-05-05 23:35:48,868 [FATAL] Updater:308 - Updater called before beeing initialized
2024-05-05 23:35:48,873 [INFO] DbMcusAds:53 - JSON generation date=Thu Sep 30 02:55:09 EDT 2021 (1632984909247)
2024-05-05 23:35:48,874 [FATAL] Updater:308 - Updater called before beeing initialized
2024-05-05 23:35:48,904 [WARN] DetailPanel:346 - Failed to get advertising image, set to default
2024-05-05 23:35:48,981 [FATAL] Updater:308 - Updater called before beeing initialized
2024-05-05 23:35:48,982 [FATAL] Updater:308 - Updater called before beeing initialized
2024-05-05 23:35:48,982 [FATAL] Updater:308 - Updater called before beeing initialized
2024-05-05 23:35:48,982 [WARN] DetailPanel:346 - Failed to get advertising image, set to default
2024-05-05 23:35:48,983 [FATAL] Updater:308 - Updater called before beeing initialized
2024-05-05 23:35:49,024 [ERROR] Updater:1120 - MainUpdater not yet initialized. External WinMGr cannot be set.
2024-05-05 23:35:49,025 [INFO] Updater:1056 - Updater Version found : 6.11.1
2024-05-05 23:35:49,038 [INFO] ApplicationProperties:184 - Using Application install path: C:\ST\STM32CubeIDE_1.15.1\STM32CubeIDE\plugins\com.st.stm32cube.common.mx_6.11.1.202404110753
2024-05-05 23:35:50,611 [ERROR] LogOutputStream:75 - [STDERR_REDIRECT] May 05, 2024 11:35:50 PM java.util.prefs.WindowsPreferences <init>
2024-05-05 23:35:50,613 [ERROR] LogOutputStream:75 - [STDERR_REDIRECT] WARNING: Could not open/create prefs root node Software\JavaSoft\Prefs at root 0xffffffff80000002. Windows RegCreateKeyEx(...) returned error code 5.
2024-05-05 23:35:50,613 [ERROR] LogOutputStream:75 - [STDERR_REDIRECT] 
2024-05-05 23:35:50,851 [INFO] MainUpdater:2873 - connection check result : 10
2024-05-05 23:35:50,852 [INFO] MainUpdater:290 - Updater Check For Update Now.
2024-05-05 23:35:50,852 [INFO] MicroXplorer:498 - Change Database Version : DB.6.0.111
2024-05-05 23:35:50,858 [INFO] McuFinderGlobals:63 - Set McuFinder mode to 2 (CubeIDE integrated)
2024-05-05 23:35:50,858 [INFO] UserAuth:179 - activating auth plugin
2024-05-05 23:35:50,861 [INFO] UserAuth:415 - Internet connection configuration mode: 1
2024-05-05 23:35:50,876 [INFO] JxBrowserEngine:152 - Initiate JxBrowser Engine with user profile folder
2024-05-05 23:35:51,020 [INFO] CheckServerUpdateThread:120 - End of CheckServer Thread
2024-05-05 23:35:51,211 [WARN] PackLoader:240 - Cannot read IP mode file for STMicroelectronics.FP-SNS-MOTENVWB1.1.4.0
2024-05-05 23:35:51,221 [WARN] PackLoader:240 - Cannot read IP mode file for STMicroelectronics.X-CUBE-SMBUS.2.1.0
2024-05-05 23:35:51,226 [WARN] PackLoader:240 - Cannot read IP mode file for STMicroelectronics.X-CUBE-TOUCHGFX.4.23.2
2024-05-05 23:35:51,256 [WARN] PackLoader:240 - Cannot read IP mode file for STMicroelectronics.X-CUBE-AZRTOS-F7.1.1.0
2024-05-05 23:35:51,264 [WARN] PackLoader:240 - Cannot read IP mode file for STMicroelectronics.FP-SNS-FLIGHT1.5.0.2
2024-05-05 23:35:51,272 [WARN] PackLoader:240 - Cannot read IP mode file for STMicroelectronics.X-CUBE-DISPLAY.3.0.0
2024-05-05 23:35:51,291 [WARN] PackLoader:240 - Cannot read IP mode file for STMicroelectronics.X-CUBE-BLE1.7.0.0
2024-05-05 23:35:51,297 [WARN] PackLoader:240 - Cannot read IP mode file for emotas.I-CUBE-CANOPEN.1.3.0
2024-05-05 23:35:51,316 [WARN] PackLoader:240 - Cannot read IP mode file for STMicroelectronics.X-CUBE-BLEMGR.3.1.0
2024-05-05 23:35:51,330 [WARN] PackLoader:240 - Cannot read IP mode file for STMicroelectronics.FP-SNS-SMARTAG2.1.2.0
2024-05-05 23:35:51,352 [INFO] LogOutputStream:77 - [STDOUT_REDIRECT] 1 : Invalid condition id : UX_CORESTACK_Condition cause : null
2024-05-05 23:35:51,353 [INFO] LogOutputStream:77 - [STDOUT_REDIRECT] 1 : Invalid condition id : UX_CORESTACK_Condition cause : null
2024-05-05 23:35:51,355 [INFO] LogOutputStream:77 - [STDOUT_REDIRECT] 1 : Invalid condition id : UX_CORESTACK_Condition cause : null
2024-05-05 23:35:51,357 [INFO] LogOutputStream:77 - [STDOUT_REDIRECT] 1 : Invalid condition id : UX_CORESTACK_Condition cause : null
2024-05-05 23:35:51,360 [INFO] LogOutputStream:77 - [STDOUT_REDIRECT] 1 : Invalid condition id : UX_CORESTACK_Condition cause : null
2024-05-05 23:35:51,373 [WARN] PackLoader:240 - Cannot read IP mode file for STMicroelectronics.X-CUBE-AZRTOS-WL.2.0.0
2024-05-05 23:35:51,385 [WARN] PackLoader:240 - Cannot read IP mode file for STMicroelectronics.FP-SNS-MOTENV1.5.0.0
2024-05-05 23:35:51,401 [WARN] PackLoader:240 - Cannot read IP mode file for WES.I-CUBE-Cesium.1.3.0
2024-05-05 23:35:51,411 [WARN] PackLoader:240 - Cannot read IP mode file for STMicroelectronics.X-CUBE-BLE2.3.3.0
2024-05-05 23:35:51,423 [WARN] PackLoader:240 - Cannot read IP mode file for STMicroelectronics.X-CUBE-TCPP.4.1.0
2024-05-05 23:35:51,438 [WARN] PackLoader:240 - Cannot read IP mode file for STMicroelectronics.X-CUBE-ALGOBUILD.1.3.0
2024-05-05 23:35:51,473 [WARN] PackLoader:240 - Cannot read IP mode file for STMicroelectronics.X-CUBE-AZRTOS-G0.1.1.0
2024-05-05 23:35:51,488 [WARN] PackLoader:240 - Cannot read IP mode file for STMicroelectronics.X-CUBE-SAFEA1.1.2.2
2024-05-05 23:35:51,495 [WARN] PackLoader:240 - Cannot read IP mode file for STMicroelectronics.X-CUBE-NFC4.3.0.0
2024-05-05 23:35:51,502 [WARN] PackLoader:240 - Cannot read IP mode file for wolfSSL.I-CUBE-wolfSSL.5.7.0
2024-05-05 23:35:51,506 [WARN] PackLoader:240 - Cannot read IP mode file for STMicroelectronics.FP-ATR-SIGFOX1.3.2.0
2024-05-05 23:35:51,515 [WARN] PackLoader:240 - Cannot read IP mode file for STMicroelectronics.X-CUBE-EEPRMA1.5.1.0
2024-05-05 23:35:51,525 [WARN] PackLoader:240 - Cannot read IP mode file for ITTIA_DB.I-CUBE-ITTIADB.8.9.0
2024-05-05 23:35:51,554 [WARN] PackLoader:240 - Cannot read IP mode file for SEGGER.I-CUBE-embOS.1.3.1
2024-05-05 23:35:51,605 [WARN] PackLoader:240 - Cannot read IP mode file for STMicroelectronics.X-CUBE-GNSS1.6.0.0
2024-05-05 23:35:51,609 [INFO] WebApp:161 - Instantiating new browser for Auth
2024-05-05 23:35:51,631 [WARN] PackLoader:240 - Cannot read IP mode file for STMicroelectronics.X-CUBE-AZRTOS-F4.1.1.0
2024-05-05 23:35:51,656 [WARN] PackLoader:240 - Cannot read IP mode file for STMicroelectronics.X-CUBE-FREERTOS.1.2.0
2024-05-05 23:35:51,694 [WARN] PackLoader:240 - Cannot read IP mode file for STMicroelectronics.X-CUBE-AZRTOS-L5.2.0.0
2024-05-05 23:35:51,706 [WARN] PackLoader:240 - Cannot read IP mode file for STMicroelectronics.X-CUBE-NFC6.3.1.0
2024-05-05 23:35:51,715 [WARN] PackLoader:240 - Cannot read IP mode file for STMicroelectronics.X-CUBE-AI.9.0.0
2024-05-05 23:35:51,722 [WARN] PackLoader:240 - Cannot read IP mode file for STMicroelectronics.X-CUBE-NFC7.1.0.1
2024-05-05 23:35:51,746 [WARN] ConditionMgr:438 - getConditionDescription Invalid condition id : LAN8742 Phy interface Condition cause : null
2024-05-05 23:35:51,747 [WARN] PackLoader:240 - Cannot read IP mode file for STMicroelectronics.X-CUBE-AZRTOS-L4.2.0.0
2024-05-05 23:35:51,749 [WARN] ConditionMgr:1039 - genDependencies : Invalid condition id : LAN8742 Phy interface Condition cause : null
2024-05-05 23:35:51,749 [WARN] ConditionMgr:1039 - genDependencies : Invalid condition id : LAN8742 Phy interface Condition cause : null
2024-05-05 23:35:51,749 [WARN] ConditionMgr:1039 - genDependencies : Invalid condition id : LAN8742 Phy interface Condition cause : null
2024-05-05 23:35:51,760 [WARN] PackLoader:240 - Cannot read IP mode file for STMicroelectronics.X-CUBE-SFXS2LP1.4.0.0
2024-05-05 23:35:51,778 [WARN] ConditionMgr:438 - getConditionDescription Invalid condition id : UX DEVICE CLASS RTOS Condition cause : null
2024-05-05 23:35:51,778 [WARN] ConditionMgr:438 - getConditionDescription Invalid condition id : UX DEVICE CLASS RTOS Condition cause : null
2024-05-05 23:35:51,781 [WARN] PackLoader:240 - Cannot read IP mode file for STMicroelectronics.X-CUBE-AZRTOS-WB.2.0.0
2024-05-05 23:35:51,781 [WARN] ConditionMgr:1039 - genDependencies : Invalid condition id : UX DEVICE CLASS RTOS Condition cause : null
2024-05-05 23:35:51,781 [WARN] ConditionMgr:1039 - genDependencies : Invalid condition id : UX DEVICE CLASS RTOS Condition cause : null
2024-05-05 23:35:51,782 [WARN] ConditionMgr:1039 - genDependencies : Invalid condition id : UX DEVICE CLASS RTOS Condition cause : null
2024-05-05 23:35:51,782 [WARN] ConditionMgr:1039 - genDependencies : Invalid condition id : UX DEVICE CLASS RTOS Condition cause : null
2024-05-05 23:35:51,783 [WARN] ConditionMgr:1039 - genDependencies : Invalid condition id : UX DEVICE CLASS RTOS Condition cause : null
2024-05-05 23:35:51,795 [WARN] PackLoader:240 - Cannot read IP mode file for STMicroelectronics.X-CUBE-SUBG2.5.0.0
2024-05-05 23:35:51,820 [WARN] PackLoader:240 - Cannot read IP mode file for STMicroelectronics.X-CUBE-AZRTOS-G4.2.0.0
2024-05-05 23:35:51,826 [WARN] PackLoader:240 - Cannot read IP mode file for STMicroelectronics.X-CUBE-ISPU.2.0.0
2024-05-05 23:35:51,877 [WARN] PackLoader:240 - Cannot read IP mode file for STMicroelectronics.X-CUBE-MEMS1.10.0.0
2024-05-05 23:35:52,002 [WARN] PackLoader:240 - Cannot read IP mode file for portGmbH.I-Cube-SoM-uGOAL.1.1.0
2024-05-05 23:35:52,007 [WARN] PackLoader:240 - Cannot read IP mode file for STMicroelectronics.X-CUBE-ALS.1.0.1
2024-05-05 23:35:52,021 [WARN] PackLoader:240 - Cannot read IP mode file for STMicroelectronics.X-CUBE-AZRTOS-H7RS.1.0.0
2024-05-05 23:35:52,025 [WARN] PackLoader:240 - Cannot read IP mode file for STMicroelectronics.FP-ATR-ASTRA1.2.0.0
2024-05-05 23:35:52,033 [WARN] PackLoader:240 - Cannot read IP mode file for STMicroelectronics.X-CUBE-TOF1.3.4.1
2024-05-05 23:35:52,063 [WARN] PackLoader:240 - Cannot read IP mode file for STMicroelectronics.X-CUBE-AZRTOS-H7.3.2.0
2024-05-05 23:35:52,076 [WARN] PackLoader:240 - Cannot read IP mode file for Infineon.AIROC-Wi-Fi-Bluetooth-STM32.1.6.0
2024-05-05 23:35:52,081 [INFO] ThirdParty:978 - Integrity check success = true
2024-05-05 23:35:52,081 [INFO] IntegrityCheckThread:100 - exiting critical section [integrity check]
2024-05-05 23:35:52,081 [INFO] IntegrityCheckThread:103 - End integrity checks thread
2024-05-05 23:35:52,320 [INFO] WebApp:779 - Register for checkConnection events
2024-05-05 23:35:52,321 [INFO] WebApp:414 - Apply proxy settings
2024-05-05 23:35:52,321 [INFO] WebApp:499 - Chromium requires no authentication
2024-05-05 23:35:52,326 [INFO] WebApp:442 - Direct internet connection detected
2024-05-05 23:35:52,482 [INFO] WebApp:192 - Starting web application
2024-05-05 23:35:52,482 [INFO] WebApp:544 - Web application path used C:\ST\STM32CubeIDE_1.15.1\STM32CubeIDE\plugins\com.st.stm32cube.common.mx_6.11.1.202404110753\db\plugins\mcufinder\reactClient1\index.html
2024-05-05 23:45:41,358 [ERROR] LogOutputStream:75 - [STDERR_REDIRECT] 
2024-05-05 23:45:41,359 [ERROR] LogOutputStream:75 - [STDERR_REDIRECT] 
